STDOUT
AutoDock Vina v1.2.7
#################################################################
# If you used AutoDock Vina in your work, please cite:          #
#                                                               #
# J. Eberhardt, D. Santos-Martins, A. F. Tillack, and S. Forli  #
# AutoDock Vina 1.2.0: New Docking Methods, Expanded Force      #
# Field, and Python Bindings, J. Chem. Inf. Model. (2021)       #
# DOI 10.1021/acs.jcim.1c00203                                  #
#                                                               #
# O. Trott, A. J. Olson,                                        #
# AutoDock Vina: improving the speed and accuracy of docking    #
# with a new scoring function, efficient optimization and       #
# multithreading, J. Comp. Chem. (2010)                         #
# DOI 10.1002/jcc.21334                                         #
#                                                               #
# Please see https://github.com/ccsb-scripps/AutoDock-Vina for  #
# more information.                                             #
#################################################################

Scoring function : vina
Rigid receptor: /Users/ario/conserved_site_project/07b_mut_docking_v2/Y258F_F225Y/Y258F_F225Y_apo.pdbqt
Ligand: /Users/ario/conserved_site_project/05b_ligand_v2/dump.pdbqt
Grid center: X 3.466 Y 4.741 Z 7.778
Grid size  : X 18 Y 18 Z 18
Grid space : 0.375
Exhaustiveness: 32
CPU: 4
Verbosity: 1

Computing Vina grid ... done.
Performing docking (random seed: 42) ... 
0%   10   20   30   40   50   60   70   80   90   100%
|----|----|----|----|----|----|----|----|----|----|
***************************************************

mode |   affinity | dist from best mode
     | (kcal/mol) | rmsd l.b.| rmsd u.b.
-----+------------+----------+----------
   1       -7.081          0          0
   2       -7.023      1.223      1.538
   3       -6.933      1.832      2.514
   4       -6.879      2.868      6.065
   5       -6.283      2.325       3.07
   6       -6.175      2.847      5.698
   7       -6.086      2.053      3.307
   8       -5.974      3.086      6.031
   9       -5.969      2.027      2.883
  10       -5.647      3.508      6.314
  11       -5.561       3.08      5.767
  12       -5.367      3.162      5.611
  13       -5.274      1.764      2.315
  14       -5.107      2.798      5.433
  15       -5.044      3.051        6.3
  16       -4.773      4.299      6.542
  17       -4.576      3.285      6.349
  18       -4.432      2.461      4.232
  19       -4.401      2.512      5.138
  20       -3.358      2.236      3.527

STDERR
