
                         MODELLER 10.8, 2025/11/04, r13157

     PROTEIN STRUCTURE MODELLING BY SATISFACTION OF SPATIAL RESTRAINTS


                     Copyright(c) 1989-2025 Andrej Sali
                            All Rights Reserved

                             Written by A. Sali
                               with help from
              B. Webb, M.S. Madhusudhan, M-Y. Shen, G.Q. Dong,
          M.A. Marti-Renom, N. Eswar, F. Alber, M. Topf, B. Oliva,
             A. Fiser, R. Sanchez, B. Yerkovich, A. Badretdinov,
                     F. Melo, J.P. Overington, E. Feyfant
                 University of California, San Francisco, USA
                    Rockefeller University, New York, USA
                      Harvard University, Cambridge, USA
                   Imperial Cancer Research Fund, London, UK
              Birkbeck College, University of London, London, UK


Kind, OS, HostName, Kernel, Processor: 4, Darwin Arios-MacBook-Pro-2.local 25.4.0 arm64
Date and time of compilation         : 2025/11/04 09:59:27
MODELLER executable type             : mac12arm64-gnu
Job starting time (YY/MM/DD HH:MM:SS): 2026/05/12 19:58:45

Resume: refinement models 9..10, md_level=refine.very_slow

check_ali___> Checking pairwise structural superpositions. 

Equivalent CA pairs with distance difference larger than  6.0 angstroms:

ALN_POS TMPL1 TMPL2  RID1  RID2  NAM1  NAM2     DIST
----------------------------------------------------
     24     1     2   43    24      D     D    8.103
     25     1     2   44    25      R     R   12.695
     26     1     2   45    26      T     T   10.608
     27     1     2   46    27      G     G    7.587
     88     1     2  106   101      N     D   12.702
     24     2     3   24    73      D     D    6.977
     25     2     3   25    74      R     R   11.602
     26     2     3   26    75      T     T   10.013
     88     2     3  101   136      D     N   12.632
END OF TABLE

check_ali___> Checking the sequence-structure alignment. 

Implied intrachain target CA(i)-CA(i+1) distances longer than  8.0 angstroms:

ALN_POS  TMPL  RID1  RID2  NAM1  NAM2     DIST
----------------------------------------------
     87     2   87   101      A     N   16.126
END OF TABLE
read_to_681_> topology.submodel read from topology file:        3
The following 9 residues contain 6-membered rings with poor geometries
after transfer from templates. Rebuilding rings from internal coordinates:
   <Residue 39:A (type TYR)>
   <Residue 91:A (type PHE)>
   <Residue 97:A (type PHE)>
   <Residue 109:A (type TYR)>
   <Residue 175:A (type PHE)>
   <Residue 176:A (type TYR)>
   <Residue 204:A (type TYR)>
   <Residue 209:A (type TYR)>
   <Residue 232:A (type TYR)>
0 atoms in HETATM/BLK residues constrained
to protein atoms within 2.30 angstroms
and protein CA atoms within 10.00 angstroms
0 atoms in residues without defined topology
constrained to be rigid bodies
condens_443_> Restraints marked for deletion were removed.
              Total number of restraints before, now:    33120    31017
>> Model assessment by DOPE potential


>> ENERGY; Differences between the model's features and restraints:
Number of all residues in MODEL                   :      287
Number of all, selected real atoms                :     2319    2319
Number of all, selected pseudo atoms              :        0       0
Number of all static, selected restraints         :    31017   31017
COVALENT_CYS                                      :        F
NONBONDED_SEL_ATOMS                               :        1
Number of non-bonded pairs (excluding 1-2,1-3,1-4):   466139
Dynamic pairs routine                             : 1, NATM x NATM double loop
Atomic shift for contacts update (UPDATE_DYNAMIC) :    0.390
LENNARD_JONES_SWITCH                              :    6.500   7.500
COULOMB_JONES_SWITCH                              :    6.500   7.500
RESIDUE_SPAN_RANGE                                :        1    9999
NLOGN_USE                                         :       15
CONTACT_SHELL                                     :   15.000
DYNAMIC_PAIRS,_SPHERE,_COULOMB,_LENNARD,_MODELLER :        T       F       F       F       T
SPHERE_STDV                                       :    0.050
RADII_FACTOR                                      :    0.820
Current energy                                    :      -35801.0938




<< end of ENERGY.
DOPE score               : -35801.093750
>> Model assessment by GA341 potential

Surface library          : /Library/modeller-10.8/modlib/surf5.de
Pair library             : /Library/modeller-10.8/modlib/pair9.de
Chain identifier         : _
% sequence identity      :    92.500000
Sequence length          :          287
Compactness              :     0.382796
Native energy (pair)     :  -239.373670
Native energy (surface)  :   -20.208750
Native energy (combined) :    -9.537208
Z score (pair)           :    -7.677427
Z score (surface)        :    -7.725015
Z score (combined)       :   -11.368522
GA341 score              :     1.000000



>> ENERGY; Differences between the model's features and restraints:
Number of all residues in MODEL                   :      287
Number of all, selected real atoms                :     2319    2319
Number of all, selected pseudo atoms              :        0       0
Number of all static, selected restraints         :    31017   31017
COVALENT_CYS                                      :        F
NONBONDED_SEL_ATOMS                               :        1
Number of non-bonded pairs (excluding 1-2,1-3,1-4):     4718
Dynamic pairs routine                             : 2, NATM x NATM cell sorting
Atomic shift for contacts update (UPDATE_DYNAMIC) :    0.390
LENNARD_JONES_SWITCH                              :    6.500   7.500
COULOMB_JONES_SWITCH                              :    6.500   7.500
RESIDUE_SPAN_RANGE                                :        0   99999
NLOGN_USE                                         :       15
CONTACT_SHELL                                     :    4.000
DYNAMIC_PAIRS,_SPHERE,_COULOMB,_LENNARD,_MODELLER :        T       T       F       F       F
SPHERE_STDV                                       :    0.050
RADII_FACTOR                                      :    0.820
Current energy                                    :        9711.8369





Summary of the restraint violations: 

   NUM     ... number of restraints.
   NUMVI   ... number of restraints with RVIOL > VIOL_REPORT_CUT[i].
   RVIOL   ... relative difference from the best value.
   NUMVP   ... number of restraints with -Ln(pdf) > VIOL_REPORT_CUT2[i].
   RMS_1   ... RMS(feature, minimally_violated_basis_restraint, NUMB).
   RMS_2   ... RMS(feature, best_value, NUMB).
   MOL.PDF ... scaled contribution to -Ln(Molecular pdf).

 #                     RESTRAINT_GROUP      NUM   NUMVI  NUMVP   RMS_1   RMS_2         MOL.PDF     S_i
------------------------------------------------------------------------------------------------------
 1 Bond length potential              :    2379       0      0   0.006   0.006      21.121       1.000
 2 Bond angle potential               :    3218       0      8   2.073   2.073      270.52       1.000
 3 Stereochemical cosine torsion poten:    1556       0     44  46.508  46.508      523.24       1.000
 4 Stereochemical improper torsion pot:     986       0      0   1.176   1.176      32.539       1.000
 5 Soft-sphere overlap restraints     :    4718       0      0   0.001   0.001     0.86630       1.000
 6 Lennard-Jones 6-12 potential       :       0       0      0   0.000   0.000      0.0000       1.000
 7 Coulomb point-point electrostatic p:       0       0      0   0.000   0.000      0.0000       1.000
 8 H-bonding potential                :       0       0      0   0.000   0.000      0.0000       1.000
 9 Distance restraints 1 (CA-CA)      :    6039       7      0   0.254   0.254      1011.4       1.000
10 Distance restraints 2 (N-O)        :    6252      11      3   0.306   0.306      1116.1       1.000
11 Mainchain Phi dihedral restraints  :       0       0      0   0.000   0.000      0.0000       1.000
12 Mainchain Psi dihedral restraints  :       0       0      0   0.000   0.000      0.0000       1.000
13 Mainchain Omega dihedral restraints:     286       0      2   4.289   4.289      62.051       1.000
14 Sidechain Chi_1 dihedral restraints:     250       0      0  41.251  41.251     -18.198       1.000
15 Sidechain Chi_2 dihedral restraints:     206       0      2  45.026  45.026      29.611       1.000
16 Sidechain Chi_3 dihedral restraints:      89       0      0  58.356  58.356      47.691       1.000
17 Sidechain Chi_4 dihedral restraints:      34       0      0  95.360  95.360      22.368       1.000
18 Disulfide distance restraints      :       0       0      0   0.000   0.000      0.0000       1.000
19 Disulfide angle restraints         :       0       0      0   0.000   0.000      0.0000       1.000
20 Disulfide dihedral angle restraints:       0       0      0   0.000   0.000      0.0000       1.000
21 Lower bound distance restraints    :       0       0      0   0.000   0.000      0.0000       1.000
22 Upper bound distance restraints    :       0       0      0   0.000   0.000      0.0000       1.000
23 Distance restraints 3 (SDCH-MNCH)  :    5307       0      0   0.302   0.302      3446.5       1.000
24 Sidechain Chi_5 dihedral restraints:       0       0      0   0.000   0.000      0.0000       1.000
25 Phi/Psi pair of dihedral restraints:     285       6     31  23.091  31.318      81.708       1.000
26 Distance restraints 4 (SDCH-SDCH)  :    4130       0     10   0.659   0.659      3064.3       1.000
27 Distance restraints 5 (X-Y)        :       0       0      0   0.000   0.000      0.0000       1.000
28 NMR distance restraints 6 (X-Y)    :       0       0      0   0.000   0.000      0.0000       1.000
29 NMR distance restraints 7 (X-Y)    :       0       0      0   0.000   0.000      0.0000       1.000
30 Minimal distance restraints        :       0       0      0   0.000   0.000      0.0000       1.000
31 Non-bonded restraints              :       0       0      0   0.000   0.000      0.0000       1.000
32 Atomic accessibility restraints    :       0       0      0   0.000   0.000      0.0000       1.000
33 Atomic density restraints          :       0       0      0   0.000   0.000      0.0000       1.000
34 Absolute position restraints       :       0       0      0   0.000   0.000      0.0000       1.000
35 Dihedral angle difference restraint:       0       0      0   0.000   0.000      0.0000       1.000
36 GBSA implicit solvent potential    :       0       0      0   0.000   0.000      0.0000       1.000
37 EM density fitting potential       :       0       0      0   0.000   0.000      0.0000       1.000
38 SAXS restraints                    :       0       0      0   0.000   0.000      0.0000       1.000
39 Symmetry restraints                :       0       0      0   0.000   0.000      0.0000       1.000



# Heavy relative violation of each residue is written to: target.V99990009
# The profile is NOT normalized by the number of restraints.
# The profiles are smoothed over a window of residues:    1
# The sum of all numbers in the file:   24113.7539



List of the violated restraints:
   A restraint is violated when the relative difference
   from the best value (RVIOL) is larger than CUTOFF.

   ICSR   ... index of a restraint in the current set.
   RESNO  ... residue numbers of the first two atoms.
   ATM    ... IUPAC atom names of the first two atoms.
   FEAT   ... the value of the feature in the model.
   restr  ... the mean of the basis restraint with the smallest
              difference from the model (local minimum).
   viol   ... difference from the local minimum.
   rviol  ... relative difference from the local minimum.
   RESTR  ... the best value (global minimum).
   VIOL   ... difference from the best value.
   RVIOL  ... relative difference from the best value.


-------------------------------------------------------------------------------------------------

Feature  9                           : Distance restraints 1 (CA-CA)           
List of the RVIOL violations larger than   :       4.5000

    #   ICSR  RESNO1/2 ATM1/2   INDATM1/2    FEAT   restr    viol   rviol   RESTR    VIOL   RVIOL
    1  10018  24R  28G CA  CA    190  219    8.57    4.68    3.89    9.98    4.68    3.89    9.98
    2  10036  24R 233L CA  CA    190 1855   13.30    5.73    7.57   15.53    5.73    7.57   15.53
    3  10037  24R 234N CA  CA    190 1863   14.49    7.44    7.05   13.69    7.44    7.05   13.69
    4  10056  25T 233L CA  CA    201 1855   11.22    7.59    3.63    6.48    7.59    3.63    6.48
    5  10069  26G 233L CA  CA    208 1855   10.34    6.53    3.81    7.38    6.53    3.81    7.38
    6  10074  26G 238P CA  CA    208 1898   19.17   13.97    5.20   10.61   13.97    5.20   10.61
    7  10075  26G 283M CA  CA    208 2283   15.91   11.42    4.49    8.44   11.42    4.49    8.44

-------------------------------------------------------------------------------------------------

Feature 10                           : Distance restraints 2 (N-O)             
List of the RVIOL violations larger than   :       4.5000

    #   ICSR  RESNO1/2 ATM1/2   INDATM1/2    FEAT   restr    viol   rviol   RESTR    VIOL   RVIOL
    1  15752  24R 233L N   O     189 1861   14.62    8.14    6.48   13.37    8.14    6.48   13.37
    2  15763  25T 233L N   O     200 1861   13.57    7.50    6.07   12.12    7.50    6.07   12.12
    3  15774  26G 233L N   O     207 1861   12.17    7.23    4.94   10.47    7.23    4.94   10.47
    4  15775  26G 234N N   O     207 1869   13.34    8.22    5.12   10.07    8.22    5.12   10.07
    5  20630 233L  24R N   O    1854  199   12.27    6.15    6.11   12.66    6.15    6.11   12.66
    6  20631 233L  25T N   O    1854  206   10.23    7.91    2.32    5.23    7.91    2.32    5.23
    7  20649 234N  24R N   O    1862  199   13.17    5.23    7.94   15.07    5.23    7.94   15.07
    8  20667 235H  24R N   O    1870  199   14.89    7.93    6.96   13.97    7.93    6.96   13.97

-------------------------------------------------------------------------------------------------

Feature 25                           : Phi/Psi pair of dihedral restraints     
List of the RVIOL violations larger than   :       6.5000

    #   ICSR  RESNO1/2 ATM1/2   INDATM1/2    FEAT   restr    viol   rviol   RESTR    VIOL   RVIOL
    1   8165  26G  27T C   N     209  211  -80.08  -78.10    6.22    0.33  -63.20  174.81   23.54
    1         27T  27T N   CA    211  212  143.91  149.80                  -42.10
    2   8181  42R  43D C   N     333  335   61.90   54.50   22.28    1.15  -63.30  138.79   23.68
    2         43D  43D N   CA    335  336   19.88   40.90                  -40.00
    3   8235  96G  97F C   N     768  770  -81.52  -63.20   55.62    6.63  -63.20   55.62    6.63
    3         97F  97F N   CA    770  771    8.21  -44.30                  -44.30
    4   8253 114R 115H C   N     920  922 -102.26  -63.20   64.47    6.96  -63.20   64.47    6.96
    4        115H 115H N   CA    922  923    8.99  -42.30                  -42.30
    5   8358 219P 220G C   N    1749 1751  -87.85  -62.40   40.20    7.33  -62.40   40.20    7.33
    5        220G 220G N   CA   1751 1752  -72.32  -41.20                  -41.20
    6   8423 284E 285M C   N    2297 2299  174.33 -125.60   60.10    2.43  -63.40 -143.28   26.82
    6        285M 285M N   CA   2299 2300  138.43  140.50                  -40.50


report______> Distribution of short non-bonded contacts:


DISTANCE1:  0.00 2.10 2.20 2.30 2.40 2.50 2.60 2.70 2.80 2.90 3.00 3.10 3.20 3.30 3.40
DISTANCE2:  2.10 2.20 2.30 2.40 2.50 2.60 2.70 2.80 2.90 3.00 3.10 3.20 3.30 3.40 3.50
FREQUENCY:     0    0    0    0    0    6   20   62  119  183  192  239  322  333  364


<< end of ENERGY.
>> Model assessment by DOPE potential


>> ENERGY; Differences between the model's features and restraints:
Number of all residues in MODEL                   :      287
Number of all, selected real atoms                :     2319    2319
Number of all, selected pseudo atoms              :        0       0
Number of all static, selected restraints         :    31017   31017
COVALENT_CYS                                      :        F
NONBONDED_SEL_ATOMS                               :        1
Number of non-bonded pairs (excluding 1-2,1-3,1-4):   468209
Dynamic pairs routine                             : 1, NATM x NATM double loop
Atomic shift for contacts update (UPDATE_DYNAMIC) :    0.390
LENNARD_JONES_SWITCH                              :    6.500   7.500
COULOMB_JONES_SWITCH                              :    6.500   7.500
RESIDUE_SPAN_RANGE                                :        1    9999
NLOGN_USE                                         :       15
CONTACT_SHELL                                     :   15.000
DYNAMIC_PAIRS,_SPHERE,_COULOMB,_LENNARD,_MODELLER :        T       F       F       F       T
SPHERE_STDV                                       :    0.050
RADII_FACTOR                                      :    0.820
Current energy                                    :      -35743.5000




<< end of ENERGY.
DOPE score               : -35743.500000
>> Model assessment by GA341 potential

Surface library          : /Library/modeller-10.8/modlib/surf5.de
Pair library             : /Library/modeller-10.8/modlib/pair9.de
Chain identifier         : _
% sequence identity      :    92.500000
Sequence length          :          287
Compactness              :     0.374282
Native energy (pair)     :  -233.303649
Native energy (surface)  :   -20.395532
Native energy (combined) :    -9.498980
Z score (pair)           :    -7.664266
Z score (surface)        :    -7.818808
Z score (combined)       :   -10.424614
GA341 score              :     1.000000



>> ENERGY; Differences between the model's features and restraints:
Number of all residues in MODEL                   :      287
Number of all, selected real atoms                :     2319    2319
Number of all, selected pseudo atoms              :        0       0
Number of all static, selected restraints         :    31017   31017
COVALENT_CYS                                      :        F
NONBONDED_SEL_ATOMS                               :        1
Number of non-bonded pairs (excluding 1-2,1-3,1-4):     4831
Dynamic pairs routine                             : 2, NATM x NATM cell sorting
Atomic shift for contacts update (UPDATE_DYNAMIC) :    0.390
LENNARD_JONES_SWITCH                              :    6.500   7.500
COULOMB_JONES_SWITCH                              :    6.500   7.500
RESIDUE_SPAN_RANGE                                :        0   99999
NLOGN_USE                                         :       15
CONTACT_SHELL                                     :    4.000
DYNAMIC_PAIRS,_SPHERE,_COULOMB,_LENNARD,_MODELLER :        T       T       F       F       F
SPHERE_STDV                                       :    0.050
RADII_FACTOR                                      :    0.820
Current energy                                    :        9805.2803





Summary of the restraint violations: 

   NUM     ... number of restraints.
   NUMVI   ... number of restraints with RVIOL > VIOL_REPORT_CUT[i].
   RVIOL   ... relative difference from the best value.
   NUMVP   ... number of restraints with -Ln(pdf) > VIOL_REPORT_CUT2[i].
   RMS_1   ... RMS(feature, minimally_violated_basis_restraint, NUMB).
   RMS_2   ... RMS(feature, best_value, NUMB).
   MOL.PDF ... scaled contribution to -Ln(Molecular pdf).

 #                     RESTRAINT_GROUP      NUM   NUMVI  NUMVP   RMS_1   RMS_2         MOL.PDF     S_i
------------------------------------------------------------------------------------------------------
 1 Bond length potential              :    2379       0      0   0.006   0.006      20.611       1.000
 2 Bond angle potential               :    3218       0      7   2.110   2.110      279.01       1.000
 3 Stereochemical cosine torsion poten:    1556       0     42  46.301  46.301      519.87       1.000
 4 Stereochemical improper torsion pot:     986       0      0   1.198   1.198      33.947       1.000
 5 Soft-sphere overlap restraints     :    4831       0      0   0.001   0.001     0.73688       1.000
 6 Lennard-Jones 6-12 potential       :       0       0      0   0.000   0.000      0.0000       1.000
 7 Coulomb point-point electrostatic p:       0       0      0   0.000   0.000      0.0000       1.000
 8 H-bonding potential                :       0       0      0   0.000   0.000      0.0000       1.000
 9 Distance restraints 1 (CA-CA)      :    6039       7      0   0.254   0.254      1006.2       1.000
10 Distance restraints 2 (N-O)        :    6252      11      5   0.324   0.324      1140.4       1.000
11 Mainchain Phi dihedral restraints  :       0       0      0   0.000   0.000      0.0000       1.000
12 Mainchain Psi dihedral restraints  :       0       0      0   0.000   0.000      0.0000       1.000
13 Mainchain Omega dihedral restraints:     286       0      3   4.447   4.447      66.701       1.000
14 Sidechain Chi_1 dihedral restraints:     250       0      0  40.458  40.458     -17.922       1.000
15 Sidechain Chi_2 dihedral restraints:     206       0      1  53.275  53.275      36.856       1.000
16 Sidechain Chi_3 dihedral restraints:      89       0      0  64.444  64.444      49.217       1.000
17 Sidechain Chi_4 dihedral restraints:      34       0      0  98.009  98.009      23.676       1.000
18 Disulfide distance restraints      :       0       0      0   0.000   0.000      0.0000       1.000
19 Disulfide angle restraints         :       0       0      0   0.000   0.000      0.0000       1.000
20 Disulfide dihedral angle restraints:       0       0      0   0.000   0.000      0.0000       1.000
21 Lower bound distance restraints    :       0       0      0   0.000   0.000      0.0000       1.000
22 Upper bound distance restraints    :       0       0      0   0.000   0.000      0.0000       1.000
23 Distance restraints 3 (SDCH-MNCH)  :    5307       0      1   0.311   0.311      3452.7       1.000
24 Sidechain Chi_5 dihedral restraints:       0       0      0   0.000   0.000      0.0000       1.000
25 Phi/Psi pair of dihedral restraints:     285      10     30  25.099  36.152      102.08       1.000
26 Distance restraints 4 (SDCH-SDCH)  :    4130       1     11   0.665   0.665      3091.2       1.000
27 Distance restraints 5 (X-Y)        :       0       0      0   0.000   0.000      0.0000       1.000
28 NMR distance restraints 6 (X-Y)    :       0       0      0   0.000   0.000      0.0000       1.000
29 NMR distance restraints 7 (X-Y)    :       0       0      0   0.000   0.000      0.0000       1.000
30 Minimal distance restraints        :       0       0      0   0.000   0.000      0.0000       1.000
31 Non-bonded restraints              :       0       0      0   0.000   0.000      0.0000       1.000
32 Atomic accessibility restraints    :       0       0      0   0.000   0.000      0.0000       1.000
33 Atomic density restraints          :       0       0      0   0.000   0.000      0.0000       1.000
34 Absolute position restraints       :       0       0      0   0.000   0.000      0.0000       1.000
35 Dihedral angle difference restraint:       0       0      0   0.000   0.000      0.0000       1.000
36 GBSA implicit solvent potential    :       0       0      0   0.000   0.000      0.0000       1.000
37 EM density fitting potential       :       0       0      0   0.000   0.000      0.0000       1.000
38 SAXS restraints                    :       0       0      0   0.000   0.000      0.0000       1.000
39 Symmetry restraints                :       0       0      0   0.000   0.000      0.0000       1.000



# Heavy relative violation of each residue is written to: target.V99990010
# The profile is NOT normalized by the number of restraints.
# The profiles are smoothed over a window of residues:    1
# The sum of all numbers in the file:   24983.0625



List of the violated restraints:
   A restraint is violated when the relative difference
   from the best value (RVIOL) is larger than CUTOFF.

   ICSR   ... index of a restraint in the current set.
   RESNO  ... residue numbers of the first two atoms.
   ATM    ... IUPAC atom names of the first two atoms.
   FEAT   ... the value of the feature in the model.
   restr  ... the mean of the basis restraint with the smallest
              difference from the model (local minimum).
   viol   ... difference from the local minimum.
   rviol  ... relative difference from the local minimum.
   RESTR  ... the best value (global minimum).
   VIOL   ... difference from the best value.
   RVIOL  ... relative difference from the best value.


-------------------------------------------------------------------------------------------------

Feature  9                           : Distance restraints 1 (CA-CA)           
List of the RVIOL violations larger than   :       4.5000

    #   ICSR  RESNO1/2 ATM1/2   INDATM1/2    FEAT   restr    viol   rviol   RESTR    VIOL   RVIOL
    1  10018  24R  28G CA  CA    190  219    8.26    4.68    3.58    9.20    4.68    3.58    9.20
    2  10036  24R 233L CA  CA    190 1855   13.19    5.73    7.46   15.32    5.73    7.46   15.32
    3  10037  24R 234N CA  CA    190 1863   14.53    7.44    7.09   13.77    7.44    7.09   13.77
    4  10056  25T 233L CA  CA    201 1855   10.98    7.59    3.39    6.05    7.59    3.39    6.05
    5  10069  26G 233L CA  CA    208 1855    9.99    6.53    3.46    6.68    6.53    3.46    6.68
    6  10074  26G 238P CA  CA    208 1898   19.10   13.97    5.13   10.47   13.97    5.13   10.47
    7  10075  26G 283M CA  CA    208 2283   16.09   11.42    4.67    8.78   11.42    4.67    8.78

-------------------------------------------------------------------------------------------------

Feature 10                           : Distance restraints 2 (N-O)             
List of the RVIOL violations larger than   :       4.5000

    #   ICSR  RESNO1/2 ATM1/2   INDATM1/2    FEAT   restr    viol   rviol   RESTR    VIOL   RVIOL
    1  15732  23D  27T N   O     181  217    7.05    3.04    4.00    9.88    3.04    4.00    9.88
    2  15752  24R 233L N   O     189 1861   14.65    8.14    6.51   13.43    8.14    6.51   13.43
    3  15763  25T 233L N   O     200 1861   13.43    7.50    5.93   11.84    7.50    5.93   11.84
    4  15774  26G 233L N   O     207 1861   11.97    7.23    4.74   10.05    7.23    4.74   10.05
    5  15775  26G 234N N   O     207 1869   13.30    8.22    5.08    9.99    8.22    5.08    9.99
    6  20630 233L  24R N   O    1854  199   12.12    6.15    5.96   12.35    6.15    5.96   12.35
    7  20631 233L  25T N   O    1854  206   10.08    7.91    2.17    4.88    7.91    2.17    4.88
    8  20649 234N  24R N   O    1862  199   13.10    5.23    7.88   14.95    5.23    7.88   14.95
    9  20667 235H  24R N   O    1870  199   14.86    7.93    6.93   13.91    7.93    6.93   13.91

-------------------------------------------------------------------------------------------------

Feature 25                           : Phi/Psi pair of dihedral restraints     
List of the RVIOL violations larger than   :       6.5000

    #   ICSR  RESNO1/2 ATM1/2   INDATM1/2    FEAT   restr    viol   rviol   RESTR    VIOL   RVIOL
    1   8166  27T  28G C   N     216  218   98.12   78.70   52.68    0.82  -80.20 -179.31   11.05
    1         28G  28G N   CA    218  219  144.93 -166.10                  174.10
    2   8180  41L  42R C   N     322  324  -55.52  -63.00   19.92    2.30 -125.20  174.38    9.52
    2         42R  42R N   CA    324  325  -59.55  -41.10                  140.60
    3   8181  42R  43D C   N     333  335 -126.08  -96.50   86.88    3.62  -63.30   95.92   10.56
    3         43D  43D N   CA    335  336   32.51  114.20                  -40.00
    4   8235  96G  97F C   N     768  770  -81.23  -63.20   55.01    6.56  -63.20   55.01    6.56
    4         97F  97F N   CA    770  771    7.67  -44.30                  -44.30
    5   8253 114R 115H C   N     920  922 -103.84  -63.20   65.48    7.10  -63.20   65.48    7.10
    5        115H 115H N   CA    922  923    9.04  -42.30                  -42.30
    6   8266 127Y 128S C   N    1033 1035   50.00  -72.40  144.42   11.62  -72.40  144.42   11.62
    6        128S 128S N   CA   1035 1036 -130.93  152.40                  152.40
    7   8267 128S 129G C   N    1039 1041  -72.11  -62.40   26.14    3.57   82.20  156.40   11.31
    7        129G 129G N   CA   1041 1042  -16.93  -41.20                    8.50
    8   8358 219P 220G C   N    1749 1751  -87.41  -62.40   40.16    7.30  -62.40   40.16    7.30
    8        220G 220G N   CA   1751 1752  -72.63  -41.20                  -41.20
    9   8423 284E 285M C   N    2297 2299 -178.60 -125.60   54.09    2.41  -63.40 -154.49   25.43
    9        285M 285M N   CA   2299 2300  129.69  140.50                  -40.50
   10   8424 285M 286A C   N    2305 2307 -125.93 -134.00   10.66    0.61  -62.50  176.89   32.38
   10        286A 286A N   CA   2307 2308  153.97  147.00                  -40.90

-------------------------------------------------------------------------------------------------

Feature 26                           : Distance restraints 4 (SDCH-SDCH)       
List of the RVIOL violations larger than   :       4.5000

    #   ICSR  RESNO1/2 ATM1/2   INDATM1/2    FEAT   restr    viol   rviol   RESTR    VIOL   RVIOL
    1  27293  20R  24R NE  CG    158  192   11.17    3.90    7.27    4.55    3.90    7.27    4.55


report______> Distribution of short non-bonded contacts:


DISTANCE1:  0.00 2.10 2.20 2.30 2.40 2.50 2.60 2.70 2.80 2.90 3.00 3.10 3.20 3.30 3.40
DISTANCE2:  2.10 2.20 2.30 2.40 2.50 2.60 2.70 2.80 2.90 3.00 3.10 3.20 3.30 3.40 3.50
FREQUENCY:     0    0    0    0    0   10   20   67  110  188  187  241  316  361  378


<< end of ENERGY.

>> Summary of successfully produced models:
Filename                          molpdf     DOPE score    GA341 score
----------------------------------------------------------------------
target.B99990009.pdb          9711.83691   -35801.09375        1.00000
target.B99990010.pdb          9805.28027   -35743.50000        1.00000

Resume refinement complete
  -> refined_B99990009.pdb  DOPE=-35801.09375
  -> refined_B99990010.pdb  DOPE=-35743.5
