STDOUT
AutoDock Vina v1.2.7
#################################################################
# If you used AutoDock Vina in your work, please cite:          #
#                                                               #
# J. Eberhardt, D. Santos-Martins, A. F. Tillack, and S. Forli  #
# AutoDock Vina 1.2.0: New Docking Methods, Expanded Force      #
# Field, and Python Bindings, J. Chem. Inf. Model. (2021)       #
# DOI 10.1021/acs.jcim.1c00203                                  #
#                                                               #
# O. Trott, A. J. Olson,                                        #
# AutoDock Vina: improving the speed and accuracy of docking    #
# with a new scoring function, efficient optimization and       #
# multithreading, J. Comp. Chem. (2010)                         #
# DOI 10.1002/jcc.21334                                         #
#                                                               #
# Please see https://github.com/ccsb-scripps/AutoDock-Vina for  #
# more information.                                             #
#################################################################

Scoring function : vina
Rigid receptor: /Users/ario/conserved_site_project/07e_mut_docking_v5/R215A_N226A/R215A_N226A_holo.pdbqt
Ligand: /Users/ario/conserved_site_project/05b_ligand_v2/dump.pdbqt
Grid center: X -0.137 Y 4.232 Z 15.159
Grid size  : X 22 Y 22 Z 22
Grid space : 0.375
Exhaustiveness: 32
CPU: 4
Verbosity: 1

Computing Vina grid ... done.
Performing docking (random seed: 42) ... 
0%   10   20   30   40   50   60   70   80   90   100%
|----|----|----|----|----|----|----|----|----|----|
***************************************************

mode |   affinity | dist from best mode
     | (kcal/mol) | rmsd l.b.| rmsd u.b.
-----+------------+----------+----------
   1       -7.477          0          0
   2       -6.329     0.7305     0.8267
   3       -6.077      3.635      6.386
   4       -5.885      1.303      1.902
   5       -4.844       2.47       4.22
   6       -4.621      10.29      12.53
   7       -4.596      12.16      13.21
   8       -4.561      2.761      6.219
   9       -4.517      5.591      9.176
  10       -4.292      7.653      10.75
  11       -4.214      11.88      13.66
  12       -4.213      11.13      13.12
  13       -3.808      12.47      13.86
  14       -3.684      11.04      12.82
  15       -3.672      12.28      13.45
  16       -3.529      8.016      11.01
  17       -3.479      2.333       3.78
  18       -3.156      12.71      14.18
  19       -3.102      3.969      6.134
  20        34.76      12.67      14.09

STDERR
