STDOUT
AutoDock Vina v1.2.7
#################################################################
# If you used AutoDock Vina in your work, please cite:          #
#                                                               #
# J. Eberhardt, D. Santos-Martins, A. F. Tillack, and S. Forli  #
# AutoDock Vina 1.2.0: New Docking Methods, Expanded Force      #
# Field, and Python Bindings, J. Chem. Inf. Model. (2021)       #
# DOI 10.1021/acs.jcim.1c00203                                  #
#                                                               #
# O. Trott, A. J. Olson,                                        #
# AutoDock Vina: improving the speed and accuracy of docking    #
# with a new scoring function, efficient optimization and       #
# multithreading, J. Comp. Chem. (2010)                         #
# DOI 10.1002/jcc.21334                                         #
#                                                               #
# Please see https://github.com/ccsb-scripps/AutoDock-Vina for  #
# more information.                                             #
#################################################################

Scoring function : vina
Rigid receptor: /Users/ario/conserved_site_project/07e_mut_docking_v5/R50A/R50A_holo.pdbqt
Ligand: /Users/ario/conserved_site_project/05b_ligand_v2/dump.pdbqt
Grid center: X -0.137 Y 4.232 Z 15.159
Grid size  : X 22 Y 22 Z 22
Grid space : 0.375
Exhaustiveness: 32
CPU: 4
Verbosity: 1

Computing Vina grid ... done.
Performing docking (random seed: 42) ... 
0%   10   20   30   40   50   60   70   80   90   100%
|----|----|----|----|----|----|----|----|----|----|
***************************************************

mode |   affinity | dist from best mode
     | (kcal/mol) | rmsd l.b.| rmsd u.b.
-----+------------+----------+----------
   1       -7.421          0          0
   2       -7.344      3.873      5.385
   3       -7.193      3.528      6.878
   4       -7.044      2.876      4.593
   5       -6.927      4.184      7.414
   6       -6.867      2.323      3.948
   7       -6.737      3.309      6.669
   8       -6.713      4.474      7.926
   9       -6.614      1.237      1.987
  10       -6.561       3.52      6.642
  11       -6.544      2.066      2.915
  12       -6.535      3.969      6.532
  13       -6.479      3.523      6.488
  14       -6.463      3.263      5.238
  15       -6.445      2.789      4.029
  16       -6.179      3.121      4.906
  17       -6.101      2.426      3.648
  18       -6.071      2.746       4.28
  19       -6.056      4.517      7.931
  20       -5.971      3.304       4.96

STDERR
