STDOUT
AutoDock Vina v1.2.7
#################################################################
# If you used AutoDock Vina in your work, please cite:          #
#                                                               #
# J. Eberhardt, D. Santos-Martins, A. F. Tillack, and S. Forli  #
# AutoDock Vina 1.2.0: New Docking Methods, Expanded Force      #
# Field, and Python Bindings, J. Chem. Inf. Model. (2021)       #
# DOI 10.1021/acs.jcim.1c00203                                  #
#                                                               #
# O. Trott, A. J. Olson,                                        #
# AutoDock Vina: improving the speed and accuracy of docking    #
# with a new scoring function, efficient optimization and       #
# multithreading, J. Comp. Chem. (2010)                         #
# DOI 10.1002/jcc.21334                                         #
#                                                               #
# Please see https://github.com/ccsb-scripps/AutoDock-Vina for  #
# more information.                                             #
#################################################################

Scoring function : vina
Rigid receptor: /Users/ario/conserved_site_project/07d_mut_docking_v4/R215A/R215A_holo.pdbqt
Ligand: /Users/ario/conserved_site_project/05b_ligand_v2/dump.pdbqt
Grid center: X -0.137 Y 4.232 Z 15.159
Grid size  : X 22 Y 22 Z 22
Grid space : 0.375
Exhaustiveness: 32
CPU: 4
Verbosity: 1

Computing Vina grid ... done.
Performing docking (random seed: 42) ... 
0%   10   20   30   40   50   60   70   80   90   100%
|----|----|----|----|----|----|----|----|----|----|
***************************************************

mode |   affinity | dist from best mode
     | (kcal/mol) | rmsd l.b.| rmsd u.b.
-----+------------+----------+----------
   1        -6.53          0          0
   2       -4.587      10.09      12.32
   3       -4.391      8.013       10.2
   4       -4.356      10.44      11.46
   5       -4.293      9.768      11.47
   6       -4.181      10.44      11.93
   7       -4.065      8.487      10.61
   8           -4      5.657      7.666
   9       -3.999      3.565      5.423
  10       -3.931      10.82      12.03
  11       -3.877      10.46      12.36
  12       -3.873      9.925      11.75
  13       -3.704      10.85      12.36
  14        -3.69      10.48      11.32
  15       -3.631      9.271      10.92
  16       -3.514      10.52         13
  17       -3.439      9.472      10.71
  18       -3.261       9.69      11.97
  19      -0.8896      9.854      12.05
  20        3.342      11.25      13.24

STDERR
