STDOUT
AutoDock Vina v1.2.7
#################################################################
# If you used AutoDock Vina in your work, please cite:          #
#                                                               #
# J. Eberhardt, D. Santos-Martins, A. F. Tillack, and S. Forli  #
# AutoDock Vina 1.2.0: New Docking Methods, Expanded Force      #
# Field, and Python Bindings, J. Chem. Inf. Model. (2021)       #
# DOI 10.1021/acs.jcim.1c00203                                  #
#                                                               #
# O. Trott, A. J. Olson,                                        #
# AutoDock Vina: improving the speed and accuracy of docking    #
# with a new scoring function, efficient optimization and       #
# multithreading, J. Comp. Chem. (2010)                         #
# DOI 10.1002/jcc.21334                                         #
#                                                               #
# Please see https://github.com/ccsb-scripps/AutoDock-Vina for  #
# more information.                                             #
#################################################################

Scoring function : vina
Rigid receptor: /Users/ario/conserved_site_project/07e_mut_docking_v5/Q214A/Q214A_holo.pdbqt
Ligand: /Users/ario/conserved_site_project/05b_ligand_v2/dump.pdbqt
Grid center: X -0.137 Y 4.232 Z 15.159
Grid size  : X 22 Y 22 Z 22
Grid space : 0.375
Exhaustiveness: 32
CPU: 4
Verbosity: 1

Computing Vina grid ... done.
Performing docking (random seed: 42) ... 
0%   10   20   30   40   50   60   70   80   90   100%
|----|----|----|----|----|----|----|----|----|----|
***************************************************

mode |   affinity | dist from best mode
     | (kcal/mol) | rmsd l.b.| rmsd u.b.
-----+------------+----------+----------
   1       -8.169          0          0
   2       -5.813      1.364      1.808
   3       -5.085      1.228       1.64
   4       -4.895      11.77         13
   5       -4.805      10.06      12.23
   6        -4.74      2.275      3.757
   7       -4.676         12      12.99
   8       -4.613      11.25      13.09
   9       -4.529      2.811      6.219
  10       -4.503      11.83       13.5
  11       -4.373      10.17      12.41
  12       -4.348      11.26      13.19
  13       -4.346       11.7      13.83
  14       -4.238      12.17      13.88
  15       -4.204      10.58      13.58
  16       -4.199      12.04      13.56
  17       -4.158      12.64      14.71
  18       -4.071      10.64       12.3
  19       -4.005      12.32      13.49
  20      -0.2964      11.45       12.8

STDERR
