STDOUT
AutoDock Vina v1.2.7
#################################################################
# If you used AutoDock Vina in your work, please cite:          #
#                                                               #
# J. Eberhardt, D. Santos-Martins, A. F. Tillack, and S. Forli  #
# AutoDock Vina 1.2.0: New Docking Methods, Expanded Force      #
# Field, and Python Bindings, J. Chem. Inf. Model. (2021)       #
# DOI 10.1021/acs.jcim.1c00203                                  #
#                                                               #
# O. Trott, A. J. Olson,                                        #
# AutoDock Vina: improving the speed and accuracy of docking    #
# with a new scoring function, efficient optimization and       #
# multithreading, J. Comp. Chem. (2010)                         #
# DOI 10.1002/jcc.21334                                         #
#                                                               #
# Please see https://github.com/ccsb-scripps/AutoDock-Vina for  #
# more information.                                             #
#################################################################

Scoring function : vina
Rigid receptor: /Users/ario/conserved_site_project/07b_mut_docking_v2/R176E/R176E_apo.pdbqt
Ligand: /Users/ario/conserved_site_project/05b_ligand_v2/dump.pdbqt
Grid center: X 3.466 Y 4.741 Z 7.778
Grid size  : X 18 Y 18 Z 18
Grid space : 0.375
Exhaustiveness: 32
CPU: 4
Verbosity: 1

Computing Vina grid ... done.
Performing docking (random seed: 42) ... 
0%   10   20   30   40   50   60   70   80   90   100%
|----|----|----|----|----|----|----|----|----|----|
***************************************************

mode |   affinity | dist from best mode
     | (kcal/mol) | rmsd l.b.| rmsd u.b.
-----+------------+----------+----------
   1       -7.154          0          0
   2       -7.009      3.569      6.773
   3       -6.963      3.212      6.029
   4        -6.96      1.936       2.53
   5        -6.94      3.319      6.709
   6       -6.443      3.276       6.39
   7       -6.426      3.133      6.466
   8       -6.228      2.076       2.98
   9       -6.184      3.133      6.563
  10       -6.137       2.39      3.295
  11       -5.742      3.437      5.452
  12       -5.742      2.997      4.671
  13       -5.324       3.09      6.632
  14       -4.982      3.269      6.388
  15       -4.724      3.025      6.241
  16       -4.516      2.772      4.278
  17       -4.506      2.224      3.313
  18         -4.4       2.94      4.203
  19       -4.316      4.835      6.917
  20       -4.278      3.256      6.306

STDERR
