STDOUT
AutoDock Vina v1.2.7
#################################################################
# If you used AutoDock Vina in your work, please cite:          #
#                                                               #
# J. Eberhardt, D. Santos-Martins, A. F. Tillack, and S. Forli  #
# AutoDock Vina 1.2.0: New Docking Methods, Expanded Force      #
# Field, and Python Bindings, J. Chem. Inf. Model. (2021)       #
# DOI 10.1021/acs.jcim.1c00203                                  #
#                                                               #
# O. Trott, A. J. Olson,                                        #
# AutoDock Vina: improving the speed and accuracy of docking    #
# with a new scoring function, efficient optimization and       #
# multithreading, J. Comp. Chem. (2010)                         #
# DOI 10.1002/jcc.21334                                         #
#                                                               #
# Please see https://github.com/ccsb-scripps/AutoDock-Vina for  #
# more information.                                             #
#################################################################

Scoring function : vina
Rigid receptor: /Users/ario/conserved_site_project/07_mut_docking/C195S_H196N.pdbqt
Ligand: /Users/ario/conserved_site_project/05_ligand/ligand.pdbqt
Grid center: X -1.287 Y 9.147 Z 12.03
Grid size  : X 22 Y 22 Z 22
Grid space : 0.375
Exhaustiveness: 16
CPU: 4
Verbosity: 1

Computing Vina grid ... done.
Performing docking (random seed: 42) ... 
0%   10   20   30   40   50   60   70   80   90   100%
|----|----|----|----|----|----|----|----|----|----|
***************************************************

mode |   affinity | dist from best mode
     | (kcal/mol) | rmsd l.b.| rmsd u.b.
-----+------------+----------+----------
   1       -7.976          0          0
   2       -7.644       2.46      3.335
   3       -7.643      3.186       6.56
   4       -7.553      2.926      6.391
   5       -7.462      2.845      4.672
   6        -7.32      2.281      3.454
   7       -7.311      3.528      5.615
   8       -7.289      3.609      7.175
   9       -7.284      3.122      6.059
  10       -7.228      2.607      3.751
  11       -7.215      3.297       4.97
  12       -7.155      3.536      6.784
  13       -7.121       2.96      4.139
  14       -7.082      3.823      5.362
  15       -7.027       3.65      6.569
  16       -7.011      3.618      5.056
  17       -6.913      3.681      6.786
  18       -6.885      3.055      4.611
  19        -6.88      2.031      2.577
  20       -6.867      2.676      4.558

STDERR
