STDOUT
AutoDock Vina v1.2.7
#################################################################
# If you used AutoDock Vina in your work, please cite:          #
#                                                               #
# J. Eberhardt, D. Santos-Martins, A. F. Tillack, and S. Forli  #
# AutoDock Vina 1.2.0: New Docking Methods, Expanded Force      #
# Field, and Python Bindings, J. Chem. Inf. Model. (2021)       #
# DOI 10.1021/acs.jcim.1c00203                                  #
#                                                               #
# O. Trott, A. J. Olson,                                        #
# AutoDock Vina: improving the speed and accuracy of docking    #
# with a new scoring function, efficient optimization and       #
# multithreading, J. Comp. Chem. (2010)                         #
# DOI 10.1002/jcc.21334                                         #
#                                                               #
# Please see https://github.com/ccsb-scripps/AutoDock-Vina for  #
# more information.                                             #
#################################################################

Scoring function : vina
Rigid receptor: /Users/ario/conserved_site_project/07_mut_docking/C195A.pdbqt
Ligand: /Users/ario/conserved_site_project/05_ligand/ligand.pdbqt
Grid center: X -1.287 Y 9.147 Z 12.03
Grid size  : X 22 Y 22 Z 22
Grid space : 0.375
Exhaustiveness: 16
CPU: 4
Verbosity: 1

Computing Vina grid ... done.
Performing docking (random seed: 42) ... 
0%   10   20   30   40   50   60   70   80   90   100%
|----|----|----|----|----|----|----|----|----|----|
***************************************************

mode |   affinity | dist from best mode
     | (kcal/mol) | rmsd l.b.| rmsd u.b.
-----+------------+----------+----------
   1       -7.999          0          0
   2       -7.679      2.619      3.626
   3       -7.525      2.408      3.386
   4       -7.495      2.394      3.731
   5       -7.466      3.866      7.516
   6       -7.417      3.046      6.369
   7       -7.334        3.4      5.126
   8       -7.278      2.206      2.403
   9       -7.238      3.394      4.565
  10       -7.132      3.631      6.761
  11       -7.088      4.166      5.699
  12       -7.038      3.561      6.466
  13       -7.017      3.166      3.799
  14        -6.98      3.219      4.923
  15       -6.969      3.943      7.635
  16        -6.95       3.76      6.933
  17       -6.947      2.556      2.952
  18       -6.939      2.128      2.701
  19       -6.938      3.065      5.003
  20       -6.851      1.705      2.346

STDERR
