STDOUT
AutoDock Vina v1.2.7
#################################################################
# If you used AutoDock Vina in your work, please cite:          #
#                                                               #
# J. Eberhardt, D. Santos-Martins, A. F. Tillack, and S. Forli  #
# AutoDock Vina 1.2.0: New Docking Methods, Expanded Force      #
# Field, and Python Bindings, J. Chem. Inf. Model. (2021)       #
# DOI 10.1021/acs.jcim.1c00203                                  #
#                                                               #
# O. Trott, A. J. Olson,                                        #
# AutoDock Vina: improving the speed and accuracy of docking    #
# with a new scoring function, efficient optimization and       #
# multithreading, J. Comp. Chem. (2010)                         #
# DOI 10.1002/jcc.21334                                         #
#                                                               #
# Please see https://github.com/ccsb-scripps/AutoDock-Vina for  #
# more information.                                             #
#################################################################

Scoring function : vina
Rigid receptor: /Users/ario/conserved_site_project/07_mut_docking/C195A_H196A.pdbqt
Ligand: /Users/ario/conserved_site_project/05_ligand/ligand.pdbqt
Grid center: X -1.287 Y 9.147 Z 12.03
Grid size  : X 22 Y 22 Z 22
Grid space : 0.375
Exhaustiveness: 16
CPU: 4
Verbosity: 1

Computing Vina grid ... done.
Performing docking (random seed: 42) ... 
0%   10   20   30   40   50   60   70   80   90   100%
|----|----|----|----|----|----|----|----|----|----|
***************************************************

mode |   affinity | dist from best mode
     | (kcal/mol) | rmsd l.b.| rmsd u.b.
-----+------------+----------+----------
   1       -7.829          0          0
   2       -7.673      5.186      7.729
   3       -7.525       3.46      7.573
   4       -7.471      2.607      3.591
   5       -7.402      2.962      6.443
   6       -7.297      3.191      6.843
   7       -7.284       2.44      3.459
   8       -7.243      3.643      7.332
   9       -7.175      2.562      2.814
  10        -7.12      3.718      5.874
  11       -7.096      3.826      7.467
  12       -7.024      3.556      6.563
  13       -7.009      2.307      3.904
  14       -6.979      3.389      6.316
  15       -6.939      1.701       2.05
  16       -6.925      3.476      6.493
  17       -6.921      3.959      7.538
  18       -6.916      3.305      4.139
  19       -6.885      4.658      6.357
  20       -6.828      3.338       5.17

STDERR
