STDOUT
AutoDock Vina v1.2.7
#################################################################
# If you used AutoDock Vina in your work, please cite:          #
#                                                               #
# J. Eberhardt, D. Santos-Martins, A. F. Tillack, and S. Forli  #
# AutoDock Vina 1.2.0: New Docking Methods, Expanded Force      #
# Field, and Python Bindings, J. Chem. Inf. Model. (2021)       #
# DOI 10.1021/acs.jcim.1c00203                                  #
#                                                               #
# O. Trott, A. J. Olson,                                        #
# AutoDock Vina: improving the speed and accuracy of docking    #
# with a new scoring function, efficient optimization and       #
# multithreading, J. Comp. Chem. (2010)                         #
# DOI 10.1002/jcc.21334                                         #
#                                                               #
# Please see https://github.com/ccsb-scripps/AutoDock-Vina for  #
# more information.                                             #
#################################################################

Scoring function : vina
Rigid receptor: /Users/ario/conserved_site_project/07_mut_docking/CTRL_T170A.pdbqt
Ligand: /Users/ario/conserved_site_project/05_ligand/ligand.pdbqt
Grid center: X -1.287 Y 9.147 Z 12.03
Grid size  : X 22 Y 22 Z 22
Grid space : 0.375
Exhaustiveness: 16
CPU: 4
Verbosity: 1

Computing Vina grid ... done.
Performing docking (random seed: 42) ... 
0%   10   20   30   40   50   60   70   80   90   100%
|----|----|----|----|----|----|----|----|----|----|
***************************************************

mode |   affinity | dist from best mode
     | (kcal/mol) | rmsd l.b.| rmsd u.b.
-----+------------+----------+----------
   1       -7.694          0          0
   2       -7.492      2.844      6.092
   3       -7.398      3.697      7.315
   4       -7.333      3.393       4.81
   5       -7.278      3.069      3.633
   6        -7.27       2.23      3.824
   7       -7.228      2.939      6.002
   8       -7.177       4.05      7.368
   9       -7.138      4.346      6.301
  10       -7.107      4.109      6.061
  11       -7.063      1.924      2.696
  12       -6.962      3.387      7.213
  13       -6.855      4.681      6.736
  14       -6.796      3.466      6.504
  15       -6.756      3.445      6.425
  16        -6.73       3.49      6.826
  17       -6.635      3.459       4.09
  18       -6.518      3.548      6.942
  19       -6.483      3.711      5.259
  20       -6.435       3.93       6.93

STDERR
