STDOUT
AutoDock Vina v1.2.7
#################################################################
# If you used AutoDock Vina in your work, please cite:          #
#                                                               #
# J. Eberhardt, D. Santos-Martins, A. F. Tillack, and S. Forli  #
# AutoDock Vina 1.2.0: New Docking Methods, Expanded Force      #
# Field, and Python Bindings, J. Chem. Inf. Model. (2021)       #
# DOI 10.1021/acs.jcim.1c00203                                  #
#                                                               #
# O. Trott, A. J. Olson,                                        #
# AutoDock Vina: improving the speed and accuracy of docking    #
# with a new scoring function, efficient optimization and       #
# multithreading, J. Comp. Chem. (2010)                         #
# DOI 10.1002/jcc.21334                                         #
#                                                               #
# Please see https://github.com/ccsb-scripps/AutoDock-Vina for  #
# more information.                                             #
#################################################################

Scoring function : vina
Rigid receptor: /Users/ario/conserved_site_project/07_mut_docking/D218A.pdbqt
Ligand: /Users/ario/conserved_site_project/05_ligand/ligand.pdbqt
Grid center: X -1.287 Y 9.147 Z 12.03
Grid size  : X 22 Y 22 Z 22
Grid space : 0.375
Exhaustiveness: 16
CPU: 4
Verbosity: 1

Computing Vina grid ... done.
Performing docking (random seed: 42) ... 
0%   10   20   30   40   50   60   70   80   90   100%
|----|----|----|----|----|----|----|----|----|----|
***************************************************

mode |   affinity | dist from best mode
     | (kcal/mol) | rmsd l.b.| rmsd u.b.
-----+------------+----------+----------
   1       -7.635          0          0
   2       -7.262      3.611      5.271
   3       -7.222      3.694      7.323
   4       -7.187      2.204      3.791
   5       -7.131       3.08      3.679
   6       -6.993      3.989      7.284
   7        -6.97      3.345      4.843
   8        -6.97      2.991      6.669
   9       -6.942      4.408      6.314
  10       -6.937      1.868      2.669
  11       -6.868      2.412      3.052
  12       -6.755      2.862      5.471
  13       -6.651      3.376      6.568
  14       -6.642      3.137      4.732
  15        -6.64      6.102      7.775
  16       -6.636      3.409      6.745
  17       -6.556      3.234      5.023
  18       -6.546      2.406      3.312
  19       -6.488      3.585      7.005
  20       -6.486      3.301      5.354

STDERR
