STDOUT
AutoDock Vina v1.2.7
#################################################################
# If you used AutoDock Vina in your work, please cite:          #
#                                                               #
# J. Eberhardt, D. Santos-Martins, A. F. Tillack, and S. Forli  #
# AutoDock Vina 1.2.0: New Docking Methods, Expanded Force      #
# Field, and Python Bindings, J. Chem. Inf. Model. (2021)       #
# DOI 10.1021/acs.jcim.1c00203                                  #
#                                                               #
# O. Trott, A. J. Olson,                                        #
# AutoDock Vina: improving the speed and accuracy of docking    #
# with a new scoring function, efficient optimization and       #
# multithreading, J. Comp. Chem. (2010)                         #
# DOI 10.1002/jcc.21334                                         #
#                                                               #
# Please see https://github.com/ccsb-scripps/AutoDock-Vina for  #
# more information.                                             #
#################################################################

Scoring function : vina
Rigid receptor: /Users/ario/conserved_site_project/07_mut_docking/D218K.pdbqt
Ligand: /Users/ario/conserved_site_project/05_ligand/ligand.pdbqt
Grid center: X -1.287 Y 9.147 Z 12.03
Grid size  : X 22 Y 22 Z 22
Grid space : 0.375
Exhaustiveness: 16
CPU: 4
Verbosity: 1

Computing Vina grid ... done.
Performing docking (random seed: 42) ... 
0%   10   20   30   40   50   60   70   80   90   100%
|----|----|----|----|----|----|----|----|----|----|
***************************************************

mode |   affinity | dist from best mode
     | (kcal/mol) | rmsd l.b.| rmsd u.b.
-----+------------+----------+----------
   1       -6.609          0          0
   2       -6.548      2.266        4.1
   3       -6.356      3.465      5.357
   4       -6.316      2.253      4.093
   5       -6.312        2.7      3.877
   6       -6.292      4.821      8.351
   7       -6.098      2.528      3.921
   8       -6.088      6.662      8.484
   9        -6.07      6.708      9.829
  10       -6.041      2.709      5.037
  11       -6.027      2.169      3.143
  12       -6.005      3.057      6.202
  13        -5.97       8.68      10.51
  14        -5.94       2.84      4.946
  15       -5.915      2.589      3.661
  16       -5.886      5.604      8.126
  17       -5.864      2.578      3.776
  18       -5.827       1.77      4.764
  19       -5.821      6.274      8.828
  20       -5.785       2.84      4.677

STDERR
