STDOUT
AutoDock Vina v1.2.7
#################################################################
# If you used AutoDock Vina in your work, please cite:          #
#                                                               #
# J. Eberhardt, D. Santos-Martins, A. F. Tillack, and S. Forli  #
# AutoDock Vina 1.2.0: New Docking Methods, Expanded Force      #
# Field, and Python Bindings, J. Chem. Inf. Model. (2021)       #
# DOI 10.1021/acs.jcim.1c00203                                  #
#                                                               #
# O. Trott, A. J. Olson,                                        #
# AutoDock Vina: improving the speed and accuracy of docking    #
# with a new scoring function, efficient optimization and       #
# multithreading, J. Comp. Chem. (2010)                         #
# DOI 10.1002/jcc.21334                                         #
#                                                               #
# Please see https://github.com/ccsb-scripps/AutoDock-Vina for  #
# more information.                                             #
#################################################################

Scoring function : vina
Rigid receptor: /Users/ario/conserved_site_project/07_mut_docking/F225A.pdbqt
Ligand: /Users/ario/conserved_site_project/05_ligand/ligand.pdbqt
Grid center: X -1.287 Y 9.147 Z 12.03
Grid size  : X 22 Y 22 Z 22
Grid space : 0.375
Exhaustiveness: 16
CPU: 4
Verbosity: 1

Computing Vina grid ... done.
Performing docking (random seed: 42) ... 
0%   10   20   30   40   50   60   70   80   90   100%
|----|----|----|----|----|----|----|----|----|----|
***************************************************

mode |   affinity | dist from best mode
     | (kcal/mol) | rmsd l.b.| rmsd u.b.
-----+------------+----------+----------
   1       -7.701          0          0
   2       -7.469      2.858      6.113
   3       -7.371      3.315      4.742
   4       -7.352      3.135      3.609
   5       -7.312      3.598      5.228
   6       -7.154      3.019      6.057
   7       -7.136      3.711      7.323
   8       -7.081      1.889      2.688
   9       -6.917      2.922      4.492
  10       -6.903      4.737      7.145
  11       -6.847      4.284      6.191
  12       -6.808      4.435      7.858
  13       -6.653      3.974      5.823
  14       -6.638      3.413      6.843
  15       -6.603      2.836       3.63
  16       -6.573      3.466      5.771
  17       -6.515      5.005      7.501
  18       -6.491      3.665      5.163
  19       -6.434      3.767      5.287
  20       -6.294       5.23      7.867

STDERR
