STDOUT
AutoDock Vina v1.2.7
#################################################################
# If you used AutoDock Vina in your work, please cite:          #
#                                                               #
# J. Eberhardt, D. Santos-Martins, A. F. Tillack, and S. Forli  #
# AutoDock Vina 1.2.0: New Docking Methods, Expanded Force      #
# Field, and Python Bindings, J. Chem. Inf. Model. (2021)       #
# DOI 10.1021/acs.jcim.1c00203                                  #
#                                                               #
# O. Trott, A. J. Olson,                                        #
# AutoDock Vina: improving the speed and accuracy of docking    #
# with a new scoring function, efficient optimization and       #
# multithreading, J. Comp. Chem. (2010)                         #
# DOI 10.1002/jcc.21334                                         #
#                                                               #
# Please see https://github.com/ccsb-scripps/AutoDock-Vina for  #
# more information.                                             #
#################################################################

Scoring function : vina
Rigid receptor: /Users/ario/conserved_site_project/07_mut_docking/F225D.pdbqt
Ligand: /Users/ario/conserved_site_project/05_ligand/ligand.pdbqt
Grid center: X -1.287 Y 9.147 Z 12.03
Grid size  : X 22 Y 22 Z 22
Grid space : 0.375
Exhaustiveness: 16
CPU: 4
Verbosity: 1

Computing Vina grid ... done.
Performing docking (random seed: 42) ... 
0%   10   20   30   40   50   60   70   80   90   100%
|----|----|----|----|----|----|----|----|----|----|
***************************************************

mode |   affinity | dist from best mode
     | (kcal/mol) | rmsd l.b.| rmsd u.b.
-----+------------+----------+----------
   1       -7.624          0          0
   2       -7.442      2.845      6.105
   3       -7.366      3.333      4.663
   4       -7.302      3.094      3.634
   5       -7.273      3.604      5.285
   6       -7.172      3.736      7.359
   7       -7.172      4.565      6.853
   8       -7.111      4.313      7.607
   9        -7.07      1.917      2.684
  10       -7.054      2.665      4.054
  11       -6.907       3.53      6.539
  12       -6.847      2.987      5.439
  13       -6.841      3.389      7.207
  14       -6.791      3.278      6.434
  15       -6.724      4.586      7.318
  16       -6.676      2.748      3.554
  17       -6.602      3.776      7.502
  18        -6.54      2.423      3.375
  19       -6.519      3.645      4.227
  20        -6.43      4.821      8.039

STDERR
