STDOUT
AutoDock Vina v1.2.7
#################################################################
# If you used AutoDock Vina in your work, please cite:          #
#                                                               #
# J. Eberhardt, D. Santos-Martins, A. F. Tillack, and S. Forli  #
# AutoDock Vina 1.2.0: New Docking Methods, Expanded Force      #
# Field, and Python Bindings, J. Chem. Inf. Model. (2021)       #
# DOI 10.1021/acs.jcim.1c00203                                  #
#                                                               #
# O. Trott, A. J. Olson,                                        #
# AutoDock Vina: improving the speed and accuracy of docking    #
# with a new scoring function, efficient optimization and       #
# multithreading, J. Comp. Chem. (2010)                         #
# DOI 10.1002/jcc.21334                                         #
#                                                               #
# Please see https://github.com/ccsb-scripps/AutoDock-Vina for  #
# more information.                                             #
#################################################################

Scoring function : vina
Rigid receptor: /Users/ario/conserved_site_project/07_mut_docking/F80A.pdbqt
Ligand: /Users/ario/conserved_site_project/05_ligand/ligand.pdbqt
Grid center: X -1.287 Y 9.147 Z 12.03
Grid size  : X 22 Y 22 Z 22
Grid space : 0.375
Exhaustiveness: 16
CPU: 4
Verbosity: 1

Computing Vina grid ... done.
Performing docking (random seed: 42) ... 
0%   10   20   30   40   50   60   70   80   90   100%
|----|----|----|----|----|----|----|----|----|----|
***************************************************

mode |   affinity | dist from best mode
     | (kcal/mol) | rmsd l.b.| rmsd u.b.
-----+------------+----------+----------
   1       -7.731          0          0
   2       -7.506      2.865       6.15
   3       -7.418       3.71      7.308
   4       -7.387      3.356      4.698
   5       -7.371      3.611      5.258
   6       -7.366      3.074      3.633
   7       -7.278       2.95      6.011
   8       -7.275      2.246      3.789
   9        -7.03      3.636      7.157
  10       -7.014      1.838      2.575
  11       -6.973      3.361      7.188
  12       -6.957      4.074      5.938
  13       -6.944      3.375      6.171
  14       -6.902      2.979      5.446
  15       -6.847      3.587      5.735
  16       -6.777      4.233      5.785
  17       -6.722      2.098      2.681
  18        -6.69      3.331      3.978
  19       -6.688      3.113      4.334
  20       -6.658      4.424      6.099

STDERR
