STDOUT
AutoDock Vina v1.2.7
#################################################################
# If you used AutoDock Vina in your work, please cite:          #
#                                                               #
# J. Eberhardt, D. Santos-Martins, A. F. Tillack, and S. Forli  #
# AutoDock Vina 1.2.0: New Docking Methods, Expanded Force      #
# Field, and Python Bindings, J. Chem. Inf. Model. (2021)       #
# DOI 10.1021/acs.jcim.1c00203                                  #
#                                                               #
# O. Trott, A. J. Olson,                                        #
# AutoDock Vina: improving the speed and accuracy of docking    #
# with a new scoring function, efficient optimization and       #
# multithreading, J. Comp. Chem. (2010)                         #
# DOI 10.1002/jcc.21334                                         #
#                                                               #
# Please see https://github.com/ccsb-scripps/AutoDock-Vina for  #
# more information.                                             #
#################################################################

Scoring function : vina
Rigid receptor: /Users/ario/conserved_site_project/07_mut_docking/G217W.pdbqt
Ligand: /Users/ario/conserved_site_project/05_ligand/ligand.pdbqt
Grid center: X -1.287 Y 9.147 Z 12.03
Grid size  : X 22 Y 22 Z 22
Grid space : 0.375
Exhaustiveness: 16
CPU: 4
Verbosity: 1

Computing Vina grid ... done.
Performing docking (random seed: 42) ... 
0%   10   20   30   40   50   60   70   80   90   100%
|----|----|----|----|----|----|----|----|----|----|
***************************************************

mode |   affinity | dist from best mode
     | (kcal/mol) | rmsd l.b.| rmsd u.b.
-----+------------+----------+----------
   1       -7.899          0          0
   2       -7.589      2.784      4.177
   3       -7.539       3.69      7.312
   4       -7.465      3.113      3.648
   5       -7.447      3.653      5.284
   6       -7.408      2.202      3.655
   7       -7.331      3.032      6.123
   8       -7.236      3.617      5.035
   9       -7.198       1.91      2.718
  10       -7.149      4.073      7.261
  11       -7.137      4.713      6.736
  12       -7.121      4.014      6.033
  13       -7.055      3.522      6.599
  14       -6.986      2.808      4.549
  15       -6.934      1.824      2.063
  16       -6.908      3.597      7.484
  17       -6.871      3.053      4.824
  18       -6.834      4.915      7.344
  19       -6.801      3.383      6.637
  20       -6.752      2.871      3.606

STDERR
