STDOUT
AutoDock Vina v1.2.7
#################################################################
# If you used AutoDock Vina in your work, please cite:          #
#                                                               #
# J. Eberhardt, D. Santos-Martins, A. F. Tillack, and S. Forli  #
# AutoDock Vina 1.2.0: New Docking Methods, Expanded Force      #
# Field, and Python Bindings, J. Chem. Inf. Model. (2021)       #
# DOI 10.1021/acs.jcim.1c00203                                  #
#                                                               #
# O. Trott, A. J. Olson,                                        #
# AutoDock Vina: improving the speed and accuracy of docking    #
# with a new scoring function, efficient optimization and       #
# multithreading, J. Comp. Chem. (2010)                         #
# DOI 10.1002/jcc.21334                                         #
#                                                               #
# Please see https://github.com/ccsb-scripps/AutoDock-Vina for  #
# more information.                                             #
#################################################################

Scoring function : vina
Rigid receptor: /Users/ario/conserved_site_project/07_mut_docking/H196F.pdbqt
Ligand: /Users/ario/conserved_site_project/05_ligand/ligand.pdbqt
Grid center: X -1.287 Y 9.147 Z 12.03
Grid size  : X 22 Y 22 Z 22
Grid space : 0.375
Exhaustiveness: 16
CPU: 4
Verbosity: 1

Computing Vina grid ... done.
Performing docking (random seed: 42) ... 
0%   10   20   30   40   50   60   70   80   90   100%
|----|----|----|----|----|----|----|----|----|----|
***************************************************

mode |   affinity | dist from best mode
     | (kcal/mol) | rmsd l.b.| rmsd u.b.
-----+------------+----------+----------
   1       -7.734          0          0
   2       -7.442      2.939      6.212
   3       -7.431      3.147      3.605
   4       -7.363      3.665      5.282
   5       -7.309      4.582      6.238
   6       -7.304      2.264      3.893
   7       -7.302      3.716      7.315
   8        -7.28      2.609      4.349
   9       -7.263      3.798       6.85
  10       -7.162      3.048      6.133
  11        -7.12      1.925      2.727
  12       -7.095       3.68      7.025
  13       -7.038      3.786      5.871
  14       -6.936      4.517      6.157
  15       -6.893      3.372      7.177
  16       -6.769      3.503      6.722
  17       -6.685      3.962       7.25
  18        -6.68      5.667      7.358
  19        -6.67      2.071      2.884
  20       -6.615       3.42      5.386

STDERR
