STDOUT
AutoDock Vina v1.2.7
#################################################################
# If you used AutoDock Vina in your work, please cite:          #
#                                                               #
# J. Eberhardt, D. Santos-Martins, A. F. Tillack, and S. Forli  #
# AutoDock Vina 1.2.0: New Docking Methods, Expanded Force      #
# Field, and Python Bindings, J. Chem. Inf. Model. (2021)       #
# DOI 10.1021/acs.jcim.1c00203                                  #
#                                                               #
# O. Trott, A. J. Olson,                                        #
# AutoDock Vina: improving the speed and accuracy of docking    #
# with a new scoring function, efficient optimization and       #
# multithreading, J. Comp. Chem. (2010)                         #
# DOI 10.1002/jcc.21334                                         #
#                                                               #
# Please see https://github.com/ccsb-scripps/AutoDock-Vina for  #
# more information.                                             #
#################################################################

Scoring function : vina
Rigid receptor: /Users/ario/conserved_site_project/07_mut_docking/N226A.pdbqt
Ligand: /Users/ario/conserved_site_project/05_ligand/ligand.pdbqt
Grid center: X -1.287 Y 9.147 Z 12.03
Grid size  : X 22 Y 22 Z 22
Grid space : 0.375
Exhaustiveness: 16
CPU: 4
Verbosity: 1

Computing Vina grid ... done.
Performing docking (random seed: 42) ... 
0%   10   20   30   40   50   60   70   80   90   100%
|----|----|----|----|----|----|----|----|----|----|
***************************************************

mode |   affinity | dist from best mode
     | (kcal/mol) | rmsd l.b.| rmsd u.b.
-----+------------+----------+----------
   1       -6.996          0          0
   2       -6.905      6.886      8.179
   3       -6.849      3.453       4.81
   4       -6.847      4.494      6.576
   5       -6.832      3.732       6.02
   6       -6.814      3.476      5.502
   7       -6.796      2.568      3.601
   8       -6.767      6.898      9.155
   9       -6.764      5.977       8.03
  10       -6.755      3.164      3.649
  11       -6.722      3.781      6.185
  12       -6.709      6.938      9.219
  13        -6.59      5.835       7.77
  14       -6.547       5.86       7.67
  15       -6.525       4.77      7.234
  16       -6.501      3.387      6.007
  17       -6.429      6.866      9.376
  18       -6.328      5.228      7.475
  19       -6.325      6.226       9.01
  20       -6.319      5.311      7.123

STDERR
