STDOUT
AutoDock Vina v1.2.7
#################################################################
# If you used AutoDock Vina in your work, please cite:          #
#                                                               #
# J. Eberhardt, D. Santos-Martins, A. F. Tillack, and S. Forli  #
# AutoDock Vina 1.2.0: New Docking Methods, Expanded Force      #
# Field, and Python Bindings, J. Chem. Inf. Model. (2021)       #
# DOI 10.1021/acs.jcim.1c00203                                  #
#                                                               #
# O. Trott, A. J. Olson,                                        #
# AutoDock Vina: improving the speed and accuracy of docking    #
# with a new scoring function, efficient optimization and       #
# multithreading, J. Comp. Chem. (2010)                         #
# DOI 10.1002/jcc.21334                                         #
#                                                               #
# Please see https://github.com/ccsb-scripps/AutoDock-Vina for  #
# more information.                                             #
#################################################################

Scoring function : vina
Rigid receptor: /Users/ario/conserved_site_project/07_mut_docking/N226D.pdbqt
Ligand: /Users/ario/conserved_site_project/05_ligand/ligand.pdbqt
Grid center: X -1.287 Y 9.147 Z 12.03
Grid size  : X 22 Y 22 Z 22
Grid space : 0.375
Exhaustiveness: 16
CPU: 4
Verbosity: 1

Computing Vina grid ... done.
Performing docking (random seed: 42) ... 
0%   10   20   30   40   50   60   70   80   90   100%
|----|----|----|----|----|----|----|----|----|----|
***************************************************

mode |   affinity | dist from best mode
     | (kcal/mol) | rmsd l.b.| rmsd u.b.
-----+------------+----------+----------
   1       -7.503          0          0
   2       -7.343      2.829       4.18
   3       -7.326       3.36      4.747
   4         -7.3      3.706      7.331
   5       -7.193      4.685      6.741
   6       -7.116       2.63      3.444
   7       -7.108       2.95       6.02
   8       -7.032        3.5      5.293
   9       -7.019      2.378      3.368
  10       -7.016      4.045      7.436
  11       -6.891      3.379      6.166
  12       -6.719      3.405      5.534
  13         -6.7      3.498       5.46
  14       -6.689      2.735      3.543
  15       -6.683      4.979      7.371
  16       -6.659      4.043      5.503
  17       -6.657      3.288      6.439
  18       -6.653      3.289      5.156
  19       -6.644      3.478      4.575
  20        -6.51      3.315       7.14

STDERR
