STDOUT
AutoDock Vina v1.2.7
#################################################################
# If you used AutoDock Vina in your work, please cite:          #
#                                                               #
# J. Eberhardt, D. Santos-Martins, A. F. Tillack, and S. Forli  #
# AutoDock Vina 1.2.0: New Docking Methods, Expanded Force      #
# Field, and Python Bindings, J. Chem. Inf. Model. (2021)       #
# DOI 10.1021/acs.jcim.1c00203                                  #
#                                                               #
# O. Trott, A. J. Olson,                                        #
# AutoDock Vina: improving the speed and accuracy of docking    #
# with a new scoring function, efficient optimization and       #
# multithreading, J. Comp. Chem. (2010)                         #
# DOI 10.1002/jcc.21334                                         #
#                                                               #
# Please see https://github.com/ccsb-scripps/AutoDock-Vina for  #
# more information.                                             #
#################################################################

Scoring function : vina
Rigid receptor: /Users/ario/conserved_site_project/07d_mut_docking_v4/R176A/R176A_holo.pdbqt
Ligand: /Users/ario/conserved_site_project/05b_ligand_v2/dump.pdbqt
Grid center: X -0.137 Y 4.232 Z 15.159
Grid size  : X 22 Y 22 Z 22
Grid space : 0.375
Exhaustiveness: 32
CPU: 4
Verbosity: 1

Computing Vina grid ... done.
Performing docking (random seed: 42) ... 
0%   10   20   30   40   50   60   70   80   90   100%
|----|----|----|----|----|----|----|----|----|----|
***************************************************

mode |   affinity | dist from best mode
     | (kcal/mol) | rmsd l.b.| rmsd u.b.
-----+------------+----------+----------
   1        -5.06          0          0
   2       -4.942      3.746      4.866
   3       -4.916       2.84      6.111
   4       -4.894      2.785      4.591
   5       -4.679      3.193       6.41
   6       -4.653      2.369      4.081
   7       -4.513      1.474      2.149
   8       -4.421      3.825      4.419
   9       -4.339      4.943      7.863
  10       -4.312      3.738      5.416
  11       -4.296      2.535      4.012
  12       -4.255      4.632      6.627
  13       -4.254      4.113      5.528
  14       -4.203      3.401      5.873
  15       -4.154      4.133      6.197
  16       -4.115      3.533      5.311
  17       -4.086      3.547      6.363
  18       -3.902      3.645      5.495
  19       -3.865       4.22      6.328
  20        62.82      7.476      10.04

STDERR
