STDOUT
AutoDock Vina v1.2.7
#################################################################
# If you used AutoDock Vina in your work, please cite:          #
#                                                               #
# J. Eberhardt, D. Santos-Martins, A. F. Tillack, and S. Forli  #
# AutoDock Vina 1.2.0: New Docking Methods, Expanded Force      #
# Field, and Python Bindings, J. Chem. Inf. Model. (2021)       #
# DOI 10.1021/acs.jcim.1c00203                                  #
#                                                               #
# O. Trott, A. J. Olson,                                        #
# AutoDock Vina: improving the speed and accuracy of docking    #
# with a new scoring function, efficient optimization and       #
# multithreading, J. Comp. Chem. (2010)                         #
# DOI 10.1002/jcc.21334                                         #
#                                                               #
# Please see https://github.com/ccsb-scripps/AutoDock-Vina for  #
# more information.                                             #
#################################################################

Scoring function : vina
Rigid receptor: /Users/ario/conserved_site_project/07d_mut_docking_v4/R175E_R176E/R175E_R176E_holo.pdbqt
Ligand: /Users/ario/conserved_site_project/05b_ligand_v2/dump.pdbqt
Grid center: X -0.137 Y 4.232 Z 15.159
Grid size  : X 22 Y 22 Z 22
Grid space : 0.375
Exhaustiveness: 32
CPU: 4
Verbosity: 1

Computing Vina grid ... done.
Performing docking (random seed: 42) ... 
0%   10   20   30   40   50   60   70   80   90   100%
|----|----|----|----|----|----|----|----|----|----|
***************************************************

mode |   affinity | dist from best mode
     | (kcal/mol) | rmsd l.b.| rmsd u.b.
-----+------------+----------+----------
   1       -5.038          0          0
   2       -4.886      4.578      6.339
   3       -4.791      1.521      2.097
   4       -4.673       2.95      4.643
   5       -4.651      3.403      5.302
   6       -4.648      4.368      5.435
   7       -4.631      4.739      5.781
   8       -4.558      6.231       8.03
   9       -4.479      3.231      4.893
  10       -4.427      4.318      6.004
  11       -4.169      2.486      4.135
  12       -4.158      2.953      4.731
  13       -4.101      4.634      6.968
  14       -4.085      4.184      6.684
  15       -4.018      3.587      6.437
  16       -3.951       4.38      5.216
  17       -3.902      5.292      5.838
  18       -3.865      3.108      5.048
  19       -3.806      4.108      6.835
  20        39.06      5.356      6.485

STDERR
