STDOUT
AutoDock Vina v1.2.7
#################################################################
# If you used AutoDock Vina in your work, please cite:          #
#                                                               #
# J. Eberhardt, D. Santos-Martins, A. F. Tillack, and S. Forli  #
# AutoDock Vina 1.2.0: New Docking Methods, Expanded Force      #
# Field, and Python Bindings, J. Chem. Inf. Model. (2021)       #
# DOI 10.1021/acs.jcim.1c00203                                  #
#                                                               #
# O. Trott, A. J. Olson,                                        #
# AutoDock Vina: improving the speed and accuracy of docking    #
# with a new scoring function, efficient optimization and       #
# multithreading, J. Comp. Chem. (2010)                         #
# DOI 10.1002/jcc.21334                                         #
#                                                               #
# Please see https://github.com/ccsb-scripps/AutoDock-Vina for  #
# more information.                                             #
#################################################################

Scoring function : vina
Rigid receptor: /Users/ario/conserved_site_project/07d_mut_docking_v4/R50A/R50A_holo.pdbqt
Ligand: /Users/ario/conserved_site_project/05b_ligand_v2/dump.pdbqt
Grid center: X -0.137 Y 4.232 Z 15.159
Grid size  : X 22 Y 22 Z 22
Grid space : 0.375
Exhaustiveness: 32
CPU: 4
Verbosity: 1

Computing Vina grid ... done.
Performing docking (random seed: 42) ... 
0%   10   20   30   40   50   60   70   80   90   100%
|----|----|----|----|----|----|----|----|----|----|
***************************************************

mode |   affinity | dist from best mode
     | (kcal/mol) | rmsd l.b.| rmsd u.b.
-----+------------+----------+----------
   1       -6.862          0          0
   2       -6.772      2.724      4.659
   3       -6.622      1.552      1.725
   4       -6.542      2.361      3.527
   5       -6.537      1.163      1.594
   6       -6.308      2.624      4.307
   7       -6.292      3.254      5.976
   8       -6.275      3.517      4.789
   9       -6.208      2.545      4.361
  10       -6.026      3.332      6.599
  11        -6.02      3.414      6.896
  12       -5.961      2.611      4.676
  13         -5.7      2.488      3.525
  14       -5.666      2.613       5.72
  15        -5.62      3.276      6.375
  16       -5.552      3.325      5.449
  17       -5.323      3.178      4.933
  18       -5.277      3.204      4.655
  19       -5.271       3.34      5.633
  20       -5.222      2.847      6.052

STDERR
