AutoDock Vina v1.2.7
#################################################################
# If you used AutoDock Vina in your work, please cite:          #
#                                                               #
# J. Eberhardt, D. Santos-Martins, A. F. Tillack, and S. Forli  #
# AutoDock Vina 1.2.0: New Docking Methods, Expanded Force      #
# Field, and Python Bindings, J. Chem. Inf. Model. (2021)       #
# DOI 10.1021/acs.jcim.1c00203                                  #
#                                                               #
# O. Trott, A. J. Olson,                                        #
# AutoDock Vina: improving the speed and accuracy of docking    #
# with a new scoring function, efficient optimization and       #
# multithreading, J. Comp. Chem. (2010)                         #
# DOI 10.1002/jcc.21334                                         #
#                                                               #
# Please see https://github.com/ccsb-scripps/AutoDock-Vina for  #
# more information.                                             #
#################################################################

Scoring function : vina
Rigid receptor: /Users/ario/Downloads/aminak-inhibitor/06f_receptor_fixed/protein_dimer_apo_fixed.pdbqt
Ligand: /Users/ario/Downloads/aminak-inhibitor/14_inhibitor_design/04_allosteric/ligands/frag_CID3672.pdbqt
Grid center: X 16.3055 Y 19.2426 Z 11.3085
Grid size  : X 20 Y 20 Z 20
Grid space : 0.375
Exhaustiveness: 16
CPU: 4
Verbosity: 1

Computing Vina grid ... done.
Performing docking (random seed: 42) ... 
0%   10   20   30   40   50   60   70   80   90   100%
|----|----|----|----|----|----|----|----|----|----|
***************************************************

mode |   affinity | dist from best mode
     | (kcal/mol) | rmsd l.b.| rmsd u.b.
-----+------------+----------+----------
   1        -5.21          0          0
   2       -5.187      3.682      6.525
   3       -5.139      1.506      1.928
   4       -4.967      2.225      3.484
   5       -4.851      3.366      6.313
   6       -4.812      3.093      6.078
   7       -4.657       2.76      6.085
   8       -4.569       9.54      10.93
   9       -4.325      3.951      6.606

=== STDERR ===
