AutoDock Vina v1.2.7
#################################################################
# If you used AutoDock Vina in your work, please cite:          #
#                                                               #
# J. Eberhardt, D. Santos-Martins, A. F. Tillack, and S. Forli  #
# AutoDock Vina 1.2.0: New Docking Methods, Expanded Force      #
# Field, and Python Bindings, J. Chem. Inf. Model. (2021)       #
# DOI 10.1021/acs.jcim.1c00203                                  #
#                                                               #
# O. Trott, A. J. Olson,                                        #
# AutoDock Vina: improving the speed and accuracy of docking    #
# with a new scoring function, efficient optimization and       #
# multithreading, J. Comp. Chem. (2010)                         #
# DOI 10.1002/jcc.21334                                         #
#                                                               #
# Please see https://github.com/ccsb-scripps/AutoDock-Vina for  #
# more information.                                             #
#################################################################

Scoring function : vina
Rigid receptor: /Users/ario/Downloads/aminak-inhibitor/06f_receptor_fixed/protein_dimer_apo_fixed.pdbqt
Ligand: /Users/ario/Downloads/aminak-inhibitor/14_inhibitor_design/04_allosteric/ligands/frag_CID2244.pdbqt
Grid center: X 17.9555 Y 0.959343 Z -1.46794
Grid size  : X 20 Y 20 Z 20
Grid space : 0.375
Exhaustiveness: 16
CPU: 4
Verbosity: 1

Computing Vina grid ... done.
Performing docking (random seed: 42) ... 
0%   10   20   30   40   50   60   70   80   90   100%
|----|----|----|----|----|----|----|----|----|----|
***************************************************

mode |   affinity | dist from best mode
     | (kcal/mol) | rmsd l.b.| rmsd u.b.
-----+------------+----------+----------
   1       -5.667          0          0
   2       -5.575      1.916      3.424
   3       -5.442      1.708      3.267
   4       -5.301      1.872      2.227
   5       -5.195      1.813      3.968
   6       -5.183      1.754      3.585
   7       -5.015      2.693      3.573
   8       -5.006      2.142      4.373
   9       -4.905      2.021      3.116

=== STDERR ===
