AutoDock Vina v1.2.7
#################################################################
# If you used AutoDock Vina in your work, please cite:          #
#                                                               #
# J. Eberhardt, D. Santos-Martins, A. F. Tillack, and S. Forli  #
# AutoDock Vina 1.2.0: New Docking Methods, Expanded Force      #
# Field, and Python Bindings, J. Chem. Inf. Model. (2021)       #
# DOI 10.1021/acs.jcim.1c00203                                  #
#                                                               #
# O. Trott, A. J. Olson,                                        #
# AutoDock Vina: improving the speed and accuracy of docking    #
# with a new scoring function, efficient optimization and       #
# multithreading, J. Comp. Chem. (2010)                         #
# DOI 10.1002/jcc.21334                                         #
#                                                               #
# Please see https://github.com/ccsb-scripps/AutoDock-Vina for  #
# more information.                                             #
#################################################################

Scoring function : vina
Rigid receptor: /Users/ario/Downloads/aminak-inhibitor/06f_receptor_fixed/protein_dimer_apo_fixed.pdbqt
Ligand: /Users/ario/Downloads/aminak-inhibitor/14_inhibitor_design/04_allosteric/ligands/frag_CID2519.pdbqt
Grid center: X 17.605 Y 26.892 Z -3.563
Grid size  : X 20 Y 20 Z 20
Grid space : 0.375
Exhaustiveness: 16
CPU: 4
Verbosity: 1

Computing Vina grid ... done.
Performing docking (random seed: 42) ... 
0%   10   20   30   40   50   60   70   80   90   100%
|----|----|----|----|----|----|----|----|----|----|
***************************************************

mode |   affinity | dist from best mode
     | (kcal/mol) | rmsd l.b.| rmsd u.b.
-----+------------+----------+----------
   1       -4.077          0          0
   2       -4.067      1.668      3.889
   3       -4.061      1.519      3.054
   4       -4.045      1.582      2.355
   5       -4.045      1.522      3.689
   6        -4.03      2.117      4.361
   7       -4.015      1.708      4.766
   8       -3.936      7.641      9.562
   9       -3.869       1.13      3.406

=== STDERR ===
