AutoDock Vina v1.2.7
#################################################################
# If you used AutoDock Vina in your work, please cite:          #
#                                                               #
# J. Eberhardt, D. Santos-Martins, A. F. Tillack, and S. Forli  #
# AutoDock Vina 1.2.0: New Docking Methods, Expanded Force      #
# Field, and Python Bindings, J. Chem. Inf. Model. (2021)       #
# DOI 10.1021/acs.jcim.1c00203                                  #
#                                                               #
# O. Trott, A. J. Olson,                                        #
# AutoDock Vina: improving the speed and accuracy of docking    #
# with a new scoring function, efficient optimization and       #
# multithreading, J. Comp. Chem. (2010)                         #
# DOI 10.1002/jcc.21334                                         #
#                                                               #
# Please see https://github.com/ccsb-scripps/AutoDock-Vina for  #
# more information.                                             #
#################################################################

Scoring function : vina
Rigid receptor: /Users/ario/Downloads/aminak-inhibitor/06f_receptor_fixed/protein_dimer_apo_fixed.pdbqt
Ligand: /Users/ario/Downloads/aminak-inhibitor/14_inhibitor_design/04_allosteric/ligands/frag_CID5564.pdbqt
Grid center: X 17.605 Y 26.892 Z -3.563
Grid size  : X 20 Y 20 Z 20
Grid space : 0.375
Exhaustiveness: 16
CPU: 4
Verbosity: 1

Computing Vina grid ... done.
Performing docking (random seed: 42) ... 
0%   10   20   30   40   50   60   70   80   90   100%
|----|----|----|----|----|----|----|----|----|----|
***************************************************

mode |   affinity | dist from best mode
     | (kcal/mol) | rmsd l.b.| rmsd u.b.
-----+------------+----------+----------
   1       -5.165          0          0
   2       -4.864      1.154      1.296
   3       -4.799      3.199      6.421
   4       -4.797      1.979       5.75
   5       -4.614      6.815      9.511
   6       -4.589      3.238      4.655
   7       -4.582      3.624      6.514
   8       -4.561      2.094      2.609
   9        -4.51      2.034       5.87

=== STDERR ===
