[2026-05-19 17:04:53,013 cli INFO] 
##############################################
#                                            #
#                 HADDOCK3                   #
#                                            #
##############################################

!! Some of the HADDOCK3 components use CNS (Crystallographic and NMR System) which is free of use for non-profit applications. !!
!! For commercial use it is your own responsibility to have a proper license. !!
!! For details refer to the DISCLAIMER file in the HADDOCK3 repository. !!

Starting HADDOCK3 v2026.5.0 on 2026-05-19 17:04:00

Python 3.14.5 (main, May 10 2026, 10:21:34) [Clang 21.0.0 (clang-2100.0.123.102)]

[2026-05-19 17:04:55,455 libworkflow INFO] Reading instructions step 0_topoaa
[2026-05-19 17:04:55,455 libworkflow INFO] Reading instructions step 1_rigidbody
[2026-05-19 17:04:55,455 libworkflow INFO] Reading instructions step 2_seletop
[2026-05-19 17:04:55,455 libworkflow INFO] Reading instructions step 3_flexref
[2026-05-19 17:04:55,455 libworkflow INFO] Reading instructions step 4_caprieval
[2026-05-19 17:04:55,470 base_cns_module INFO] Running [topoaa] module
[2026-05-19 17:04:55,470 __init__ INFO] [topoaa] Molecule 1: receptor_AB.pdb
[2026-05-19 17:04:55,475 __init__ INFO] [topoaa] Termini of molecule 1:
 N-ter: uncharged C-ter: uncharged 5'phosphate: no
[2026-05-19 17:04:55,475 __init__ INFO] [topoaa] Sanitizing molecule receptor_AB.pdb
[2026-05-19 17:04:55,488 __init__ INFO] [topoaa] Topology CNS input created
[2026-05-19 17:04:55,488 __init__ INFO] [topoaa] Molecule 2: peptide.pdb
[2026-05-19 17:04:55,489 __init__ INFO] [topoaa] Termini of molecule 2:
 N-ter: uncharged C-ter: uncharged 5'phosphate: no
[2026-05-19 17:04:55,489 __init__ INFO] [topoaa] Sanitizing molecule peptide.pdb
[2026-05-19 17:04:55,490 __init__ INFO] [topoaa] Topology CNS input created
[2026-05-19 17:04:55,490 __init__ INFO] [topoaa] Running CNS Jobs n=2
[2026-05-19 17:04:55,490 libutil INFO] Selected 2 cores to process 2 jobs, with 12 maximum available cores.
[2026-05-19 17:04:55,506 libparallel INFO] Using 2 cores
[2026-05-19 17:05:02,585 libparallel INFO] 2 tasks finished
[2026-05-19 17:05:02,586 __init__ INFO] [topoaa] CNS jobs have finished
[2026-05-19 17:05:02,588 base_cns_module INFO] Module [topoaa] finished.
[2026-05-19 17:05:02,588 __init__ INFO] [topoaa] took 7 seconds
[2026-05-19 17:05:02,852 base_cns_module INFO] Running [rigidbody] module
[2026-05-19 17:05:02,853 __init__ INFO] [rigidbody] crossdock=true
[2026-05-19 17:05:02,853 __init__ INFO] [rigidbody] Preparing CNS jobs...
[2026-05-19 17:05:02,855 libutil INFO] Selected 4 cores to process 50 jobs, with 12 maximum available cores.
[2026-05-19 17:05:02,855 libparallel INFO] Using 4 cores
[2026-05-19 17:05:04,285 libparallel INFO] 50 tasks finished
[2026-05-19 17:05:04,288 __init__ INFO] [rigidbody] Running CNS Jobs n=50
[2026-05-19 17:05:04,289 libutil INFO] Selected 4 cores to process 50 jobs, with 12 maximum available cores.
[2026-05-19 17:05:04,289 libparallel INFO] Using 4 cores
[2026-05-19 17:05:15,973 libparallel INFO] 50 tasks finished
[2026-05-19 17:05:15,973 __init__ INFO] [rigidbody] CNS jobs have finished
[2026-05-19 17:05:15,979 libutil ERROR] 100.00% of output was not generated for this module and tolerance was set to 5.00%.
Traceback (most recent call last):
  File "/Users/ario/Library/Python/3.14/lib/python/site-packages/haddock/libs/libutil.py", line 383, in log_error_and_exit
    yield
  File "/Users/ario/Library/Python/3.14/lib/python/site-packages/haddock/clis/cli.py", line 193, in main
    workflow.run()
    ~~~~~~~~~~~~^^
  File "/Users/ario/Library/Python/3.14/lib/python/site-packages/haddock/libs/libworkflow.py", line 44, in run
    step.execute()
    ~~~~~~~~~~~~^^
  File "/Users/ario/Library/Python/3.14/lib/python/site-packages/haddock/libs/libworkflow.py", line 185, in execute
    self.module.run()  # type: ignore
    ~~~~~~~~~~~~~~~^^
  File "/Users/ario/Library/Python/3.14/lib/python/site-packages/haddock/modules/base_cns_module.py", line 61, in run
    self._run()
    ~~~~~~~~~^^
  File "/Users/ario/Library/Python/3.14/lib/python/site-packages/haddock/modules/sampling/rigidbody/__init__.py", line 278, in _run
    self.export_io_models(faulty_tolerance=self.params["tolerance"])
    ~~~~~~~~~~~~~~~~~~~~~^^^^^^^^^^^^^^^^^^^^^^^^^^^^^^^^^^^^^^^^^^^
  File "/Users/ario/Library/Python/3.14/lib/python/site-packages/haddock/modules/__init__.py", line 314, in export_io_models
    self.finish_with_error(_msg)
    ~~~~~~~~~~~~~~~~~~~~~~^^^^^^
  File "/Users/ario/Library/Python/3.14/lib/python/site-packages/haddock/modules/__init__.py", line 322, in finish_with_error
    raise RuntimeError(reason)
RuntimeError: 100.00% of output was not generated for this module and tolerance was set to 5.00%.
[2026-05-19 17:05:15,982 libutil ERROR] 100.00% of output was not generated for this module and tolerance was set to 5.00%.
[2026-05-19 17:05:15,982 libutil ERROR] An error has occurred, see log file. And contact the developers if needed.
[2026-05-19 17:05:15,982 libutil INFO] Finished at 19/05/2026 17:05:15. For any help contact us at https://github.com/haddocking/haddock3/issues. Do widzenia! Good bye! Mandi!.
