STDOUT
AutoDock Vina v1.2.7
#################################################################
# If you used AutoDock Vina in your work, please cite:          #
#                                                               #
# J. Eberhardt, D. Santos-Martins, A. F. Tillack, and S. Forli  #
# AutoDock Vina 1.2.0: New Docking Methods, Expanded Force      #
# Field, and Python Bindings, J. Chem. Inf. Model. (2021)       #
# DOI 10.1021/acs.jcim.1c00203                                  #
#                                                               #
# O. Trott, A. J. Olson,                                        #
# AutoDock Vina: improving the speed and accuracy of docking    #
# with a new scoring function, efficient optimization and       #
# multithreading, J. Comp. Chem. (2010)                         #
# DOI 10.1002/jcc.21334                                         #
#                                                               #
# Please see https://github.com/ccsb-scripps/AutoDock-Vina for  #
# more information.                                             #
#################################################################

Scoring function : vina
Rigid receptor: /Users/ario/conserved_site_project/07c_mut_docking_v3/H196A/H196A_holo.pdbqt
Ligand: /Users/ario/conserved_site_project/05b_ligand_v2/dump.pdbqt
Grid center: X -0.137 Y 4.232 Z 15.159
Grid size  : X 22 Y 22 Z 22
Grid space : 0.375
Exhaustiveness: 32
CPU: 4
Verbosity: 1

Computing Vina grid ... done.
Performing docking (random seed: 42) ... 
0%   10   20   30   40   50   60   70   80   90   100%
|----|----|----|----|----|----|----|----|----|----|
***************************************************

mode |   affinity | dist from best mode
     | (kcal/mol) | rmsd l.b.| rmsd u.b.
-----+------------+----------+----------
   1       -7.811          0          0
   2       -5.681       1.25      1.885
   3       -5.256      2.878      6.512
   4       -4.991      10.54      12.65
   5        -4.57      11.91      12.99
   6       -4.555      11.34      13.18
   7        -4.43      11.76      13.45
   8       -4.316      11.93       13.5
   9       -4.297      10.17      12.38
  10       -4.199      11.06      12.88
  11        -4.15      12.79      14.96
  12       -4.073      10.09      12.84
  13       -4.037       13.2      15.37
  14       -4.016      10.63      12.27
  15       -3.836      12.63      13.73
  16       -3.795      12.09       13.7
  17       -3.617      11.24       13.1
  18       -2.803      12.25      13.24
  19        43.05      11.25      13.21
  20        48.09      11.77         13

STDERR
