AutoDock Vina v1.2.7
#################################################################
# If you used AutoDock Vina in your work, please cite:          #
#                                                               #
# J. Eberhardt, D. Santos-Martins, A. F. Tillack, and S. Forli  #
# AutoDock Vina 1.2.0: New Docking Methods, Expanded Force      #
# Field, and Python Bindings, J. Chem. Inf. Model. (2021)       #
# DOI 10.1021/acs.jcim.1c00203                                  #
#                                                               #
# O. Trott, A. J. Olson,                                        #
# AutoDock Vina: improving the speed and accuracy of docking    #
# with a new scoring function, efficient optimization and       #
# multithreading, J. Comp. Chem. (2010)                         #
# DOI 10.1002/jcc.21334                                         #
#                                                               #
# Please see https://github.com/ccsb-scripps/AutoDock-Vina for  #
# more information.                                             #
#################################################################

Scoring function : vina
Rigid receptor: /Users/ario/Downloads/aminak-inhibitor/14_inhibitor_design/02_cofactor_site/receptor_holo.pdbqt
Ligand: /Users/ario/Downloads/aminak-inhibitor/14_inhibitor_design/02_cofactor_site/ligands/decoy_CID5359476.pdbqt
Grid center: X 0.401375 Y 12.3919 Z 17.7663
Grid size  : X 22 Y 22 Z 22
Grid space : 0.375
Exhaustiveness: 16
CPU: 4
Verbosity: 1

Computing Vina grid ... done.
Performing docking (random seed: 42) ... 
0%   10   20   30   40   50   60   70   80   90   100%
|----|----|----|----|----|----|----|----|----|----|
***************************************************

mode |   affinity | dist from best mode
     | (kcal/mol) | rmsd l.b.| rmsd u.b.
-----+------------+----------+----------
   1       -6.791          0          0
   2       -6.313       3.12      8.649
   3       -5.887      5.943      12.13
   4       -5.884      4.187      7.028
   5       -5.855      2.611      3.726
   6       -5.634      4.052      8.908
   7       -5.586      2.886      3.961
   8       -5.551       3.14      4.295
   9        -5.52      2.906      3.927
  10       -5.495      3.191      4.663

=== STDERR ===
