AutoDock Vina v1.2.7
#################################################################
# If you used AutoDock Vina in your work, please cite:          #
#                                                               #
# J. Eberhardt, D. Santos-Martins, A. F. Tillack, and S. Forli  #
# AutoDock Vina 1.2.0: New Docking Methods, Expanded Force      #
# Field, and Python Bindings, J. Chem. Inf. Model. (2021)       #
# DOI 10.1021/acs.jcim.1c00203                                  #
#                                                               #
# O. Trott, A. J. Olson,                                        #
# AutoDock Vina: improving the speed and accuracy of docking    #
# with a new scoring function, efficient optimization and       #
# multithreading, J. Comp. Chem. (2010)                         #
# DOI 10.1002/jcc.21334                                         #
#                                                               #
# Please see https://github.com/ccsb-scripps/AutoDock-Vina for  #
# more information.                                             #
#################################################################

Scoring function : vina
Rigid receptor: /Users/ario/Downloads/aminak-inhibitor/14_inhibitor_design/02_cofactor_site/receptor_holo.pdbqt
Ligand: /Users/ario/Downloads/aminak-inhibitor/14_inhibitor_design/02_cofactor_site/ligands/Raltitrexed.pdbqt
Grid center: X 0.401375 Y 12.3919 Z 17.7663
Grid size  : X 22 Y 22 Z 22
Grid space : 0.375
Exhaustiveness: 16
CPU: 4
Verbosity: 1

Computing Vina grid ... done.
Performing docking (random seed: 42) ... 
0%   10   20   30   40   50   60   70   80   90   100%
|----|----|----|----|----|----|----|----|----|----|
***************************************************

mode |   affinity | dist from best mode
     | (kcal/mol) | rmsd l.b.| rmsd u.b.
-----+------------+----------+----------
   1        -5.77          0          0
   2       -5.482      2.892      4.185
   3       -5.479      6.105      9.298
   4       -5.431      3.008      6.988
   5       -5.424      3.446      7.293
   6       -5.403      3.258      5.701
   7       -5.378      5.864      9.176
   8       -5.369      1.208      2.131
   9       -5.368      3.423      7.999
  10       -5.256      5.769      9.337

=== STDERR ===
