STDOUT
AutoDock Vina v1.2.7
#################################################################
# If you used AutoDock Vina in your work, please cite:          #
#                                                               #
# J. Eberhardt, D. Santos-Martins, A. F. Tillack, and S. Forli  #
# AutoDock Vina 1.2.0: New Docking Methods, Expanded Force      #
# Field, and Python Bindings, J. Chem. Inf. Model. (2021)       #
# DOI 10.1021/acs.jcim.1c00203                                  #
#                                                               #
# O. Trott, A. J. Olson,                                        #
# AutoDock Vina: improving the speed and accuracy of docking    #
# with a new scoring function, efficient optimization and       #
# multithreading, J. Comp. Chem. (2010)                         #
# DOI 10.1002/jcc.21334                                         #
#                                                               #
# Please see https://github.com/ccsb-scripps/AutoDock-Vina for  #
# more information.                                             #
#################################################################

Scoring function : vina
Rigid receptor: /Users/ario/conserved_site_project/06c_docking_wt_v3/protein_dimer_holo.pdbqt
Ligand: /Users/ario/conserved_site_project/05b_ligand_v2/dump.pdbqt
Grid center: X -0.137 Y 4.232 Z 15.159
Grid size  : X 22 Y 22 Z 22
Grid space : 0.375
Exhaustiveness: 96
CPU: 4
Verbosity: 1

Computing Vina grid ... done.
Performing docking (random seed: 7) ... 
0%   10   20   30   40   50   60   70   80   90   100%
|----|----|----|----|----|----|----|----|----|----|
***************************************************

mode |   affinity | dist from best mode
     | (kcal/mol) | rmsd l.b.| rmsd u.b.
-----+------------+----------+----------
   1       -8.309          0          0
   2       -6.113      1.222      1.658
   3       -4.971      11.72      12.96
   4        -4.84       11.3      13.29
   5       -4.835      10.06      12.25
   6        -4.64      12.05      13.03
   7       -4.525      11.31      13.21
   8       -4.498      11.84      13.53
   9       -4.436      7.488      10.59
  10       -4.417      10.19      12.47
  11       -4.383      10.34      12.52
  12       -4.369      12.15      13.65
  13       -4.363      10.29      12.91
  14       -4.354      10.11      12.84
  15        -4.35      2.806      6.249
  16       -4.341      12.48      13.83
  17       -4.137      11.08      12.89
  18       -4.118      12.07      14.02
  19       -4.117      12.56      13.81
  20       -4.102      10.63      13.65
  21       -4.071      11.28      12.59
  22       -4.067      12.31      13.66
  23       -3.994      12.72      14.12
  24       -3.991      10.05      12.66
  25       -3.985      10.29      12.47
  26       -3.961      12.47      13.95
  27       -3.961      12.15      13.28
  28       -3.868      11.28      13.24
  29       -3.718      12.18      13.71
  30        -3.65      11.26      13.58
  31       -1.909      12.66      14.21

STDERR
