STDOUT
AutoDock Vina v1.2.7
#################################################################
# If you used AutoDock Vina in your work, please cite:          #
#                                                               #
# J. Eberhardt, D. Santos-Martins, A. F. Tillack, and S. Forli  #
# AutoDock Vina 1.2.0: New Docking Methods, Expanded Force      #
# Field, and Python Bindings, J. Chem. Inf. Model. (2021)       #
# DOI 10.1021/acs.jcim.1c00203                                  #
#                                                               #
# O. Trott, A. J. Olson,                                        #
# AutoDock Vina: improving the speed and accuracy of docking    #
# with a new scoring function, efficient optimization and       #
# multithreading, J. Comp. Chem. (2010)                         #
# DOI 10.1002/jcc.21334                                         #
#                                                               #
# Please see https://github.com/ccsb-scripps/AutoDock-Vina for  #
# more information.                                             #
#################################################################

Scoring function : vina
Rigid receptor: /Users/ario/conserved_site_project/06c_docking_wt_v3/protein_dimer_holo.pdbqt
Ligand: /Users/ario/conserved_site_project/05b_ligand_v2/dump.pdbqt
Grid center: X -0.137 Y 4.232 Z 15.159
Grid size  : X 22 Y 22 Z 22
Grid space : 0.375
Exhaustiveness: 96
CPU: 4
Verbosity: 1

Computing Vina grid ... done.
Performing docking (random seed: 42) ... 
0%   10   20   30   40   50   60   70   80   90   100%
|----|----|----|----|----|----|----|----|----|----|
***************************************************

mode |   affinity | dist from best mode
     | (kcal/mol) | rmsd l.b.| rmsd u.b.
-----+------------+----------+----------
   1       -8.314          0          0
   2       -6.095      1.214      1.658
   3       -5.767      1.273      1.414
   4       -4.966      11.73      12.97
   5       -4.842      10.03      12.22
   6       -4.641      12.03         13
   7       -4.615      11.43      13.48
   8       -4.546      9.961      12.24
   9       -4.542      11.31      13.17
  10       -4.508      12.37      14.01
  11       -4.491      10.26      12.44
  12       -4.465      11.83       13.5
  13       -4.464      7.497      10.61
  14       -4.463      12.22      14.19
  15       -4.426      10.18      12.66
  16       -4.384      10.14      12.42
  17        -4.35      12.29      13.67
  18       -4.253      2.786      6.246
  19       -4.204      11.94      13.43
  20       -4.181      9.936      12.34
  21       -4.151      10.08       12.8
  22       -4.127      12.28      13.56
  23       -4.118      11.89      13.79
  24       -4.112      11.75      13.35
  25       -4.042      12.58      13.88
  26       -4.013      11.23      12.57
  27        -3.98      12.64      14.01
  28       -3.924      11.77      13.53
  29       -3.857      10.93      13.33
  30       -3.777      11.88      13.99
  31       -3.738      12.09      13.21
  32       -3.669       12.2      13.13

STDERR
