STDOUT
AutoDock Vina v1.2.7
#################################################################
# If you used AutoDock Vina in your work, please cite:          #
#                                                               #
# J. Eberhardt, D. Santos-Martins, A. F. Tillack, and S. Forli  #
# AutoDock Vina 1.2.0: New Docking Methods, Expanded Force      #
# Field, and Python Bindings, J. Chem. Inf. Model. (2021)       #
# DOI 10.1021/acs.jcim.1c00203                                  #
#                                                               #
# O. Trott, A. J. Olson,                                        #
# AutoDock Vina: improving the speed and accuracy of docking    #
# with a new scoring function, efficient optimization and       #
# multithreading, J. Comp. Chem. (2010)                         #
# DOI 10.1002/jcc.21334                                         #
#                                                               #
# Please see https://github.com/ccsb-scripps/AutoDock-Vina for  #
# more information.                                             #
#################################################################

Scoring function : vina
Rigid receptor: /Users/ario/conserved_site_project/07b_mut_docking_v2/R215A/R215A_apo.pdbqt
Ligand: /Users/ario/conserved_site_project/05b_ligand_v2/dump.pdbqt
Grid center: X 3.466 Y 4.741 Z 7.778
Grid size  : X 18 Y 18 Z 18
Grid space : 0.375
Exhaustiveness: 32
CPU: 4
Verbosity: 1

Computing Vina grid ... done.
Performing docking (random seed: 42) ... 
0%   10   20   30   40   50   60   70   80   90   100%
|----|----|----|----|----|----|----|----|----|----|
***************************************************

mode |   affinity | dist from best mode
     | (kcal/mol) | rmsd l.b.| rmsd u.b.
-----+------------+----------+----------
   1       -7.842          0          0
   2       -7.284      2.489      4.067
   3       -7.225      2.608       4.13
   4       -7.174      3.217      7.079
   5       -6.495      3.058      4.923
   6       -6.456      3.536      7.581
   7        -6.02      4.353      6.145
   8       -5.705      4.977      6.959
   9       -5.696      4.524      7.071
  10       -5.659       4.66      8.537
  11       -4.876      4.426      5.943
  12       -4.536       6.45      8.756
  13       -4.509      3.671      5.294
  14       -4.496      2.855      4.199
  15       -4.484      6.033        8.5
  16       -4.269      4.027      8.169
  17       -4.181      4.617      6.729
  18       -2.929      4.077      7.787
  19        7.926      3.844      7.031
  20        42.46      2.822      6.447

STDERR
