STDOUT
AutoDock Vina v1.2.7
#################################################################
# If you used AutoDock Vina in your work, please cite:          #
#                                                               #
# J. Eberhardt, D. Santos-Martins, A. F. Tillack, and S. Forli  #
# AutoDock Vina 1.2.0: New Docking Methods, Expanded Force      #
# Field, and Python Bindings, J. Chem. Inf. Model. (2021)       #
# DOI 10.1021/acs.jcim.1c00203                                  #
#                                                               #
# O. Trott, A. J. Olson,                                        #
# AutoDock Vina: improving the speed and accuracy of docking    #
# with a new scoring function, efficient optimization and       #
# multithreading, J. Comp. Chem. (2010)                         #
# DOI 10.1002/jcc.21334                                         #
#                                                               #
# Please see https://github.com/ccsb-scripps/AutoDock-Vina for  #
# more information.                                             #
#################################################################

Scoring function : vina
Rigid receptor: /Users/ario/conserved_site_project/07b_mut_docking_v2/R215A/R215A_holo.pdbqt
Ligand: /Users/ario/conserved_site_project/05b_ligand_v2/dump.pdbqt
Grid center: X 3.466 Y 4.741 Z 7.778
Grid size  : X 18 Y 18 Z 18
Grid space : 0.375
Exhaustiveness: 32
CPU: 4
Verbosity: 1

Computing Vina grid ... done.
Performing docking (random seed: 42) ... 
0%   10   20   30   40   50   60   70   80   90   100%
|----|----|----|----|----|----|----|----|----|----|
***************************************************

mode |   affinity | dist from best mode
     | (kcal/mol) | rmsd l.b.| rmsd u.b.
-----+------------+----------+----------
   1       -7.147          0          0
   2       -5.412      1.285      1.679
   3       -3.308      3.167      6.265
   4        -2.43      2.626      4.454
   5       -1.713      2.688      6.177
   6      -0.6283      3.107      5.065
   7      -0.2004      2.659      4.457
   8         1.12      2.467      3.998
   9        1.162      4.082      6.552
  10         1.56      3.299          6
  11         1.89      3.197       6.49
  12        2.645      3.086      6.959
  13        3.605       5.25       8.34
  14        3.671      3.905       7.33
  15        4.441      5.868       8.99
  16        4.566      4.819      6.931
  17        4.771      3.371      5.438
  18        5.305       4.65      6.662
  19        5.411      3.182      6.022
  20        6.519      2.954      5.024

STDERR
