STDOUT
AutoDock Vina v1.2.7
#################################################################
# If you used AutoDock Vina in your work, please cite:          #
#                                                               #
# J. Eberhardt, D. Santos-Martins, A. F. Tillack, and S. Forli  #
# AutoDock Vina 1.2.0: New Docking Methods, Expanded Force      #
# Field, and Python Bindings, J. Chem. Inf. Model. (2021)       #
# DOI 10.1021/acs.jcim.1c00203                                  #
#                                                               #
# O. Trott, A. J. Olson,                                        #
# AutoDock Vina: improving the speed and accuracy of docking    #
# with a new scoring function, efficient optimization and       #
# multithreading, J. Comp. Chem. (2010)                         #
# DOI 10.1002/jcc.21334                                         #
#                                                               #
# Please see https://github.com/ccsb-scripps/AutoDock-Vina for  #
# more information.                                             #
#################################################################

Scoring function : vina
Rigid receptor: /Users/ario/conserved_site_project/07b_mut_docking_v2/N226D/N226D_apo.pdbqt
Ligand: /Users/ario/conserved_site_project/05b_ligand_v2/dump.pdbqt
Grid center: X 3.466 Y 4.741 Z 7.778
Grid size  : X 18 Y 18 Z 18
Grid space : 0.375
Exhaustiveness: 32
CPU: 4
Verbosity: 1

Computing Vina grid ... done.
Performing docking (random seed: 42) ... 
0%   10   20   30   40   50   60   70   80   90   100%
|----|----|----|----|----|----|----|----|----|----|
***************************************************

mode |   affinity | dist from best mode
     | (kcal/mol) | rmsd l.b.| rmsd u.b.
-----+------------+----------+----------
   1       -7.364          0          0
   2       -7.112      1.853      2.303
   3       -6.914      3.555      6.712
   4       -6.879      3.161      5.999
   5       -6.454      2.119      2.972
   6        -6.26      3.127      6.558
   7       -5.992      2.982      5.738
   8       -5.854      2.417      3.667
   9       -5.732       3.37       5.41
  10       -5.488      2.997      4.709
  11       -5.429      2.679       3.75
  12       -5.192      2.901      5.622
  13       -5.058      3.123      6.831
  14       -4.755       2.81      4.316
  15       -4.709      3.455      5.471
  16       -4.673      2.939      6.109
  17       -4.586      2.793      4.145
  18       -4.232      2.411      3.287
  19        15.27      2.963      4.331

STDERR
