STDOUT
AutoDock Vina v1.2.7
#################################################################
# If you used AutoDock Vina in your work, please cite:          #
#                                                               #
# J. Eberhardt, D. Santos-Martins, A. F. Tillack, and S. Forli  #
# AutoDock Vina 1.2.0: New Docking Methods, Expanded Force      #
# Field, and Python Bindings, J. Chem. Inf. Model. (2021)       #
# DOI 10.1021/acs.jcim.1c00203                                  #
#                                                               #
# O. Trott, A. J. Olson,                                        #
# AutoDock Vina: improving the speed and accuracy of docking    #
# with a new scoring function, efficient optimization and       #
# multithreading, J. Comp. Chem. (2010)                         #
# DOI 10.1002/jcc.21334                                         #
#                                                               #
# Please see https://github.com/ccsb-scripps/AutoDock-Vina for  #
# more information.                                             #
#################################################################

Scoring function : vina
Rigid receptor: /Users/ario/conserved_site_project/07c_mut_docking_v3/C195S/C195S_apo.pdbqt
Ligand: /Users/ario/conserved_site_project/05b_ligand_v2/dump.pdbqt
Grid center: X -0.137 Y 4.232 Z 15.159
Grid size  : X 22 Y 22 Z 22
Grid space : 0.375
Exhaustiveness: 32
CPU: 4
Verbosity: 1

Computing Vina grid ... done.
Performing docking (random seed: 42) ... 
0%   10   20   30   40   50   60   70   80   90   100%
|----|----|----|----|----|----|----|----|----|----|
***************************************************

mode |   affinity | dist from best mode
     | (kcal/mol) | rmsd l.b.| rmsd u.b.
-----+------------+----------+----------
   1       -9.552          0          0
   2       -8.691      2.826      4.442
   3       -8.641      2.107      2.302
   4       -8.505      1.832       2.45
   5       -8.446      2.935      6.233
   6       -8.308      1.571      1.861
   7       -8.073      3.247      6.877
   8       -8.069      2.493      3.391
   9       -8.026      2.301      2.898
  10       -8.013      2.951      3.955
  11       -7.879      2.645      3.804
  12       -7.855      2.801      3.524
  13       -7.848      3.576      5.383
  14        -7.82      3.454      7.161
  15       -7.668      3.348      6.356
  16       -7.602      2.206       2.75
  17       -7.543      3.709      6.538
  18       -7.405      2.401      3.309
  19       -7.402      2.369      4.111
  20       -7.287       3.75      6.524

STDERR
