AutoDock Vina v1.2.7
#################################################################
# If you used AutoDock Vina in your work, please cite:          #
#                                                               #
# J. Eberhardt, D. Santos-Martins, A. F. Tillack, and S. Forli  #
# AutoDock Vina 1.2.0: New Docking Methods, Expanded Force      #
# Field, and Python Bindings, J. Chem. Inf. Model. (2021)       #
# DOI 10.1021/acs.jcim.1c00203                                  #
#                                                               #
# O. Trott, A. J. Olson,                                        #
# AutoDock Vina: improving the speed and accuracy of docking    #
# with a new scoring function, efficient optimization and       #
# multithreading, J. Comp. Chem. (2010)                         #
# DOI 10.1002/jcc.21334                                         #
#                                                               #
# Please see https://github.com/ccsb-scripps/AutoDock-Vina for  #
# more information.                                             #
#################################################################

Scoring function : vina
Rigid receptor: /Users/ario/Downloads/aminak-inhibitor/06f_receptor_fixed/protein_dimer_apo_fixed.pdbqt
Ligand: /Users/ario/Downloads/aminak-inhibitor/14_inhibitor_design/01_active_site/ligands/dUMP.pdbqt
Grid center: X -0.137 Y 4.232 Z 15.159
Grid size  : X 22 Y 22 Z 22
Grid space : 0.375
Exhaustiveness: 32
CPU: 4
Verbosity: 1

Computing Vina grid ... done.
Performing docking (random seed: 42) ... 
0%   10   20   30   40   50   60   70   80   90   100%
|----|----|----|----|----|----|----|----|----|----|
***************************************************

mode |   affinity | dist from best mode
     | (kcal/mol) | rmsd l.b.| rmsd u.b.
-----+------------+----------+----------
   1       -8.777          0          0
   2       -8.689      3.273      4.683
   3       -8.329      2.396       2.84
   4       -8.267      1.731      2.377
   5       -7.896       2.36      3.137
   6       -7.856      3.493      5.477
   7       -7.803      1.952      2.435
   8        -7.73      2.741      5.886
   9       -7.597      3.229      5.165
  10       -7.517      2.261      3.091
  11       -7.451      2.521      3.749
  12       -7.317      3.647       7.25
  13       -7.291       3.01      6.188
  14       -7.283      3.272      5.442
  15       -7.272      4.175      7.436
  16       -7.177      3.246       6.77
  17        -7.14      4.568      6.574
  18       -6.969      3.375      6.487
  19       -6.906      3.317      3.873
  20       -6.788      4.096       6.68

=== STDERR ===
