AutoDock Vina v1.2.7
#################################################################
# If you used AutoDock Vina in your work, please cite:          #
#                                                               #
# J. Eberhardt, D. Santos-Martins, A. F. Tillack, and S. Forli  #
# AutoDock Vina 1.2.0: New Docking Methods, Expanded Force      #
# Field, and Python Bindings, J. Chem. Inf. Model. (2021)       #
# DOI 10.1021/acs.jcim.1c00203                                  #
#                                                               #
# O. Trott, A. J. Olson,                                        #
# AutoDock Vina: improving the speed and accuracy of docking    #
# with a new scoring function, efficient optimization and       #
# multithreading, J. Comp. Chem. (2010)                         #
# DOI 10.1002/jcc.21334                                         #
#                                                               #
# Please see https://github.com/ccsb-scripps/AutoDock-Vina for  #
# more information.                                             #
#################################################################

Scoring function : vina
Rigid receptor: /Users/ario/Downloads/aminak-inhibitor/06f_receptor_fixed/protein_dimer_apo_fixed.pdbqt
Ligand: /Users/ario/Downloads/aminak-inhibitor/14_inhibitor_design/03_dimer_interface/ligands/LR_4mer_pos1_LSCQ.pdbqt
Grid center: X 1.66167 Y -0.534317 Z 0.554874
Grid size  : X 26 Y 22 Z 22
Grid space : 0.375
Exhaustiveness: 16
CPU: 4
Verbosity: 1

Computing Vina grid ... done.
Performing docking (random seed: 7) ... 
0%   10   20   30   40   50   60   70   80   90   100%
|----|----|----|----|----|----|----|----|----|----|
***************************************************

mode |   affinity | dist from best mode
     | (kcal/mol) | rmsd l.b.| rmsd u.b.
-----+------------+----------+----------
   1       -5.006          0          0
   2       -4.227      2.763      7.191
   3       -3.692        2.5      5.089
   4       -3.644      2.994      6.883
   5       -3.531      2.861      4.897
   6       -3.523      2.022      5.291
   7       -3.172      1.994      4.641
   8       -3.052      2.418      5.178
   9       -1.689      1.614      2.332

=== STDERR ===
