STDOUT
AutoDock Vina v1.2.7
#################################################################
# If you used AutoDock Vina in your work, please cite:          #
#                                                               #
# J. Eberhardt, D. Santos-Martins, A. F. Tillack, and S. Forli  #
# AutoDock Vina 1.2.0: New Docking Methods, Expanded Force      #
# Field, and Python Bindings, J. Chem. Inf. Model. (2021)       #
# DOI 10.1021/acs.jcim.1c00203                                  #
#                                                               #
# O. Trott, A. J. Olson,                                        #
# AutoDock Vina: improving the speed and accuracy of docking    #
# with a new scoring function, efficient optimization and       #
# multithreading, J. Comp. Chem. (2010)                         #
# DOI 10.1002/jcc.21334                                         #
#                                                               #
# Please see https://github.com/ccsb-scripps/AutoDock-Vina for  #
# more information.                                             #
#################################################################

Scoring function : vina
Rigid receptor: /Users/ario/conserved_site_project/07c_mut_docking_v3/R50E/R50E_holo.pdbqt
Ligand: /Users/ario/conserved_site_project/05b_ligand_v2/dump.pdbqt
Grid center: X -0.137 Y 4.232 Z 15.159
Grid size  : X 22 Y 22 Z 22
Grid space : 0.375
Exhaustiveness: 32
CPU: 4
Verbosity: 1

Computing Vina grid ... done.
Performing docking (random seed: 42) ... 
0%   10   20   30   40   50   60   70   80   90   100%
|----|----|----|----|----|----|----|----|----|----|
***************************************************

mode |   affinity | dist from best mode
     | (kcal/mol) | rmsd l.b.| rmsd u.b.
-----+------------+----------+----------
   1       -7.404          0          0
   2       -7.399      3.309      6.668
   3       -7.256      4.943      7.452
   4       -6.726      2.841      6.552
   5       -6.648      3.219      7.122
   6       -6.569      2.551      4.115
   7       -6.418      3.467       6.58
   8       -6.366      2.642       4.28
   9       -6.314      3.392      6.757
  10       -6.165      4.588      7.484
  11       -6.159      3.331      6.712
  12       -6.117      2.123      3.369
  13       -6.088      1.942      3.058
  14       -6.052      2.427      3.572
  15       -5.979      3.061      6.879
  16       -5.949      3.166      5.052
  17       -5.832      1.929      3.078
  18       -5.647      2.823      6.199
  19       -5.647      3.466      5.906
  20       -5.596      2.373      4.041

STDERR
