STDOUT
AutoDock Vina v1.2.7
#################################################################
# If you used AutoDock Vina in your work, please cite:          #
#                                                               #
# J. Eberhardt, D. Santos-Martins, A. F. Tillack, and S. Forli  #
# AutoDock Vina 1.2.0: New Docking Methods, Expanded Force      #
# Field, and Python Bindings, J. Chem. Inf. Model. (2021)       #
# DOI 10.1021/acs.jcim.1c00203                                  #
#                                                               #
# O. Trott, A. J. Olson,                                        #
# AutoDock Vina: improving the speed and accuracy of docking    #
# with a new scoring function, efficient optimization and       #
# multithreading, J. Comp. Chem. (2010)                         #
# DOI 10.1002/jcc.21334                                         #
#                                                               #
# Please see https://github.com/ccsb-scripps/AutoDock-Vina for  #
# more information.                                             #
#################################################################

Scoring function : vina
Rigid receptor: /Users/ario/conserved_site_project/07c_mut_docking_v3/R50E/R50E_apo.pdbqt
Ligand: /Users/ario/conserved_site_project/05b_ligand_v2/dump.pdbqt
Grid center: X -0.137 Y 4.232 Z 15.159
Grid size  : X 22 Y 22 Z 22
Grid space : 0.375
Exhaustiveness: 32
CPU: 4
Verbosity: 1

Computing Vina grid ... done.
Performing docking (random seed: 42) ... 
0%   10   20   30   40   50   60   70   80   90   100%
|----|----|----|----|----|----|----|----|----|----|
***************************************************

mode |   affinity | dist from best mode
     | (kcal/mol) | rmsd l.b.| rmsd u.b.
-----+------------+----------+----------
   1       -8.782          0          0
   2       -8.387      1.616      2.285
   3       -8.329      2.873      6.155
   4        -8.28       1.76      2.023
   5        -8.17      1.251      1.538
   6       -8.131      1.799      3.125
   7       -8.057      4.025      6.311
   8       -7.957       2.99      6.331
   9        -7.82      3.853       5.96
  10       -7.629      3.612      6.982
  11       -7.603      3.013      4.187
  12       -7.597      2.194      3.454
  13       -7.585      3.706      7.321
  14       -7.459      2.647      5.151
  15       -7.434      2.928       6.07
  16       -7.431      3.235      6.902
  17       -7.423      3.549      6.183
  18       -7.421      2.657      3.206
  19       -7.352       3.98      7.379
  20       -7.311      3.021      4.391

STDERR
