STDOUT
AutoDock Vina v1.2.7
#################################################################
# If you used AutoDock Vina in your work, please cite:          #
#                                                               #
# J. Eberhardt, D. Santos-Martins, A. F. Tillack, and S. Forli  #
# AutoDock Vina 1.2.0: New Docking Methods, Expanded Force      #
# Field, and Python Bindings, J. Chem. Inf. Model. (2021)       #
# DOI 10.1021/acs.jcim.1c00203                                  #
#                                                               #
# O. Trott, A. J. Olson,                                        #
# AutoDock Vina: improving the speed and accuracy of docking    #
# with a new scoring function, efficient optimization and       #
# multithreading, J. Comp. Chem. (2010)                         #
# DOI 10.1002/jcc.21334                                         #
#                                                               #
# Please see https://github.com/ccsb-scripps/AutoDock-Vina for  #
# more information.                                             #
#################################################################

Scoring function : vina
Rigid receptor: /Users/ario/conserved_site_project/07c_mut_docking_v3/R175E/R175E_holo.pdbqt
Ligand: /Users/ario/conserved_site_project/05b_ligand_v2/dump.pdbqt
Grid center: X -0.137 Y 4.232 Z 15.159
Grid size  : X 22 Y 22 Z 22
Grid space : 0.375
Exhaustiveness: 32
CPU: 4
Verbosity: 1

Computing Vina grid ... done.
Performing docking (random seed: 42) ... 
0%   10   20   30   40   50   60   70   80   90   100%
|----|----|----|----|----|----|----|----|----|----|
***************************************************

mode |   affinity | dist from best mode
     | (kcal/mol) | rmsd l.b.| rmsd u.b.
-----+------------+----------+----------
   1       -8.285          0          0
   2       -5.988      1.329      1.779
   3        -4.89      11.17      13.19
   4       -4.629      11.97      12.97
   5       -4.585      11.28      13.13
   6       -4.494      10.27      12.39
   7       -4.477      2.793      6.189
   8       -4.348      12.14       13.6
   9       -4.304      10.19      12.42
  10       -4.233      10.15      12.77
  11       -4.215      11.99      13.52
  12       -4.099       12.1      13.99
  13       -3.978      12.56      13.77
  14        -3.96      10.38      12.55
  15       -3.825      2.254      3.658
  16       -3.636      10.84      12.88
  17       -3.609      11.58      12.78
  18       -3.539      9.933      12.89
  19       -3.531      11.03      12.76
  20        26.95         10      12.14

STDERR
