STDOUT
AutoDock Vina v1.2.7
#################################################################
# If you used AutoDock Vina in your work, please cite:          #
#                                                               #
# J. Eberhardt, D. Santos-Martins, A. F. Tillack, and S. Forli  #
# AutoDock Vina 1.2.0: New Docking Methods, Expanded Force      #
# Field, and Python Bindings, J. Chem. Inf. Model. (2021)       #
# DOI 10.1021/acs.jcim.1c00203                                  #
#                                                               #
# O. Trott, A. J. Olson,                                        #
# AutoDock Vina: improving the speed and accuracy of docking    #
# with a new scoring function, efficient optimization and       #
# multithreading, J. Comp. Chem. (2010)                         #
# DOI 10.1002/jcc.21334                                         #
#                                                               #
# Please see https://github.com/ccsb-scripps/AutoDock-Vina for  #
# more information.                                             #
#################################################################

Scoring function : vina
Rigid receptor: /Users/ario/conserved_site_project/07c_mut_docking_v3/C195A_H196A/C195A_H196A_apo.pdbqt
Ligand: /Users/ario/conserved_site_project/05b_ligand_v2/dump.pdbqt
Grid center: X -0.137 Y 4.232 Z 15.159
Grid size  : X 22 Y 22 Z 22
Grid space : 0.375
Exhaustiveness: 32
CPU: 4
Verbosity: 1

Computing Vina grid ... done.
Performing docking (random seed: 42) ... 
0%   10   20   30   40   50   60   70   80   90   100%
|----|----|----|----|----|----|----|----|----|----|
***************************************************

mode |   affinity | dist from best mode
     | (kcal/mol) | rmsd l.b.| rmsd u.b.
-----+------------+----------+----------
   1       -9.118          0          0
   2       -8.639      2.498      2.771
   3       -8.587      2.853      4.481
   4           -8      1.882      2.473
   5       -7.909      2.909      6.334
   6        -7.89      2.176      2.477
   7       -7.794      3.258       6.84
   8       -7.731      2.462      3.363
   9       -7.701      2.993       3.99
  10       -7.656      3.185      6.243
  11       -7.579      3.542      7.165
  12       -7.556       2.02      2.351
  13       -7.411      3.289      6.754
  14       -7.325      2.229      3.238
  15       -7.229      2.851       4.69
  16       -7.184      3.639      5.685
  17       -7.151      4.929      7.425
  18        -7.14      3.755      6.571
  19       -7.136      3.522      6.687
  20       -7.072      3.092      5.866

STDERR
