AutoDock Vina v1.2.7
#################################################################
# If you used AutoDock Vina in your work, please cite:          #
#                                                               #
# J. Eberhardt, D. Santos-Martins, A. F. Tillack, and S. Forli  #
# AutoDock Vina 1.2.0: New Docking Methods, Expanded Force      #
# Field, and Python Bindings, J. Chem. Inf. Model. (2021)       #
# DOI 10.1021/acs.jcim.1c00203                                  #
#                                                               #
# O. Trott, A. J. Olson,                                        #
# AutoDock Vina: improving the speed and accuracy of docking    #
# with a new scoring function, efficient optimization and       #
# multithreading, J. Comp. Chem. (2010)                         #
# DOI 10.1002/jcc.21334                                         #
#                                                               #
# Please see https://github.com/ccsb-scripps/AutoDock-Vina for  #
# more information.                                             #
#################################################################

Scoring function : vina
Rigid receptor: /Users/ario/conserved_site_project/13_phase8/02_flexres/Y258F_F225Y_rigid.pdbqt
Flex receptor: /Users/ario/conserved_site_project/13_phase8/02_flexres/Y258F_F225Y_flexres.pdbqt
Ligand: /Users/ario/conserved_site_project/05b_ligand_v2/dump.pdbqt
Grid center: X -0.137 Y 4.232 Z 15.159
Grid size  : X 18 Y 18 Z 18
Grid space : 0.375
Exhaustiveness: 8
CPU: 0
Verbosity: 1

Computing Vina grid ... done.
Performing docking (random seed: 42) ... 
0%   10   20   30   40   50   60   70   80   90   100%
|----|----|----|----|----|----|----|----|----|----|
***************************************************

mode |   affinity | dist from best mode
     | (kcal/mol) | rmsd l.b.| rmsd u.b.
-----+------------+----------+----------
   1       -4.923          0          0
   2      -0.4313      2.457      3.841
   3        1.719      1.716      3.723
   4    1.027e+04      2.215      3.877
   5    1.027e+04      2.123      2.841
   6    1.029e+04        1.9      2.584
   7    1.035e+04       1.91      2.679
   8    1.329e+04      1.929      2.632
   9    2.228e+04      2.108      4.036
  10    8.267e+04      2.298      4.221

--STDERR--
WARNING: At low exhaustiveness, it may be impossible to utilize all CPUs.
