STDOUT
AutoDock Vina v1.2.7
#################################################################
# If you used AutoDock Vina in your work, please cite:          #
#                                                               #
# J. Eberhardt, D. Santos-Martins, A. F. Tillack, and S. Forli  #
# AutoDock Vina 1.2.0: New Docking Methods, Expanded Force      #
# Field, and Python Bindings, J. Chem. Inf. Model. (2021)       #
# DOI 10.1021/acs.jcim.1c00203                                  #
#                                                               #
# O. Trott, A. J. Olson,                                        #
# AutoDock Vina: improving the speed and accuracy of docking    #
# with a new scoring function, efficient optimization and       #
# multithreading, J. Comp. Chem. (2010)                         #
# DOI 10.1002/jcc.21334                                         #
#                                                               #
# Please see https://github.com/ccsb-scripps/AutoDock-Vina for  #
# more information.                                             #
#################################################################

Scoring function : vina
Rigid receptor: /Users/ario/conserved_site_project/06e_docking_wt_v5/protein_dimer_holo.pdbqt
Ligand: /Users/ario/conserved_site_project/05b_ligand_v2/dump.pdbqt
Grid center: X -0.137 Y 4.232 Z 15.159
Grid size  : X 22 Y 22 Z 22
Grid space : 0.375
Exhaustiveness: 128
CPU: 4
Verbosity: 1

Computing Vina grid ... done.
Performing docking (random seed: 31337) ... 
0%   10   20   30   40   50   60   70   80   90   100%
|----|----|----|----|----|----|----|----|----|----|
***************************************************

mode |   affinity | dist from best mode
     | (kcal/mol) | rmsd l.b.| rmsd u.b.
-----+------------+----------+----------
   1       -8.247          0          0
   2       -6.059       1.25      1.706
   3       -4.962      11.71      12.96
   4       -4.862      10.02      12.21
   5       -4.716      11.27      13.26
   6       -4.659      12.02         13
   7       -4.564      11.31      13.16
   8       -4.497      11.83      13.53
   9       -4.427      7.489      10.59
  10       -4.424      10.06      12.59
  11       -4.421         10      12.28
  12       -4.378      13.13      15.19
  13       -4.373      10.04      12.73
  14       -4.368      11.84      13.93
  15       -4.333      12.03      13.59
  16       -4.293      2.794      6.254
  17       -4.197      12.23       13.6
  18       -4.091      10.68      13.74
  19       -4.085      10.07       12.7
  20       -4.071         11      12.75
  21       -4.071      10.51      12.69
  22       -4.017      11.94      14.04
  23       -3.871      12.12      13.56
  24       -3.864      10.91      13.32
  25       -3.815      12.31      13.56
  26       -3.782      11.46      13.54
  27       -0.661      11.97      13.57
  28        12.45      12.37       13.6
  29        21.08      12.72      14.91

STDERR
