STDOUT
AutoDock Vina v1.2.7
#################################################################
# If you used AutoDock Vina in your work, please cite:          #
#                                                               #
# J. Eberhardt, D. Santos-Martins, A. F. Tillack, and S. Forli  #
# AutoDock Vina 1.2.0: New Docking Methods, Expanded Force      #
# Field, and Python Bindings, J. Chem. Inf. Model. (2021)       #
# DOI 10.1021/acs.jcim.1c00203                                  #
#                                                               #
# O. Trott, A. J. Olson,                                        #
# AutoDock Vina: improving the speed and accuracy of docking    #
# with a new scoring function, efficient optimization and       #
# multithreading, J. Comp. Chem. (2010)                         #
# DOI 10.1002/jcc.21334                                         #
#                                                               #
# Please see https://github.com/ccsb-scripps/AutoDock-Vina for  #
# more information.                                             #
#################################################################

Scoring function : vina
Rigid receptor: /Users/ario/conserved_site_project/06e_docking_wt_v5/protein_dimer_holo.pdbqt
Ligand: /Users/ario/conserved_site_project/05b_ligand_v2/dump.pdbqt
Grid center: X -0.137 Y 4.232 Z 15.159
Grid size  : X 22 Y 22 Z 22
Grid space : 0.375
Exhaustiveness: 96
CPU: 4
Verbosity: 1

Computing Vina grid ... done.
Performing docking (random seed: 42) ... 
0%   10   20   30   40   50   60   70   80   90   100%
|----|----|----|----|----|----|----|----|----|----|
***************************************************

mode |   affinity | dist from best mode
     | (kcal/mol) | rmsd l.b.| rmsd u.b.
-----+------------+----------+----------
   1       -8.213          0          0
   2       -6.048      1.365      1.775
   3       -4.947      11.69      12.95
   4       -4.726      11.24      13.24
   5       -4.725      9.982      12.24
   6       -4.639      12.03      13.03
   7       -4.522       11.3      13.16
   8       -4.497      11.82      13.51
   9       -4.463      12.21      14.18
  10       -4.449      10.27      12.76
  11       -4.371      7.493       10.6
  12       -4.353      2.805      6.246
  13       -4.344      12.04      13.59
  14       -4.283      10.24      12.46
  15       -4.276      12.12      13.88
  16        -4.18      11.93      13.52
  17       -4.149      11.12      12.95
  18       -4.089      10.06      12.69
  19       -4.042      12.57      13.87
  20       -4.038      11.97      13.55
  21       -4.028       11.3      12.56
  22       -4.018       11.6      13.72
  23       -3.991      12.42       13.6
  24        -3.98       12.6      13.84
  25       -3.919      12.65      14.05
  26       -3.812      12.32      13.77
  27        -3.73      12.31      13.62
  28       -3.618      12.68      14.18
  29       -3.588      11.84      12.88

STDERR
