STDOUT
AutoDock Vina v1.2.7
#################################################################
# If you used AutoDock Vina in your work, please cite:          #
#                                                               #
# J. Eberhardt, D. Santos-Martins, A. F. Tillack, and S. Forli  #
# AutoDock Vina 1.2.0: New Docking Methods, Expanded Force      #
# Field, and Python Bindings, J. Chem. Inf. Model. (2021)       #
# DOI 10.1021/acs.jcim.1c00203                                  #
#                                                               #
# O. Trott, A. J. Olson,                                        #
# AutoDock Vina: improving the speed and accuracy of docking    #
# with a new scoring function, efficient optimization and       #
# multithreading, J. Comp. Chem. (2010)                         #
# DOI 10.1002/jcc.21334                                         #
#                                                               #
# Please see https://github.com/ccsb-scripps/AutoDock-Vina for  #
# more information.                                             #
#################################################################

Scoring function : vina
Rigid receptor: /Users/ario/conserved_site_project/06e_docking_wt_v5/protein_dimer_holo.pdbqt
Ligand: /Users/ario/conserved_site_project/05b_ligand_v2/dump.pdbqt
Grid center: X -0.137 Y 4.232 Z 15.159
Grid size  : X 22 Y 22 Z 22
Grid space : 0.375
Exhaustiveness: 96
CPU: 4
Verbosity: 1

Computing Vina grid ... done.
Performing docking (random seed: 256) ... 
0%   10   20   30   40   50   60   70   80   90   100%
|----|----|----|----|----|----|----|----|----|----|
***************************************************

mode |   affinity | dist from best mode
     | (kcal/mol) | rmsd l.b.| rmsd u.b.
-----+------------+----------+----------
   1       -8.214          0          0
   2       -6.026       1.37      1.783
   3       -5.855     0.8828      1.276
   4       -4.983      11.72      12.96
   5       -4.832      11.35      13.38
   6       -4.638      12.02      13.02
   7       -4.561      10.25      12.77
   8       -4.531      11.35      13.23
   9       -4.469      11.87      13.54
  10       -4.422      10.01       12.2
  11       -4.368      7.515      10.62
  12       -4.329      2.807      6.247
  13       -4.328      11.36      13.22
  14       -4.319      12.02       13.6
  15       -4.204      12.58      13.78
  16       -4.143      10.22      12.44
  17       -4.045      10.09      12.68
  18       -4.027      11.92      13.84
  19        -4.01      11.48      13.87
  20       -3.985      11.39      12.65
  21       -3.984      12.15      13.65
  22       -3.643      10.29      12.89
  23        -3.62      11.21      13.25
  24       -3.547      11.93      13.55
  25       -3.544      11.63      12.99
  26        -3.53      11.85      12.89
  27         -3.5      12.65      13.72
  28       -3.402      12.08      14.17
  29       -1.964      12.53      13.96
  30        7.701      12.86      14.86
  31         34.4      12.41      13.92
  32        55.67      12.47      13.97

STDERR
