STDOUT
AutoDock Vina v1.2.7
#################################################################
# If you used AutoDock Vina in your work, please cite:          #
#                                                               #
# J. Eberhardt, D. Santos-Martins, A. F. Tillack, and S. Forli  #
# AutoDock Vina 1.2.0: New Docking Methods, Expanded Force      #
# Field, and Python Bindings, J. Chem. Inf. Model. (2021)       #
# DOI 10.1021/acs.jcim.1c00203                                  #
#                                                               #
# O. Trott, A. J. Olson,                                        #
# AutoDock Vina: improving the speed and accuracy of docking    #
# with a new scoring function, efficient optimization and       #
# multithreading, J. Comp. Chem. (2010)                         #
# DOI 10.1002/jcc.21334                                         #
#                                                               #
# Please see https://github.com/ccsb-scripps/AutoDock-Vina for  #
# more information.                                             #
#################################################################

Scoring function : vina
Rigid receptor: /Users/ario/conserved_site_project/06e_docking_wt_v5/protein_dimer_holo.pdbqt
Ligand: /Users/ario/conserved_site_project/05b_ligand_v2/dump.pdbqt
Grid center: X -0.137 Y 4.232 Z 15.159
Grid size  : X 22 Y 22 Z 22
Grid space : 0.375
Exhaustiveness: 128
CPU: 4
Verbosity: 1

Computing Vina grid ... done.
Performing docking (random seed: 1) ... 
0%   10   20   30   40   50   60   70   80   90   100%
|----|----|----|----|----|----|----|----|----|----|
***************************************************

mode |   affinity | dist from best mode
     | (kcal/mol) | rmsd l.b.| rmsd u.b.
-----+------------+----------+----------
   1       -8.223          0          0
   2       -6.034      1.242      1.696
   3       -4.984      11.69      12.94
   4       -4.914      10.63      12.74
   5       -4.849      10.02      12.21
   6       -4.633      12.03      13.02
   7       -4.589      10.19      12.78
   8       -4.547      11.31      13.18
   9         -4.5      11.82      13.53
  10        -4.41      7.493       10.6
  11       -4.384      9.907      12.71
  12       -4.379      10.12      12.43
  13        -4.34      12.18      13.64
  14       -4.299      12.74      14.85
  15       -4.167      11.08      13.02
  16       -4.156      12.39      13.57
  17       -4.118      10.64      12.22
  18       -4.105      10.61      13.66
  19        -4.07      11.22      12.52
  20       -4.058      10.84      12.94
  21       -4.042      12.65      14.06
  22        -3.99      12.06      13.65
  23        -3.99      10.07      12.72
  24       -3.962      11.53      13.91
  25       -3.912      11.82      13.86
  26       -3.878      11.29      13.53
  27       -3.781      11.99      13.89
  28       -3.753      11.36       13.4
  29       -3.728      12.13      13.22
  30        6.901      11.14      13.17
  31        89.11      10.12      11.07

STDERR
