STDOUT
AutoDock Vina v1.2.7
#################################################################
# If you used AutoDock Vina in your work, please cite:          #
#                                                               #
# J. Eberhardt, D. Santos-Martins, A. F. Tillack, and S. Forli  #
# AutoDock Vina 1.2.0: New Docking Methods, Expanded Force      #
# Field, and Python Bindings, J. Chem. Inf. Model. (2021)       #
# DOI 10.1021/acs.jcim.1c00203                                  #
#                                                               #
# O. Trott, A. J. Olson,                                        #
# AutoDock Vina: improving the speed and accuracy of docking    #
# with a new scoring function, efficient optimization and       #
# multithreading, J. Comp. Chem. (2010)                         #
# DOI 10.1002/jcc.21334                                         #
#                                                               #
# Please see https://github.com/ccsb-scripps/AutoDock-Vina for  #
# more information.                                             #
#################################################################

Scoring function : vina
Rigid receptor: /Users/ario/conserved_site_project/06e_docking_wt_v5/protein_dimer_holo.pdbqt
Ligand: /Users/ario/conserved_site_project/05b_ligand_v2/dump.pdbqt
Grid center: X -0.137 Y 4.232 Z 15.159
Grid size  : X 22 Y 22 Z 22
Grid space : 0.375
Exhaustiveness: 96
CPU: 4
Verbosity: 1

Computing Vina grid ... done.
Performing docking (random seed: 7) ... 
0%   10   20   30   40   50   60   70   80   90   100%
|----|----|----|----|----|----|----|----|----|----|
***************************************************

mode |   affinity | dist from best mode
     | (kcal/mol) | rmsd l.b.| rmsd u.b.
-----+------------+----------+----------
   1       -8.229          0          0
   2       -6.077      1.234      1.686
   3       -4.947      11.72      12.95
   4       -4.828      10.04      12.24
   5       -4.784      11.37      13.33
   6       -4.641      12.01      13.01
   7       -4.528      11.29      13.19
   8       -4.492      11.82       13.5
   9       -4.452      7.457      10.55
  10       -4.401      10.13      12.44
  11       -4.359      10.15      12.41
  12       -4.351       10.1      12.82
  13       -4.344      12.01      13.59
  14       -4.289      2.804      6.257
  15       -4.205      12.36      14.06
  16       -4.154       10.6      12.19
  17       -4.134      11.06      12.87
  18       -4.123      12.61      14.14
  19       -4.114      12.54      13.79
  20       -4.095      12.69      14.07
  21       -4.074       11.7      12.81
  22       -3.993      12.16      13.32
  23       -3.987      10.03      12.64
  24       -3.981      10.28      12.45
  25       -3.961      11.34      12.63
  26       -3.927       10.7      13.61
  27       -3.821      11.07      13.33
  28       -3.722      11.85       13.2
  29       -3.659      11.81      13.12
  30        20.56      11.87       13.3
  31        21.44      12.43      13.72

STDERR
