STDOUT
AutoDock Vina v1.2.7
#################################################################
# If you used AutoDock Vina in your work, please cite:          #
#                                                               #
# J. Eberhardt, D. Santos-Martins, A. F. Tillack, and S. Forli  #
# AutoDock Vina 1.2.0: New Docking Methods, Expanded Force      #
# Field, and Python Bindings, J. Chem. Inf. Model. (2021)       #
# DOI 10.1021/acs.jcim.1c00203                                  #
#                                                               #
# O. Trott, A. J. Olson,                                        #
# AutoDock Vina: improving the speed and accuracy of docking    #
# with a new scoring function, efficient optimization and       #
# multithreading, J. Comp. Chem. (2010)                         #
# DOI 10.1002/jcc.21334                                         #
#                                                               #
# Please see https://github.com/ccsb-scripps/AutoDock-Vina for  #
# more information.                                             #
#################################################################

Scoring function : vina
Rigid receptor: /Users/ario/conserved_site_project/07b_mut_docking_v2/R176A/R176A_apo.pdbqt
Ligand: /Users/ario/conserved_site_project/05b_ligand_v2/dump.pdbqt
Grid center: X 3.466 Y 4.741 Z 7.778
Grid size  : X 18 Y 18 Z 18
Grid space : 0.375
Exhaustiveness: 32
CPU: 4
Verbosity: 1

Computing Vina grid ... done.
Performing docking (random seed: 42) ... 
0%   10   20   30   40   50   60   70   80   90   100%
|----|----|----|----|----|----|----|----|----|----|
***************************************************

mode |   affinity | dist from best mode
     | (kcal/mol) | rmsd l.b.| rmsd u.b.
-----+------------+----------+----------
   1       -7.156          0          0
   2       -7.061      3.576      6.778
   3       -6.957      3.227      6.039
   4       -6.942      1.944      2.508
   5       -6.933       3.33      6.707
   6       -6.554      3.287      6.396
   7       -6.305      2.086      2.744
   8       -5.778      3.009      4.677
   9       -5.686      3.426      5.446
  10       -5.272      3.635      7.285
  11       -5.144      3.247      6.533
  12       -5.081      3.368      6.867
  13       -4.925       3.08      6.641
  14       -4.718      3.029      6.212
  15       -4.675      2.406      4.013
  16        -4.51      2.778      4.231
  17       -4.272       3.26       6.33
  18       -4.001      2.064      2.969
  19        4.831      3.208      6.667

STDERR
