STDOUT
AutoDock Vina v1.2.7
#################################################################
# If you used AutoDock Vina in your work, please cite:          #
#                                                               #
# J. Eberhardt, D. Santos-Martins, A. F. Tillack, and S. Forli  #
# AutoDock Vina 1.2.0: New Docking Methods, Expanded Force      #
# Field, and Python Bindings, J. Chem. Inf. Model. (2021)       #
# DOI 10.1021/acs.jcim.1c00203                                  #
#                                                               #
# O. Trott, A. J. Olson,                                        #
# AutoDock Vina: improving the speed and accuracy of docking    #
# with a new scoring function, efficient optimization and       #
# multithreading, J. Comp. Chem. (2010)                         #
# DOI 10.1002/jcc.21334                                         #
#                                                               #
# Please see https://github.com/ccsb-scripps/AutoDock-Vina for  #
# more information.                                             #
#################################################################

Scoring function : vina
Rigid receptor: /Users/ario/conserved_site_project/07d_mut_docking_v4/Q214A/Q214A_holo.pdbqt
Ligand: /Users/ario/conserved_site_project/05b_ligand_v2/dump.pdbqt
Grid center: X -0.137 Y 4.232 Z 15.159
Grid size  : X 22 Y 22 Z 22
Grid space : 0.375
Exhaustiveness: 32
CPU: 4
Verbosity: 1

Computing Vina grid ... done.
Performing docking (random seed: 42) ... 
0%   10   20   30   40   50   60   70   80   90   100%
|----|----|----|----|----|----|----|----|----|----|
***************************************************

mode |   affinity | dist from best mode
     | (kcal/mol) | rmsd l.b.| rmsd u.b.
-----+------------+----------+----------
   1       -5.082          0          0
   2       -5.066       4.33      6.505
   3       -4.885      2.704      5.056
   4       -4.881      3.983      5.745
   5       -4.872      6.541      8.469
   6       -4.623       3.92      5.983
   7       -4.451      2.147      2.974
   8       -4.405      2.733      4.839
   9       -4.396      3.988      5.876
  10       -4.361      3.223      4.826
  11       -4.353      3.542      5.881
  12       -4.352      4.258      6.862
  13       -4.338      4.392      6.913
  14       -4.295      2.997      4.996
  15        -4.21      2.905      4.844
  16       -4.191      5.951      7.756
  17       -4.132       5.25        6.1
  18       -4.116      3.738      6.575
  19       -3.957      2.857      4.666
  20       -3.924      2.049      3.103

STDERR
