STDOUT
AutoDock Vina v1.2.7
#################################################################
# If you used AutoDock Vina in your work, please cite:          #
#                                                               #
# J. Eberhardt, D. Santos-Martins, A. F. Tillack, and S. Forli  #
# AutoDock Vina 1.2.0: New Docking Methods, Expanded Force      #
# Field, and Python Bindings, J. Chem. Inf. Model. (2021)       #
# DOI 10.1021/acs.jcim.1c00203                                  #
#                                                               #
# O. Trott, A. J. Olson,                                        #
# AutoDock Vina: improving the speed and accuracy of docking    #
# with a new scoring function, efficient optimization and       #
# multithreading, J. Comp. Chem. (2010)                         #
# DOI 10.1002/jcc.21334                                         #
#                                                               #
# Please see https://github.com/ccsb-scripps/AutoDock-Vina for  #
# more information.                                             #
#################################################################

Scoring function : vina
Rigid receptor: /Users/ario/conserved_site_project/07d_mut_docking_v4/C195A/C195A_holo.pdbqt
Ligand: /Users/ario/conserved_site_project/05b_ligand_v2/dump.pdbqt
Grid center: X -0.137 Y 4.232 Z 15.159
Grid size  : X 22 Y 22 Z 22
Grid space : 0.375
Exhaustiveness: 32
CPU: 4
Verbosity: 1

Computing Vina grid ... done.
Performing docking (random seed: 42) ... 
0%   10   20   30   40   50   60   70   80   90   100%
|----|----|----|----|----|----|----|----|----|----|
***************************************************

mode |   affinity | dist from best mode
     | (kcal/mol) | rmsd l.b.| rmsd u.b.
-----+------------+----------+----------
   1       -6.992          0          0
   2       -5.924      2.719      6.409
   3       -4.959      3.074      5.907
   4       -4.896      1.164      1.564
   5       -4.817      12.44      13.81
   6        -4.79      10.72      13.09
   7        -4.65      12.66      14.01
   8       -4.611      11.51      13.19
   9       -4.599      7.417      9.995
  10       -4.495      3.618      6.264
  11       -4.489       12.5      14.18
  12       -4.337      10.85      13.29
  13       -3.836      12.74      13.89
  14       -3.794      13.17      14.77
  15       -3.684       8.38      10.98
  16       -3.569      11.74      13.39
  17       -3.417      11.73      13.95
  18       -3.382      11.11      12.92
  19       -3.342       12.5      14.04
  20       -3.184      12.12      14.05

STDERR
