STDOUT
AutoDock Vina v1.2.7
#################################################################
# If you used AutoDock Vina in your work, please cite:          #
#                                                               #
# J. Eberhardt, D. Santos-Martins, A. F. Tillack, and S. Forli  #
# AutoDock Vina 1.2.0: New Docking Methods, Expanded Force      #
# Field, and Python Bindings, J. Chem. Inf. Model. (2021)       #
# DOI 10.1021/acs.jcim.1c00203                                  #
#                                                               #
# O. Trott, A. J. Olson,                                        #
# AutoDock Vina: improving the speed and accuracy of docking    #
# with a new scoring function, efficient optimization and       #
# multithreading, J. Comp. Chem. (2010)                         #
# DOI 10.1002/jcc.21334                                         #
#                                                               #
# Please see https://github.com/ccsb-scripps/AutoDock-Vina for  #
# more information.                                             #
#################################################################

Scoring function : vina
Rigid receptor: /Users/ario/conserved_site_project/07c_mut_docking_v3/R175A/R175A_holo.pdbqt
Ligand: /Users/ario/conserved_site_project/05b_ligand_v2/dump.pdbqt
Grid center: X -0.137 Y 4.232 Z 15.159
Grid size  : X 22 Y 22 Z 22
Grid space : 0.375
Exhaustiveness: 32
CPU: 4
Verbosity: 1

Computing Vina grid ... done.
Performing docking (random seed: 42) ... 
0%   10   20   30   40   50   60   70   80   90   100%
|----|----|----|----|----|----|----|----|----|----|
***************************************************

mode |   affinity | dist from best mode
     | (kcal/mol) | rmsd l.b.| rmsd u.b.
-----+------------+----------+----------
   1       -8.242          0          0
   2       -5.977      1.335      1.785
   3       -4.851      11.26      13.27
   4        -4.69      11.83      13.09
   5       -4.619      11.97      12.98
   6       -4.612      2.796      6.207
   7       -4.579      11.31      13.16
   8       -4.452      11.81      13.48
   9       -4.399      13.14      15.24
  10       -4.253      11.32      13.09
  11       -3.852      12.03      13.63
  12       -3.839      2.245      3.644
  13         -3.8      12.25      13.53
  14        -3.72      10.76      12.76
  15         -3.7      10.51      13.07
  16       -3.597      9.507      12.37
  17       -3.388      11.94      13.93
  18       -3.305      11.94      13.33
  19       -2.234      9.412      11.98
  20        55.76      12.22      14.33

STDERR
