STDOUT
AutoDock Vina v1.2.7
#################################################################
# If you used AutoDock Vina in your work, please cite:          #
#                                                               #
# J. Eberhardt, D. Santos-Martins, A. F. Tillack, and S. Forli  #
# AutoDock Vina 1.2.0: New Docking Methods, Expanded Force      #
# Field, and Python Bindings, J. Chem. Inf. Model. (2021)       #
# DOI 10.1021/acs.jcim.1c00203                                  #
#                                                               #
# O. Trott, A. J. Olson,                                        #
# AutoDock Vina: improving the speed and accuracy of docking    #
# with a new scoring function, efficient optimization and       #
# multithreading, J. Comp. Chem. (2010)                         #
# DOI 10.1002/jcc.21334                                         #
#                                                               #
# Please see https://github.com/ccsb-scripps/AutoDock-Vina for  #
# more information.                                             #
#################################################################

Scoring function : vina
Rigid receptor: /Users/ario/conserved_site_project/07d_mut_docking_v4/T170A/T170A_holo.pdbqt
Ligand: /Users/ario/conserved_site_project/05b_ligand_v2/dump.pdbqt
Grid center: X -0.137 Y 4.232 Z 15.159
Grid size  : X 22 Y 22 Z 22
Grid space : 0.375
Exhaustiveness: 32
CPU: 4
Verbosity: 1

Computing Vina grid ... done.
Performing docking (random seed: 42) ... 
0%   10   20   30   40   50   60   70   80   90   100%
|----|----|----|----|----|----|----|----|----|----|
***************************************************

mode |   affinity | dist from best mode
     | (kcal/mol) | rmsd l.b.| rmsd u.b.
-----+------------+----------+----------
   1       -5.071          0          0
   2       -5.057      4.261      6.305
   3       -4.891      2.645      4.929
   4       -4.838      3.936      5.687
   5       -4.816      6.458      8.449
   6       -4.702      3.454      5.157
   7       -4.432      2.477      4.555
   8       -4.265      5.036      7.508
   9       -4.157      2.967      4.547
  10       -4.143      4.782      5.766
  11       -4.126      3.146       5.53
  12       -4.095      5.609      6.253
  13       -4.056      2.501      4.479
  14       -4.042      3.821      6.688
  15       -3.949      5.433      7.515
  16       -3.862      4.165      6.489
  17       -3.779      4.504      7.518
  18       -3.597      3.298      5.044
  19       -3.496      6.117      8.883
  20       -3.192      2.958      4.962

STDERR
