STDOUT
AutoDock Vina v1.2.7
#################################################################
# If you used AutoDock Vina in your work, please cite:          #
#                                                               #
# J. Eberhardt, D. Santos-Martins, A. F. Tillack, and S. Forli  #
# AutoDock Vina 1.2.0: New Docking Methods, Expanded Force      #
# Field, and Python Bindings, J. Chem. Inf. Model. (2021)       #
# DOI 10.1021/acs.jcim.1c00203                                  #
#                                                               #
# O. Trott, A. J. Olson,                                        #
# AutoDock Vina: improving the speed and accuracy of docking    #
# with a new scoring function, efficient optimization and       #
# multithreading, J. Comp. Chem. (2010)                         #
# DOI 10.1002/jcc.21334                                         #
#                                                               #
# Please see https://github.com/ccsb-scripps/AutoDock-Vina for  #
# more information.                                             #
#################################################################

Scoring function : vina
Rigid receptor: /Users/ario/conserved_site_project/07b_mut_docking_v2/C195A_H196A/C195A_H196A_apo.pdbqt
Ligand: /Users/ario/conserved_site_project/05b_ligand_v2/dump.pdbqt
Grid center: X 3.466 Y 4.741 Z 7.778
Grid size  : X 18 Y 18 Z 18
Grid space : 0.375
Exhaustiveness: 32
CPU: 4
Verbosity: 1

Computing Vina grid ... done.
Performing docking (random seed: 42) ... 
0%   10   20   30   40   50   60   70   80   90   100%
|----|----|----|----|----|----|----|----|----|----|
***************************************************

mode |   affinity | dist from best mode
     | (kcal/mol) | rmsd l.b.| rmsd u.b.
-----+------------+----------+----------
   1       -7.793          0          0
   2       -7.647      2.021      2.816
   3       -7.537      4.212      6.768
   4       -7.314      1.515      1.821
   5       -7.121      3.752      7.289
   6       -6.838      2.685      4.006
   7       -6.668      3.109      6.581
   8        -6.63      3.377      6.958
   9        -6.55      3.716      6.859
  10       -6.531      2.319      2.823
  11       -6.464      4.635      7.373
  12       -6.397      1.862      2.777
  13       -6.376      2.671      4.068
  14       -6.374       3.25      6.232
  15       -6.321      3.787      6.527
  16       -6.319      3.644      7.029
  17        -6.12      3.491      6.509
  18       -5.822      3.326       6.17
  19       -3.443      1.698      2.598

STDERR
