STDOUT
AutoDock Vina v1.2.7
#################################################################
# If you used AutoDock Vina in your work, please cite:          #
#                                                               #
# J. Eberhardt, D. Santos-Martins, A. F. Tillack, and S. Forli  #
# AutoDock Vina 1.2.0: New Docking Methods, Expanded Force      #
# Field, and Python Bindings, J. Chem. Inf. Model. (2021)       #
# DOI 10.1021/acs.jcim.1c00203                                  #
#                                                               #
# O. Trott, A. J. Olson,                                        #
# AutoDock Vina: improving the speed and accuracy of docking    #
# with a new scoring function, efficient optimization and       #
# multithreading, J. Comp. Chem. (2010)                         #
# DOI 10.1002/jcc.21334                                         #
#                                                               #
# Please see https://github.com/ccsb-scripps/AutoDock-Vina for  #
# more information.                                             #
#################################################################

Scoring function : vina
Rigid receptor: /Users/ario/conserved_site_project/07b_mut_docking_v2/C195A_H196A/C195A_H196A_holo.pdbqt
Ligand: /Users/ario/conserved_site_project/05b_ligand_v2/dump.pdbqt
Grid center: X 3.466 Y 4.741 Z 7.778
Grid size  : X 18 Y 18 Z 18
Grid space : 0.375
Exhaustiveness: 32
CPU: 4
Verbosity: 1

Computing Vina grid ... done.
Performing docking (random seed: 42) ... 
0%   10   20   30   40   50   60   70   80   90   100%
|----|----|----|----|----|----|----|----|----|----|
***************************************************

mode |   affinity | dist from best mode
     | (kcal/mol) | rmsd l.b.| rmsd u.b.
-----+------------+----------+----------
   1       -7.587          0          0
   2       -7.442      2.839      6.426
   3       -6.747      1.506       2.01
   4       -6.551      2.924      6.119
   5       -6.534      2.904      6.109
   6       -6.071      3.513      6.596
   7       -6.059     0.8287      1.205
   8       -6.036      2.329      4.038
   9       -5.534      1.747      3.022
  10       -5.237      2.465      5.206
  11        -4.97      4.123      7.304
  12       -4.902      2.902      5.554
  13       -4.851       2.11      3.759
  14       -3.994      2.274      4.088
  15       -3.966      4.159      7.686
  16       -3.262      3.823      7.206
  17       -2.824      3.453       6.02
  18       -2.724      3.058      4.563
  19       -2.206      3.007      4.958
  20        14.47      2.983      6.392

STDERR
