STDOUT
AutoDock Vina v1.2.7
#################################################################
# If you used AutoDock Vina in your work, please cite:          #
#                                                               #
# J. Eberhardt, D. Santos-Martins, A. F. Tillack, and S. Forli  #
# AutoDock Vina 1.2.0: New Docking Methods, Expanded Force      #
# Field, and Python Bindings, J. Chem. Inf. Model. (2021)       #
# DOI 10.1021/acs.jcim.1c00203                                  #
#                                                               #
# O. Trott, A. J. Olson,                                        #
# AutoDock Vina: improving the speed and accuracy of docking    #
# with a new scoring function, efficient optimization and       #
# multithreading, J. Comp. Chem. (2010)                         #
# DOI 10.1002/jcc.21334                                         #
#                                                               #
# Please see https://github.com/ccsb-scripps/AutoDock-Vina for  #
# more information.                                             #
#################################################################

Scoring function : vina
Rigid receptor: /Users/ario/conserved_site_project/06d_docking_wt_v4/protein_dimer_apo.pdbqt
Ligand: /Users/ario/conserved_site_project/05b_ligand_v2/dump.pdbqt
Grid center: X -0.137 Y 4.232 Z 15.159
Grid size  : X 22 Y 22 Z 22
Grid space : 0.375
Exhaustiveness: 96
CPU: 4
Verbosity: 1

Computing Vina grid ... done.
Performing docking (random seed: 42) ... 
0%   10   20   30   40   50   60   70   80   90   100%
|----|----|----|----|----|----|----|----|----|----|
***************************************************

mode |   affinity | dist from best mode
     | (kcal/mol) | rmsd l.b.| rmsd u.b.
-----+------------+----------+----------
   1       -9.197          0          0
   2        -8.63      3.159      4.627
   3       -8.526      1.805      2.041
   4       -8.454       1.69      2.418
   5       -8.174      1.751      2.452
   6       -7.966      1.969      2.446
   7       -7.937      2.894       6.26
   8       -7.857      2.262      2.909
   9       -7.838       1.82      2.174
  10         -7.8      2.655      3.445
  11       -7.796      2.467      3.289
  12       -7.794      2.143      3.455
  13       -7.691      3.032      6.707
  14       -7.622      3.819      7.446
  15       -7.594      2.501      3.414
  16       -7.585      2.997      6.108
  17       -7.501      2.388      3.295
  18       -7.442      3.673      5.368
  19       -7.387      3.177      6.627
  20       -7.375      2.892      4.979
  21       -7.372      2.816      5.312
  22       -7.307      4.202      7.505
  23       -7.252      3.635      7.566
  24       -7.246      4.796      6.832
  25       -7.136      3.478      6.919
  26       -7.048      4.284      7.397
  27       -7.022      3.867      5.907

STDERR
