STDOUT
AutoDock Vina v1.2.7
#################################################################
# If you used AutoDock Vina in your work, please cite:          #
#                                                               #
# J. Eberhardt, D. Santos-Martins, A. F. Tillack, and S. Forli  #
# AutoDock Vina 1.2.0: New Docking Methods, Expanded Force      #
# Field, and Python Bindings, J. Chem. Inf. Model. (2021)       #
# DOI 10.1021/acs.jcim.1c00203                                  #
#                                                               #
# O. Trott, A. J. Olson,                                        #
# AutoDock Vina: improving the speed and accuracy of docking    #
# with a new scoring function, efficient optimization and       #
# multithreading, J. Comp. Chem. (2010)                         #
# DOI 10.1002/jcc.21334                                         #
#                                                               #
# Please see https://github.com/ccsb-scripps/AutoDock-Vina for  #
# more information.                                             #
#################################################################

Scoring function : vina
Rigid receptor: /Users/ario/conserved_site_project/06d_docking_wt_v4/protein_dimer_apo.pdbqt
Ligand: /Users/ario/conserved_site_project/05b_ligand_v2/dump.pdbqt
Grid center: X -0.137 Y 4.232 Z 15.159
Grid size  : X 22 Y 22 Z 22
Grid space : 0.375
Exhaustiveness: 96
CPU: 4
Verbosity: 1

Computing Vina grid ... done.
Performing docking (random seed: 99) ... 
0%   10   20   30   40   50   60   70   80   90   100%
|----|----|----|----|----|----|----|----|----|----|
***************************************************

mode |   affinity | dist from best mode
     | (kcal/mol) | rmsd l.b.| rmsd u.b.
-----+------------+----------+----------
   1       -9.076          0          0
   2       -8.701      3.197       4.66
   3       -8.536      1.657      1.667
   4       -8.412      1.732       2.47
   5       -8.293      1.773      2.559
   6       -8.092      1.398      1.802
   7        -7.94      2.904      6.201
   8         -7.8       2.05      3.331
   9        -7.79      2.225      2.723
  10       -7.769      2.478      3.296
  11       -7.746      2.622      3.574
  12        -7.59      3.797      7.441
  13        -7.57      2.921      6.027
  14       -7.493      2.385      3.398
  15       -7.471      3.719      5.371
  16       -7.459      3.115      3.771
  17       -7.404       3.43      6.649
  18       -7.352       2.91      4.942
  19       -7.333      4.115      7.515
  20       -7.282      2.762      5.322
  21       -7.263      4.776      6.798
  22       -7.211      2.708      3.774
  23       -7.209      3.567      7.421
  24       -7.177      2.036      2.351
  25       -7.173      3.707      7.301
  26       -7.108      3.511      6.893
  27       -7.054      3.327      6.569
  28       -7.011      3.835       5.87

STDERR
