STDOUT
AutoDock Vina v1.2.7
#################################################################
# If you used AutoDock Vina in your work, please cite:          #
#                                                               #
# J. Eberhardt, D. Santos-Martins, A. F. Tillack, and S. Forli  #
# AutoDock Vina 1.2.0: New Docking Methods, Expanded Force      #
# Field, and Python Bindings, J. Chem. Inf. Model. (2021)       #
# DOI 10.1021/acs.jcim.1c00203                                  #
#                                                               #
# O. Trott, A. J. Olson,                                        #
# AutoDock Vina: improving the speed and accuracy of docking    #
# with a new scoring function, efficient optimization and       #
# multithreading, J. Comp. Chem. (2010)                         #
# DOI 10.1002/jcc.21334                                         #
#                                                               #
# Please see https://github.com/ccsb-scripps/AutoDock-Vina for  #
# more information.                                             #
#################################################################

Scoring function : vina
Rigid receptor: /Users/ario/conserved_site_project/06d_docking_wt_v4/protein_dimer_holo.pdbqt
Ligand: /Users/ario/conserved_site_project/05b_ligand_v2/dump.pdbqt
Grid center: X -0.137 Y 4.232 Z 15.159
Grid size  : X 22 Y 22 Z 22
Grid space : 0.375
Exhaustiveness: 96
CPU: 4
Verbosity: 1

Computing Vina grid ... done.
Performing docking (random seed: 42) ... 
0%   10   20   30   40   50   60   70   80   90   100%
|----|----|----|----|----|----|----|----|----|----|
***************************************************

mode |   affinity | dist from best mode
     | (kcal/mol) | rmsd l.b.| rmsd u.b.
-----+------------+----------+----------
   1       -5.092          0          0
   2       -5.052      1.507      1.867
   3       -4.989      2.909      5.617
   4       -4.946       4.64      6.342
   5       -4.737      2.921      4.585
   6       -4.712      5.264       7.01
   7       -4.647      4.469      5.572
   8       -4.591      3.289      4.949
   9       -4.544      5.756      7.855
  10       -4.531      5.107      6.514
  11       -4.495      6.484      8.303
  12       -4.495      3.838      6.014
  13       -4.436      4.512      6.116
  14        -4.38      3.708      5.587
  15       -4.375      2.396      4.041
  16       -4.308      6.232      7.981
  17       -4.226      5.219      7.743
  18        -4.22      2.837      4.681
  19       -4.217      2.973      4.092
  20       -4.206      5.641      6.968
  21        -4.18      5.577      6.204
  22       -4.179      4.209       6.68
  23       -4.174      3.402      4.883
  24       -4.052      4.079      5.477
  25        -4.05      2.392      3.474
  26       -4.014      4.359      5.765
  27       -4.002      4.808      7.261
  28       -3.988      17.71      19.25
  29       -3.956      2.932       4.75
  30       -3.837      6.258      7.511
  31       -3.789      4.693      7.238

STDERR
