STDOUT
AutoDock Vina v1.2.7
#################################################################
# If you used AutoDock Vina in your work, please cite:          #
#                                                               #
# J. Eberhardt, D. Santos-Martins, A. F. Tillack, and S. Forli  #
# AutoDock Vina 1.2.0: New Docking Methods, Expanded Force      #
# Field, and Python Bindings, J. Chem. Inf. Model. (2021)       #
# DOI 10.1021/acs.jcim.1c00203                                  #
#                                                               #
# O. Trott, A. J. Olson,                                        #
# AutoDock Vina: improving the speed and accuracy of docking    #
# with a new scoring function, efficient optimization and       #
# multithreading, J. Comp. Chem. (2010)                         #
# DOI 10.1002/jcc.21334                                         #
#                                                               #
# Please see https://github.com/ccsb-scripps/AutoDock-Vina for  #
# more information.                                             #
#################################################################

Scoring function : vina
Rigid receptor: /Users/ario/conserved_site_project/06d_docking_wt_v4/protein_dimer_holo.pdbqt
Ligand: /Users/ario/conserved_site_project/05b_ligand_v2/dump.pdbqt
Grid center: X -0.137 Y 4.232 Z 15.159
Grid size  : X 22 Y 22 Z 22
Grid space : 0.375
Exhaustiveness: 96
CPU: 4
Verbosity: 1

Computing Vina grid ... done.
Performing docking (random seed: 99) ... 
0%   10   20   30   40   50   60   70   80   90   100%
|----|----|----|----|----|----|----|----|----|----|
***************************************************

mode |   affinity | dist from best mode
     | (kcal/mol) | rmsd l.b.| rmsd u.b.
-----+------------+----------+----------
   1       -5.222          0          0
   2       -5.128      2.782      5.334
   3       -5.085      4.341      6.437
   4       -4.898      2.625      4.962
   5       -4.794      3.906      5.675
   6       -4.762      3.914      5.647
   7       -4.739      2.347        3.4
   8       -4.718      3.507      5.151
   9       -4.622      6.584      8.606
  10       -4.618      5.304      7.846
  11       -4.615      4.536      6.783
  12       -4.597      6.379      8.572
  13       -4.593      3.932       5.99
  14        -4.46      2.264      3.182
  15       -4.427       4.21      6.807
  16       -4.406      3.508      5.717
  17       -4.403      4.382      6.024
  18       -4.344      3.337      5.073
  19       -4.341      4.342      6.829
  20        -4.34      2.665      4.905
  21        -4.32      2.756      4.322
  22       -4.228      4.943      7.118
  23       -4.139      3.302       5.68
  24       -4.111      2.878      5.141
  25       -4.106      6.012      7.252
  26       -4.101      2.674      5.225
  27       -4.051      4.005      6.804
  28       -3.993      2.473      4.044
  29       -3.958      3.713      6.218
  30       -3.844      1.887      2.354
  31       -2.563      5.455      7.825

STDERR
