STDOUT
AutoDock Vina v1.2.7
#################################################################
# If you used AutoDock Vina in your work, please cite:          #
#                                                               #
# J. Eberhardt, D. Santos-Martins, A. F. Tillack, and S. Forli  #
# AutoDock Vina 1.2.0: New Docking Methods, Expanded Force      #
# Field, and Python Bindings, J. Chem. Inf. Model. (2021)       #
# DOI 10.1021/acs.jcim.1c00203                                  #
#                                                               #
# O. Trott, A. J. Olson,                                        #
# AutoDock Vina: improving the speed and accuracy of docking    #
# with a new scoring function, efficient optimization and       #
# multithreading, J. Comp. Chem. (2010)                         #
# DOI 10.1002/jcc.21334                                         #
#                                                               #
# Please see https://github.com/ccsb-scripps/AutoDock-Vina for  #
# more information.                                             #
#################################################################

Scoring function : vina
Rigid receptor: /Users/ario/conserved_site_project/06d_docking_wt_v4/protein_dimer_holo.pdbqt
Ligand: /Users/ario/conserved_site_project/05b_ligand_v2/dump.pdbqt
Grid center: X -0.137 Y 4.232 Z 15.159
Grid size  : X 22 Y 22 Z 22
Grid space : 0.375
Exhaustiveness: 96
CPU: 4
Verbosity: 1

Computing Vina grid ... done.
Performing docking (random seed: 256) ... 
0%   10   20   30   40   50   60   70   80   90   100%
|----|----|----|----|----|----|----|----|----|----|
***************************************************

mode |   affinity | dist from best mode
     | (kcal/mol) | rmsd l.b.| rmsd u.b.
-----+------------+----------+----------
   1       -5.242          0          0
   2       -5.054      2.899      5.533
   3       -5.053      4.297      6.365
   4        -4.91       2.58      4.905
   5       -4.886      1.585      2.027
   6       -4.842       2.21      3.068
   7       -4.829      4.555      6.756
   8       -4.796      3.879      5.648
   9       -4.788      3.457      5.152
  10       -4.686      6.626      8.614
  11       -4.685      4.316      5.897
  12       -4.646       3.86      5.982
  13       -4.438       5.56      7.898
  14       -4.411      4.962      7.092
  15       -4.404       5.61      6.299
  16       -4.384      3.381      5.228
  17       -4.377      4.274      6.711
  18       -4.323      2.792       4.68
  19       -4.289      2.917      4.479
  20       -4.288      3.273      6.261
  21       -4.234      5.572      7.538
  22       -4.212       3.37      5.744
  23       -4.147      7.377      9.491
  24       -4.138      3.212      4.613
  25       -4.119      2.325      4.355
  26         -4.1      3.998      6.798
  27        -4.09      4.185      7.174
  28       -4.088      3.299      5.675
  29       -3.998      4.449       7.42
  30       -3.934      4.021      6.277
  31      -0.8926      3.146      5.623
  32        25.15       3.77      6.141

STDERR
