STDOUT
AutoDock Vina v1.2.7
#################################################################
# If you used AutoDock Vina in your work, please cite:          #
#                                                               #
# J. Eberhardt, D. Santos-Martins, A. F. Tillack, and S. Forli  #
# AutoDock Vina 1.2.0: New Docking Methods, Expanded Force      #
# Field, and Python Bindings, J. Chem. Inf. Model. (2021)       #
# DOI 10.1021/acs.jcim.1c00203                                  #
#                                                               #
# O. Trott, A. J. Olson,                                        #
# AutoDock Vina: improving the speed and accuracy of docking    #
# with a new scoring function, efficient optimization and       #
# multithreading, J. Comp. Chem. (2010)                         #
# DOI 10.1002/jcc.21334                                         #
#                                                               #
# Please see https://github.com/ccsb-scripps/AutoDock-Vina for  #
# more information.                                             #
#################################################################

Scoring function : vina
Rigid receptor: /Users/ario/conserved_site_project/06d_docking_wt_v4/protein_dimer_holo.pdbqt
Ligand: /Users/ario/conserved_site_project/05b_ligand_v2/dump.pdbqt
Grid center: X -0.137 Y 4.232 Z 15.159
Grid size  : X 22 Y 22 Z 22
Grid space : 0.375
Exhaustiveness: 96
CPU: 4
Verbosity: 1

Computing Vina grid ... done.
Performing docking (random seed: 7) ... 
0%   10   20   30   40   50   60   70   80   90   100%
|----|----|----|----|----|----|----|----|----|----|
***************************************************

mode |   affinity | dist from best mode
     | (kcal/mol) | rmsd l.b.| rmsd u.b.
-----+------------+----------+----------
   1       -5.223          0          0
   2       -5.118      4.272      6.371
   3       -5.105      2.783       5.45
   4       -4.891      2.631       4.96
   5       -4.784      3.916      5.698
   6       -4.769      4.816      7.135
   7        -4.76      3.512      5.206
   8       -4.656      5.318       7.87
   9       -4.621       3.83      5.931
  10       -4.618      6.606      8.616
  11       -4.563      6.405      8.582
  12       -4.444      2.555      4.674
  13       -4.439       4.94      7.123
  14       -4.438      3.921      5.807
  15       -4.406      5.401      7.796
  16       -4.328      4.163      6.782
  17       -4.302      2.851      4.484
  18       -4.297      3.463      5.803
  19       -4.281      4.405       6.88
  20       -4.249      2.989      5.006
  21       -4.213      4.498      6.624
  22       -4.188      5.626       7.51
  23       -4.166      4.526      7.529
  24       -4.139      3.696      6.597
  25       -4.015      3.019      5.442
  26       -3.994      3.399      5.173
  27       -3.972      2.963      5.194
  28        -3.93      4.712      6.724
  29       -3.914      18.81      20.36
  30       -3.897      4.395      7.385

STDERR
