STDOUT
AutoDock Vina v1.2.7
#################################################################
# If you used AutoDock Vina in your work, please cite:          #
#                                                               #
# J. Eberhardt, D. Santos-Martins, A. F. Tillack, and S. Forli  #
# AutoDock Vina 1.2.0: New Docking Methods, Expanded Force      #
# Field, and Python Bindings, J. Chem. Inf. Model. (2021)       #
# DOI 10.1021/acs.jcim.1c00203                                  #
#                                                               #
# O. Trott, A. J. Olson,                                        #
# AutoDock Vina: improving the speed and accuracy of docking    #
# with a new scoring function, efficient optimization and       #
# multithreading, J. Comp. Chem. (2010)                         #
# DOI 10.1002/jcc.21334                                         #
#                                                               #
# Please see https://github.com/ccsb-scripps/AutoDock-Vina for  #
# more information.                                             #
#################################################################

Scoring function : vina
Rigid receptor: /Users/ario/conserved_site_project/07d_mut_docking_v4/Y258F_F225Y/Y258F_F225Y_holo.pdbqt
Ligand: /Users/ario/conserved_site_project/05b_ligand_v2/dump.pdbqt
Grid center: X -0.137 Y 4.232 Z 15.159
Grid size  : X 22 Y 22 Z 22
Grid space : 0.375
Exhaustiveness: 32
CPU: 4
Verbosity: 1

Computing Vina grid ... done.
Performing docking (random seed: 42) ... 
0%   10   20   30   40   50   60   70   80   90   100%
|----|----|----|----|----|----|----|----|----|----|
***************************************************

mode |   affinity | dist from best mode
     | (kcal/mol) | rmsd l.b.| rmsd u.b.
-----+------------+----------+----------
   1       -5.137          0          0
   2       -4.937      3.703      4.861
   3       -4.894      2.832      6.137
   4       -4.862      2.783       4.59
   5       -4.664      3.137      6.393
   6       -4.601      2.325      3.932
   7       -4.501       4.15      6.213
   8       -4.449      4.611      6.972
   9       -4.377      2.799      4.906
  10       -4.323      3.839       7.33
  11       -4.309      4.819      7.372
  12       -4.197      3.677      5.554
  13       -3.961       4.82      7.329
  14        -3.94      2.009      2.822
  15       -3.923      4.775      6.549
  16        -3.92      4.045      6.614
  17       -3.908      18.35      19.74
  18       -3.818      3.579      4.819
  19        16.99      2.647      3.788
  20        24.78      4.266      5.337

STDERR
