STDOUT
AutoDock Vina v1.2.7
#################################################################
# If you used AutoDock Vina in your work, please cite:          #
#                                                               #
# J. Eberhardt, D. Santos-Martins, A. F. Tillack, and S. Forli  #
# AutoDock Vina 1.2.0: New Docking Methods, Expanded Force      #
# Field, and Python Bindings, J. Chem. Inf. Model. (2021)       #
# DOI 10.1021/acs.jcim.1c00203                                  #
#                                                               #
# O. Trott, A. J. Olson,                                        #
# AutoDock Vina: improving the speed and accuracy of docking    #
# with a new scoring function, efficient optimization and       #
# multithreading, J. Comp. Chem. (2010)                         #
# DOI 10.1002/jcc.21334                                         #
#                                                               #
# Please see https://github.com/ccsb-scripps/AutoDock-Vina for  #
# more information.                                             #
#################################################################

Scoring function : vina
Rigid receptor: /Users/ario/conserved_site_project/07e_mut_docking_v5/C195A_H196A/C195A_H196A_holo.pdbqt
Ligand: /Users/ario/conserved_site_project/05b_ligand_v2/dump.pdbqt
Grid center: X -0.137 Y 4.232 Z 15.159
Grid size  : X 22 Y 22 Z 22
Grid space : 0.375
Exhaustiveness: 32
CPU: 4
Verbosity: 1

Computing Vina grid ... done.
Performing docking (random seed: 42) ... 
0%   10   20   30   40   50   60   70   80   90   100%
|----|----|----|----|----|----|----|----|----|----|
***************************************************

mode |   affinity | dist from best mode
     | (kcal/mol) | rmsd l.b.| rmsd u.b.
-----+------------+----------+----------
   1       -10.03          0          0
   2       -8.435      1.469      2.028
   3       -7.641      2.791      6.508
   4       -7.108      2.796      3.547
   5       -6.654      3.219       7.22
   6       -6.533      1.725      2.192
   7       -6.337      2.787      4.192
   8       -6.248      2.203      3.539
   9       -6.108      3.945      7.509
  10       -5.918      2.683      3.964
  11       -5.813      3.471      7.096
  12       -5.432      1.628      2.029
  13       -5.401      2.707      4.796
  14       -5.401      3.002        6.6
  15       -4.985      4.657      6.374
  16       -4.924      3.833      7.754
  17       -4.526      11.92      12.89
  18        -4.51      9.897      12.05
  19       -4.401      7.351      10.44

STDERR
