STDOUT
AutoDock Vina v1.2.7
#################################################################
# If you used AutoDock Vina in your work, please cite:          #
#                                                               #
# J. Eberhardt, D. Santos-Martins, A. F. Tillack, and S. Forli  #
# AutoDock Vina 1.2.0: New Docking Methods, Expanded Force      #
# Field, and Python Bindings, J. Chem. Inf. Model. (2021)       #
# DOI 10.1021/acs.jcim.1c00203                                  #
#                                                               #
# O. Trott, A. J. Olson,                                        #
# AutoDock Vina: improving the speed and accuracy of docking    #
# with a new scoring function, efficient optimization and       #
# multithreading, J. Comp. Chem. (2010)                         #
# DOI 10.1002/jcc.21334                                         #
#                                                               #
# Please see https://github.com/ccsb-scripps/AutoDock-Vina for  #
# more information.                                             #
#################################################################

Scoring function : vina
Rigid receptor: /Users/ario/conserved_site_project/07b_mut_docking_v2/T170A/T170A_holo.pdbqt
Ligand: /Users/ario/conserved_site_project/05b_ligand_v2/dump.pdbqt
Grid center: X 3.466 Y 4.741 Z 7.778
Grid size  : X 18 Y 18 Z 18
Grid space : 0.375
Exhaustiveness: 32
CPU: 4
Verbosity: 1

Computing Vina grid ... done.
Performing docking (random seed: 42) ... 
0%   10   20   30   40   50   60   70   80   90   100%
|----|----|----|----|----|----|----|----|----|----|
***************************************************

mode |   affinity | dist from best mode
     | (kcal/mol) | rmsd l.b.| rmsd u.b.
-----+------------+----------+----------
   1       -4.485          0          0
   2       -3.636      2.094      3.095
   3       -2.822      1.256      1.762
   4       -2.377      2.865      6.136
   5       -1.225      2.439      4.322
   6       0.6421       3.44      6.681
   7       0.8932      3.042      6.159
   8       0.9487      2.299      3.414
   9        1.359      1.818       2.77
  10        2.056      3.085       6.33
  11        2.084      3.073      6.968
  12        2.112      2.756      5.964
  13        3.087      3.705      7.384
  14        3.096      4.394      8.334
  15        3.361      3.216      5.916
  16        3.555      2.955      6.171
  17        3.923      5.558      8.492
  18        4.079      4.553      6.661
  19         4.94      4.304      6.155
  20        6.014      3.365       5.39

STDERR
