STDOUT
AutoDock Vina v1.2.7
#################################################################
# If you used AutoDock Vina in your work, please cite:          #
#                                                               #
# J. Eberhardt, D. Santos-Martins, A. F. Tillack, and S. Forli  #
# AutoDock Vina 1.2.0: New Docking Methods, Expanded Force      #
# Field, and Python Bindings, J. Chem. Inf. Model. (2021)       #
# DOI 10.1021/acs.jcim.1c00203                                  #
#                                                               #
# O. Trott, A. J. Olson,                                        #
# AutoDock Vina: improving the speed and accuracy of docking    #
# with a new scoring function, efficient optimization and       #
# multithreading, J. Comp. Chem. (2010)                         #
# DOI 10.1002/jcc.21334                                         #
#                                                               #
# Please see https://github.com/ccsb-scripps/AutoDock-Vina for  #
# more information.                                             #
#################################################################

Scoring function : vina
Rigid receptor: /Users/ario/conserved_site_project/07b_mut_docking_v2/R50E/R50E_apo.pdbqt
Ligand: /Users/ario/conserved_site_project/05b_ligand_v2/dump.pdbqt
Grid center: X 3.466 Y 4.741 Z 7.778
Grid size  : X 18 Y 18 Z 18
Grid space : 0.375
Exhaustiveness: 32
CPU: 4
Verbosity: 1

Computing Vina grid ... done.
Performing docking (random seed: 42) ... 
0%   10   20   30   40   50   60   70   80   90   100%
|----|----|----|----|----|----|----|----|----|----|
***************************************************

mode |   affinity | dist from best mode
     | (kcal/mol) | rmsd l.b.| rmsd u.b.
-----+------------+----------+----------
   1       -7.002          0          0
   2       -6.885      3.215      6.023
   3       -6.864      3.602      6.778
   4       -6.834      3.331      6.704
   5       -6.782      1.916      2.328
   6        -6.37      3.262      6.488
   7       -6.113      3.129       6.56
   8       -5.922      2.373      3.602
   9       -5.592      3.408      5.402
  10       -5.101      3.458      6.837
  11       -5.028       2.06      2.938
  12       -4.968      3.222      6.777
  13       -4.887      2.874      4.451
  14       -4.828      4.346      6.886
  15       -4.439       2.75      4.248
  16       -3.965      3.048      6.766
  17       -3.794      3.373      4.691
  18       -2.545      3.073      6.589
  19        6.385      2.878      4.275
  20        14.03      2.141      3.001

STDERR
