STDOUT
AutoDock Vina v1.2.7
#################################################################
# If you used AutoDock Vina in your work, please cite:          #
#                                                               #
# J. Eberhardt, D. Santos-Martins, A. F. Tillack, and S. Forli  #
# AutoDock Vina 1.2.0: New Docking Methods, Expanded Force      #
# Field, and Python Bindings, J. Chem. Inf. Model. (2021)       #
# DOI 10.1021/acs.jcim.1c00203                                  #
#                                                               #
# O. Trott, A. J. Olson,                                        #
# AutoDock Vina: improving the speed and accuracy of docking    #
# with a new scoring function, efficient optimization and       #
# multithreading, J. Comp. Chem. (2010)                         #
# DOI 10.1002/jcc.21334                                         #
#                                                               #
# Please see https://github.com/ccsb-scripps/AutoDock-Vina for  #
# more information.                                             #
#################################################################

Scoring function : vina
Rigid receptor: /Users/ario/conserved_site_project/07b_mut_docking_v2/R50E/R50E_holo.pdbqt
Ligand: /Users/ario/conserved_site_project/05b_ligand_v2/dump.pdbqt
Grid center: X 3.466 Y 4.741 Z 7.778
Grid size  : X 18 Y 18 Z 18
Grid space : 0.375
Exhaustiveness: 32
CPU: 4
Verbosity: 1

Computing Vina grid ... done.
Performing docking (random seed: 42) ... 
0%   10   20   30   40   50   60   70   80   90   100%
|----|----|----|----|----|----|----|----|----|----|
***************************************************

mode |   affinity | dist from best mode
     | (kcal/mol) | rmsd l.b.| rmsd u.b.
-----+------------+----------+----------
   1       -5.388          0          0
   2       -3.209      1.228      1.685
   3       -3.164      2.372       3.83
   4       -1.827      2.725      6.146
   5       -1.331       2.68      6.127
   6      -0.7583      2.977      4.775
   7        1.139      3.939      6.649
   8        1.363      3.246      6.033
   9        1.415      2.411      3.916
  10        2.607      3.073      6.982
  11        3.543      3.185      6.067
  12        3.564      5.217      8.388
  13         3.59      3.854      7.415
  14        3.933      2.692      6.214
  15        4.441      5.898       8.99
  16        4.524      4.727      6.829
  17        4.943      3.407      6.247
  18        5.355      4.538      6.543
  19        7.052      5.208      6.981
  20        7.436       2.81       6.34

STDERR
