AutoDock Vina v1.2.7
#################################################################
# If you used AutoDock Vina in your work, please cite:          #
#                                                               #
# J. Eberhardt, D. Santos-Martins, A. F. Tillack, and S. Forli  #
# AutoDock Vina 1.2.0: New Docking Methods, Expanded Force      #
# Field, and Python Bindings, J. Chem. Inf. Model. (2021)       #
# DOI 10.1021/acs.jcim.1c00203                                  #
#                                                               #
# O. Trott, A. J. Olson,                                        #
# AutoDock Vina: improving the speed and accuracy of docking    #
# with a new scoring function, efficient optimization and       #
# multithreading, J. Comp. Chem. (2010)                         #
# DOI 10.1002/jcc.21334                                         #
#                                                               #
# Please see https://github.com/ccsb-scripps/AutoDock-Vina for  #
# more information.                                             #
#################################################################

Scoring function : vina
Rigid receptor: /Users/ario/Downloads/aminak-inhibitor/14_inhibitor_design/01_active_site/receptor_holo.pdbqt
Ligand: /Users/ario/Downloads/aminak-inhibitor/14_inhibitor_design/01_active_site/ligands/5-FdUMP.pdbqt
Grid center: X -0.137 Y 4.232 Z 15.159
Grid size  : X 22 Y 22 Z 22
Grid space : 0.375
Exhaustiveness: 32
CPU: 4
Verbosity: 1

Computing Vina grid ... done.
Performing docking (random seed: 42) ... 
0%   10   20   30   40   50   60   70   80   90   100%
|----|----|----|----|----|----|----|----|----|----|
***************************************************

mode |   affinity | dist from best mode
     | (kcal/mol) | rmsd l.b.| rmsd u.b.
-----+------------+----------+----------
   1       -7.942          0          0
   2       -5.833        1.3      1.529
   3       -5.407      1.866      2.455
   4        -5.23      11.84      13.15
   5       -4.725      1.555      1.934
   6       -4.705      11.36      13.12
   7       -4.634      10.36      12.57
   8       -4.612      10.36       12.4
   9       -4.552      12.24      13.65
  10       -4.514      12.17      13.59
  11       -4.476      10.79      12.78
  12       -4.272      10.85      13.79
  13       -4.219      11.91      12.89
  14       -4.022      11.98      13.97
  15       -3.699      2.889      3.897
  16       -3.657      11.07      13.14
  17       -3.623      11.03      12.78
  18       -3.516      10.91      13.25
  19       -3.419      11.94      13.74
  20       -2.574      11.81      12.85

=== STDERR ===
