AutoDock Vina v1.2.7
#################################################################
# If you used AutoDock Vina in your work, please cite:          #
#                                                               #
# J. Eberhardt, D. Santos-Martins, A. F. Tillack, and S. Forli  #
# AutoDock Vina 1.2.0: New Docking Methods, Expanded Force      #
# Field, and Python Bindings, J. Chem. Inf. Model. (2021)       #
# DOI 10.1021/acs.jcim.1c00203                                  #
#                                                               #
# O. Trott, A. J. Olson,                                        #
# AutoDock Vina: improving the speed and accuracy of docking    #
# with a new scoring function, efficient optimization and       #
# multithreading, J. Comp. Chem. (2010)                         #
# DOI 10.1002/jcc.21334                                         #
#                                                               #
# Please see https://github.com/ccsb-scripps/AutoDock-Vina for  #
# more information.                                             #
#################################################################

Scoring function : vina
Rigid receptor: /Users/ario/Downloads/aminak-inhibitor/14_inhibitor_design/01_active_site/receptor_holo.pdbqt
Ligand: /Users/ario/Downloads/aminak-inhibitor/14_inhibitor_design/01_active_site/ligands/5-FdUMP.pdbqt
Grid center: X -0.137 Y 4.232 Z 15.159
Grid size  : X 22 Y 22 Z 22
Grid space : 0.375
Exhaustiveness: 32
CPU: 4
Verbosity: 1

Computing Vina grid ... done.
Performing docking (random seed: 7) ... 
0%   10   20   30   40   50   60   70   80   90   100%
|----|----|----|----|----|----|----|----|----|----|
***************************************************

mode |   affinity | dist from best mode
     | (kcal/mol) | rmsd l.b.| rmsd u.b.
-----+------------+----------+----------
   1       -7.892          0          0
   2       -5.794      1.272      1.695
   3       -5.373      1.861      2.446
   4       -5.212      11.84      13.13
   5       -5.112      7.966      10.97
   6       -4.725      1.553      1.946
   7       -4.721      11.23      12.94
   8       -4.698      12.53      13.95
   9       -4.434        8.2      11.08
  10       -4.356      12.29      13.76
  11        -4.07      12.08      14.02
  12       -4.015      11.81         13
  13       -3.911      12.05      13.32
  14       -3.699      11.97      13.89
  15       -3.693      2.889      3.903
  16       -3.548      12.21      13.94
  17       -3.472      11.29       13.5
  18       -3.323      12.04      13.75
  19       -3.225       12.3      13.96
  20       -2.852      12.14      13.85

=== STDERR ===
