AutoDock Vina v1.2.7
#################################################################
# If you used AutoDock Vina in your work, please cite:          #
#                                                               #
# J. Eberhardt, D. Santos-Martins, A. F. Tillack, and S. Forli  #
# AutoDock Vina 1.2.0: New Docking Methods, Expanded Force      #
# Field, and Python Bindings, J. Chem. Inf. Model. (2021)       #
# DOI 10.1021/acs.jcim.1c00203                                  #
#                                                               #
# O. Trott, A. J. Olson,                                        #
# AutoDock Vina: improving the speed and accuracy of docking    #
# with a new scoring function, efficient optimization and       #
# multithreading, J. Comp. Chem. (2010)                         #
# DOI 10.1002/jcc.21334                                         #
#                                                               #
# Please see https://github.com/ccsb-scripps/AutoDock-Vina for  #
# more information.                                             #
#################################################################

Scoring function : vina
Rigid receptor: /Users/ario/Downloads/aminak-inhibitor/06f_receptor_fixed/protein_dimer_apo_fixed.pdbqt
Ligand: /Users/ario/Downloads/aminak-inhibitor/14_inhibitor_design/01_active_site/ligands/5-FdUMP.pdbqt
Grid center: X -0.137 Y 4.232 Z 15.159
Grid size  : X 22 Y 22 Z 22
Grid space : 0.375
Exhaustiveness: 32
CPU: 4
Verbosity: 1

Computing Vina grid ... done.
Performing docking (random seed: 42) ... 
0%   10   20   30   40   50   60   70   80   90   100%
|----|----|----|----|----|----|----|----|----|----|
***************************************************

mode |   affinity | dist from best mode
     | (kcal/mol) | rmsd l.b.| rmsd u.b.
-----+------------+----------+----------
   1       -9.037          0          0
   2        -8.88      3.372      4.719
   3       -8.508      2.451      2.889
   4       -8.447      2.036      2.632
   5       -8.261      2.333      3.085
   6       -8.223      2.077      2.554
   7       -8.205      1.902      2.102
   8        -7.82      3.257      5.015
   9       -7.753      2.302      3.092
  10       -7.616      2.967       6.06
  11       -7.608      2.509      3.536
  12       -7.588        3.2      6.165
  13        -7.56      3.304      5.344
  14       -7.433      2.655      3.329
  15       -7.427      3.576      6.999
  16       -7.419      3.299      3.906
  17       -7.386      4.496       6.52
  18        -7.37       3.91      7.184
  19       -7.283      3.532      6.739
  20       -7.262      2.859      4.139

=== STDERR ===
