AutoDock Vina v1.2.7
#################################################################
# If you used AutoDock Vina in your work, please cite:          #
#                                                               #
# J. Eberhardt, D. Santos-Martins, A. F. Tillack, and S. Forli  #
# AutoDock Vina 1.2.0: New Docking Methods, Expanded Force      #
# Field, and Python Bindings, J. Chem. Inf. Model. (2021)       #
# DOI 10.1021/acs.jcim.1c00203                                  #
#                                                               #
# O. Trott, A. J. Olson,                                        #
# AutoDock Vina: improving the speed and accuracy of docking    #
# with a new scoring function, efficient optimization and       #
# multithreading, J. Comp. Chem. (2010)                         #
# DOI 10.1002/jcc.21334                                         #
#                                                               #
# Please see https://github.com/ccsb-scripps/AutoDock-Vina for  #
# more information.                                             #
#################################################################

Scoring function : vina
Rigid receptor: /Users/ario/Downloads/aminak-inhibitor/06f_receptor_fixed/protein_dimer_apo_fixed.pdbqt
Ligand: /Users/ario/Downloads/aminak-inhibitor/14_inhibitor_design/01_active_site/ligands/5-FU.pdbqt
Grid center: X -0.137 Y 4.232 Z 15.159
Grid size  : X 22 Y 22 Z 22
Grid space : 0.375
Exhaustiveness: 32
CPU: 4
Verbosity: 1

Computing Vina grid ... done.
Performing docking (random seed: 7) ... 
0%   10   20   30   40   50   60   70   80   90   100%
|----|----|----|----|----|----|----|----|----|----|
***************************************************

mode |   affinity | dist from best mode
     | (kcal/mol) | rmsd l.b.| rmsd u.b.
-----+------------+----------+----------
   1       -4.955          0          0
   2       -4.941       12.3      13.26
   3        -4.91      4.386       5.22
   4       -4.827      1.796      3.095
   5       -4.751      3.086      4.207
   6       -4.724      4.086      5.203
   7       -4.718      4.139      5.046
   8       -4.715      3.412      4.219
   9       -4.715      3.916      4.684
  10       -4.677      4.902      5.302
  11       -4.628      5.277      6.109
  12       -4.592      5.468      5.919
  13       -4.585      1.514       2.28
  14       -4.563        5.3      5.607
  15       -4.495      11.93      12.85
  16       -4.349      2.545      3.083
  17       -4.296      1.922      2.098
  18       -4.288      4.724      5.794
  19       -4.182       2.47      3.478
  20       -4.174      3.402      3.949

=== STDERR ===
