AutoDock Vina v1.2.7
#################################################################
# If you used AutoDock Vina in your work, please cite:          #
#                                                               #
# J. Eberhardt, D. Santos-Martins, A. F. Tillack, and S. Forli  #
# AutoDock Vina 1.2.0: New Docking Methods, Expanded Force      #
# Field, and Python Bindings, J. Chem. Inf. Model. (2021)       #
# DOI 10.1021/acs.jcim.1c00203                                  #
#                                                               #
# O. Trott, A. J. Olson,                                        #
# AutoDock Vina: improving the speed and accuracy of docking    #
# with a new scoring function, efficient optimization and       #
# multithreading, J. Comp. Chem. (2010)                         #
# DOI 10.1002/jcc.21334                                         #
#                                                               #
# Please see https://github.com/ccsb-scripps/AutoDock-Vina for  #
# more information.                                             #
#################################################################

Scoring function : vina
Rigid receptor: /Users/ario/Downloads/aminak-inhibitor/14_inhibitor_design/01_active_site/receptor_holo.pdbqt
Ligand: /Users/ario/Downloads/aminak-inhibitor/14_inhibitor_design/01_active_site/ligands/5-FU.pdbqt
Grid center: X -0.137 Y 4.232 Z 15.159
Grid size  : X 22 Y 22 Z 22
Grid space : 0.375
Exhaustiveness: 32
CPU: 4
Verbosity: 1

Computing Vina grid ... done.
Performing docking (random seed: 7) ... 
0%   10   20   30   40   50   60   70   80   90   100%
|----|----|----|----|----|----|----|----|----|----|
***************************************************

mode |   affinity | dist from best mode
     | (kcal/mol) | rmsd l.b.| rmsd u.b.
-----+------------+----------+----------
   1       -5.241          0          0
   2       -5.211      1.793      3.089
   3        -4.93      7.975      8.758
   4       -4.902      2.354      3.764
   5       -4.841      1.186      1.241
   6       -4.814      2.399      2.925
   7       -4.666      1.562      2.215
   8        -4.66      7.997      8.718
   9       -4.616      1.883      2.317
  10       -4.611      1.489      1.529
  11       -4.602      2.213      3.174
  12       -4.536      7.426      8.398
  13       -4.505      7.675      8.586
  14       -4.459      7.285      8.354
  15       -4.276      3.544      4.647
  16       -4.231      7.881      9.218
  17       -4.174      7.494      8.381
  18       -3.956      7.255      8.225
  19        -3.91      7.781      8.697
  20        -3.82      11.96       12.9

=== STDERR ===
