AutoDock Vina v1.2.7
#################################################################
# If you used AutoDock Vina in your work, please cite:          #
#                                                               #
# J. Eberhardt, D. Santos-Martins, A. F. Tillack, and S. Forli  #
# AutoDock Vina 1.2.0: New Docking Methods, Expanded Force      #
# Field, and Python Bindings, J. Chem. Inf. Model. (2021)       #
# DOI 10.1021/acs.jcim.1c00203                                  #
#                                                               #
# O. Trott, A. J. Olson,                                        #
# AutoDock Vina: improving the speed and accuracy of docking    #
# with a new scoring function, efficient optimization and       #
# multithreading, J. Comp. Chem. (2010)                         #
# DOI 10.1002/jcc.21334                                         #
#                                                               #
# Please see https://github.com/ccsb-scripps/AutoDock-Vina for  #
# more information.                                             #
#################################################################

Scoring function : vina
Rigid receptor: /Users/ario/Downloads/aminak-inhibitor/06f_receptor_fixed/protein_dimer_apo_fixed.pdbqt
Ligand: /Users/ario/Downloads/aminak-inhibitor/14_inhibitor_design/01_active_site/ligands/5-FU.pdbqt
Grid center: X -0.137 Y 4.232 Z 15.159
Grid size  : X 22 Y 22 Z 22
Grid space : 0.375
Exhaustiveness: 32
CPU: 4
Verbosity: 1

Computing Vina grid ... done.
Performing docking (random seed: 42) ... 
0%   10   20   30   40   50   60   70   80   90   100%
|----|----|----|----|----|----|----|----|----|----|
***************************************************

mode |   affinity | dist from best mode
     | (kcal/mol) | rmsd l.b.| rmsd u.b.
-----+------------+----------+----------
   1       -4.941          0          0
   2       -4.939      12.32      13.28
   3       -4.917      7.951      8.745
   4       -4.853      12.06      12.67
   5       -4.808       8.96      9.775
   6       -4.745      8.338      9.109
   7       -4.727      9.874      10.79
   8       -4.657      7.873      8.865
   9        -4.62      7.731      8.541
  10       -4.606      8.177      8.894
  11       -4.574      11.87      12.67
  12       -4.462      9.121      9.839
  13       -4.404      8.951      9.694
  14       -4.328      9.553       10.4
  15       -4.319      8.782      9.718
  16       -4.253      13.89      14.75
  17        -4.21      15.21      16.15
  18       -4.092      14.07      14.82
  19       -4.089      11.86      12.56
  20       -4.001      9.081      9.798

=== STDERR ===
