AutoDock Vina v1.2.7
#################################################################
# If you used AutoDock Vina in your work, please cite:          #
#                                                               #
# J. Eberhardt, D. Santos-Martins, A. F. Tillack, and S. Forli  #
# AutoDock Vina 1.2.0: New Docking Methods, Expanded Force      #
# Field, and Python Bindings, J. Chem. Inf. Model. (2021)       #
# DOI 10.1021/acs.jcim.1c00203                                  #
#                                                               #
# O. Trott, A. J. Olson,                                        #
# AutoDock Vina: improving the speed and accuracy of docking    #
# with a new scoring function, efficient optimization and       #
# multithreading, J. Comp. Chem. (2010)                         #
# DOI 10.1002/jcc.21334                                         #
#                                                               #
# Please see https://github.com/ccsb-scripps/AutoDock-Vina for  #
# more information.                                             #
#################################################################

Scoring function : vina
Rigid receptor: /Users/ario/Downloads/aminak-inhibitor/14_inhibitor_design/01_active_site/receptor_holo.pdbqt
Ligand: /Users/ario/Downloads/aminak-inhibitor/14_inhibitor_design/01_active_site/ligands/5-FU.pdbqt
Grid center: X -0.137 Y 4.232 Z 15.159
Grid size  : X 22 Y 22 Z 22
Grid space : 0.375
Exhaustiveness: 32
CPU: 4
Verbosity: 1

Computing Vina grid ... done.
Performing docking (random seed: 42) ... 
0%   10   20   30   40   50   60   70   80   90   100%
|----|----|----|----|----|----|----|----|----|----|
***************************************************

mode |   affinity | dist from best mode
     | (kcal/mol) | rmsd l.b.| rmsd u.b.
-----+------------+----------+----------
   1       -5.262          0          0
   2       -5.224       1.77       3.08
   3       -4.935      7.935      8.726
   4       -4.909      2.352      3.763
   5       -4.821      2.398      2.923
   6       -4.679      1.536        2.2
   7       -4.646      7.977      8.694
   8       -4.637      1.475      1.527
   9       -4.628       1.83      2.051
  10       -4.579      1.883      2.316
  11        -4.55      7.629      8.525
  12       -4.433       7.25      8.315
  13       -4.353      7.432      8.376
  14       -4.281      3.533      4.641
  15       -4.262      7.828      9.171
  16       -4.131      7.558       8.43
  17       -4.047      2.443       3.54
  18       -3.973      7.236      8.196
  19       -3.821      11.96      12.97

=== STDERR ===
