AutoDock Vina v1.2.7
#################################################################
# If you used AutoDock Vina in your work, please cite:          #
#                                                               #
# J. Eberhardt, D. Santos-Martins, A. F. Tillack, and S. Forli  #
# AutoDock Vina 1.2.0: New Docking Methods, Expanded Force      #
# Field, and Python Bindings, J. Chem. Inf. Model. (2021)       #
# DOI 10.1021/acs.jcim.1c00203                                  #
#                                                               #
# O. Trott, A. J. Olson,                                        #
# AutoDock Vina: improving the speed and accuracy of docking    #
# with a new scoring function, efficient optimization and       #
# multithreading, J. Comp. Chem. (2010)                         #
# DOI 10.1002/jcc.21334                                         #
#                                                               #
# Please see https://github.com/ccsb-scripps/AutoDock-Vina for  #
# more information.                                             #
#################################################################

Scoring function : vina
Rigid receptor: /Users/ario/Downloads/aminak-inhibitor/14_inhibitor_design/01_active_site/receptor_holo.pdbqt
Ligand: /Users/ario/Downloads/aminak-inhibitor/14_inhibitor_design/01_active_site/ligands/BrdUMP.pdbqt
Grid center: X -0.137 Y 4.232 Z 15.159
Grid size  : X 22 Y 22 Z 22
Grid space : 0.375
Exhaustiveness: 32
CPU: 4
Verbosity: 1

Computing Vina grid ... done.
Performing docking (random seed: 7) ... 
0%   10   20   30   40   50   60   70   80   90   100%
|----|----|----|----|----|----|----|----|----|----|
***************************************************

mode |   affinity | dist from best mode
     | (kcal/mol) | rmsd l.b.| rmsd u.b.
-----+------------+----------+----------
   1       -6.676          0          0
   2       -4.764      11.91      13.13
   3       -4.729      10.25      12.31
   4       -4.512      8.045      11.07
   5       -4.456      11.63      13.04
   6       -4.344      8.279      11.16
   7       -4.251      10.84      13.73
   8       -4.174      12.04      13.98
   9       -4.162      2.013      2.707
  10       -4.089      12.55      14.14
  11       -3.714      12.65      14.12
  12       -3.347      11.32      13.62
  13       -3.102      8.556      11.22
  14       -2.474      2.926      3.809
  15        -2.36      10.91      13.57
  16       -2.002      12.75      14.06
  17        7.484      10.31      12.91
  18        31.65      12.13      13.47
  19        52.89      12.59      13.88
  20        860.3      12.53      13.29

=== STDERR ===
