AutoDock Vina v1.2.7
#################################################################
# If you used AutoDock Vina in your work, please cite:          #
#                                                               #
# J. Eberhardt, D. Santos-Martins, A. F. Tillack, and S. Forli  #
# AutoDock Vina 1.2.0: New Docking Methods, Expanded Force      #
# Field, and Python Bindings, J. Chem. Inf. Model. (2021)       #
# DOI 10.1021/acs.jcim.1c00203                                  #
#                                                               #
# O. Trott, A. J. Olson,                                        #
# AutoDock Vina: improving the speed and accuracy of docking    #
# with a new scoring function, efficient optimization and       #
# multithreading, J. Comp. Chem. (2010)                         #
# DOI 10.1002/jcc.21334                                         #
#                                                               #
# Please see https://github.com/ccsb-scripps/AutoDock-Vina for  #
# more information.                                             #
#################################################################

Scoring function : vina
Rigid receptor: /Users/ario/Downloads/aminak-inhibitor/14_inhibitor_design/01_active_site/receptor_holo.pdbqt
Ligand: /Users/ario/Downloads/aminak-inhibitor/14_inhibitor_design/01_active_site/ligands/BrdUMP.pdbqt
Grid center: X -0.137 Y 4.232 Z 15.159
Grid size  : X 22 Y 22 Z 22
Grid space : 0.375
Exhaustiveness: 32
CPU: 4
Verbosity: 1

Computing Vina grid ... done.
Performing docking (random seed: 42) ... 
0%   10   20   30   40   50   60   70   80   90   100%
|----|----|----|----|----|----|----|----|----|----|
***************************************************

mode |   affinity | dist from best mode
     | (kcal/mol) | rmsd l.b.| rmsd u.b.
-----+------------+----------+----------
   1       -6.645          0          0
   2       -4.724      11.96      13.17
   3        -4.69      10.31      12.41
   4        -4.43      8.025      11.05
   5       -4.403      1.432      1.858
   6       -4.395      10.32      12.35
   7       -4.387      11.61         13
   8       -4.333      12.27      14.25
   9       -4.222      8.257      11.13
  10       -4.188      10.07      11.87
  11       -4.129      2.014      2.704
  12       -3.918      12.98      13.95
  13       -3.892      12.11      13.37
  14       -3.653       11.9      13.42
  15        -3.26      11.38      12.94
  16       -3.162      8.567      11.26
  17       -2.955      11.56      14.38
  18       -2.719      11.58      13.33
  19     -0.07734      10.27      12.37

=== STDERR ===
