AutoDock Vina v1.2.7
#################################################################
# If you used AutoDock Vina in your work, please cite:          #
#                                                               #
# J. Eberhardt, D. Santos-Martins, A. F. Tillack, and S. Forli  #
# AutoDock Vina 1.2.0: New Docking Methods, Expanded Force      #
# Field, and Python Bindings, J. Chem. Inf. Model. (2021)       #
# DOI 10.1021/acs.jcim.1c00203                                  #
#                                                               #
# O. Trott, A. J. Olson,                                        #
# AutoDock Vina: improving the speed and accuracy of docking    #
# with a new scoring function, efficient optimization and       #
# multithreading, J. Comp. Chem. (2010)                         #
# DOI 10.1002/jcc.21334                                         #
#                                                               #
# Please see https://github.com/ccsb-scripps/AutoDock-Vina for  #
# more information.                                             #
#################################################################

Scoring function : vina
Rigid receptor: /Users/ario/Downloads/aminak-inhibitor/06f_receptor_fixed/protein_dimer_apo_fixed.pdbqt
Ligand: /Users/ario/Downloads/aminak-inhibitor/14_inhibitor_design/01_active_site/ligands/decoy_CID6035.pdbqt
Grid center: X -0.137 Y 4.232 Z 15.159
Grid size  : X 22 Y 22 Z 22
Grid space : 0.375
Exhaustiveness: 32
CPU: 4
Verbosity: 1

Computing Vina grid ... done.
Performing docking (random seed: 42) ... 
0%   10   20   30   40   50   60   70   80   90   100%
|----|----|----|----|----|----|----|----|----|----|
***************************************************

mode |   affinity | dist from best mode
     | (kcal/mol) | rmsd l.b.| rmsd u.b.
-----+------------+----------+----------
   1       -7.466          0          0
   2       -7.351      1.571      2.295
   3       -7.006      1.943      5.336
   4       -6.983      3.037      4.985
   5       -6.771      3.364      4.726
   6        -6.77      2.645      5.696
   7       -6.711      3.197      6.114
   8       -6.688      3.483      5.894
   9       -6.594      3.259      5.665
  10       -6.556      2.896      4.108
  11       -6.511      2.444      5.231
  12       -6.508      2.553      4.079
  13       -6.425      1.754      1.968
  14       -6.377      2.253      2.615
  15       -6.317      2.927       6.05
  16       -6.182      2.754      3.484
  17       -6.182       3.19        4.2
  18       -6.172      2.699      3.783
  19       -6.153      2.797      6.161
  20       -6.106      3.934      5.571

=== STDERR ===
