AutoDock Vina v1.2.7
#################################################################
# If you used AutoDock Vina in your work, please cite:          #
#                                                               #
# J. Eberhardt, D. Santos-Martins, A. F. Tillack, and S. Forli  #
# AutoDock Vina 1.2.0: New Docking Methods, Expanded Force      #
# Field, and Python Bindings, J. Chem. Inf. Model. (2021)       #
# DOI 10.1021/acs.jcim.1c00203                                  #
#                                                               #
# O. Trott, A. J. Olson,                                        #
# AutoDock Vina: improving the speed and accuracy of docking    #
# with a new scoring function, efficient optimization and       #
# multithreading, J. Comp. Chem. (2010)                         #
# DOI 10.1002/jcc.21334                                         #
#                                                               #
# Please see https://github.com/ccsb-scripps/AutoDock-Vina for  #
# more information.                                             #
#################################################################

Scoring function : vina
Rigid receptor: /Users/ario/Downloads/aminak-inhibitor/14_inhibitor_design/01_active_site/receptor_holo.pdbqt
Ligand: /Users/ario/Downloads/aminak-inhibitor/14_inhibitor_design/01_active_site/ligands/decoy_CID6253.pdbqt
Grid center: X -0.137 Y 4.232 Z 15.159
Grid size  : X 22 Y 22 Z 22
Grid space : 0.375
Exhaustiveness: 32
CPU: 4
Verbosity: 1

Computing Vina grid ... done.
Performing docking (random seed: 42) ... 
0%   10   20   30   40   50   60   70   80   90   100%
|----|----|----|----|----|----|----|----|----|----|
***************************************************

mode |   affinity | dist from best mode
     | (kcal/mol) | rmsd l.b.| rmsd u.b.
-----+------------+----------+----------
   1       -5.644          0          0
   2        -4.73      12.41      13.75
   3       -4.467       12.9       14.9
   4       -4.427       13.2       14.5
   5       -4.385      11.68      13.67
   6       -4.367      11.85       13.2
   7       -4.188      13.41      14.99
   8       -4.148         13      14.07
   9       -4.146      11.51      13.73
  10       -4.141       1.49      2.154
  11        -3.92      12.28      13.54
  12       -3.852      13.39      14.32
  13       -3.694      12.51      14.25
  14       -3.572      13.25      14.64
  15       -3.561       12.3      13.61
  16       -3.456      13.12      14.22
  17       -3.396      13.29         15
  18       -2.924      13.65      15.22
  19         2.57      13.41      14.91
  20        14.43      13.08      14.44

=== STDERR ===
