AutoDock Vina v1.2.7
#################################################################
# If you used AutoDock Vina in your work, please cite:          #
#                                                               #
# J. Eberhardt, D. Santos-Martins, A. F. Tillack, and S. Forli  #
# AutoDock Vina 1.2.0: New Docking Methods, Expanded Force      #
# Field, and Python Bindings, J. Chem. Inf. Model. (2021)       #
# DOI 10.1021/acs.jcim.1c00203                                  #
#                                                               #
# O. Trott, A. J. Olson,                                        #
# AutoDock Vina: improving the speed and accuracy of docking    #
# with a new scoring function, efficient optimization and       #
# multithreading, J. Comp. Chem. (2010)                         #
# DOI 10.1002/jcc.21334                                         #
#                                                               #
# Please see https://github.com/ccsb-scripps/AutoDock-Vina for  #
# more information.                                             #
#################################################################

Scoring function : vina
Rigid receptor: /Users/ario/Downloads/aminak-inhibitor/14_inhibitor_design/01_active_site/receptor_holo.pdbqt
Ligand: /Users/ario/Downloads/aminak-inhibitor/14_inhibitor_design/01_active_site/ligands/decoy_CID6035.pdbqt
Grid center: X -0.137 Y 4.232 Z 15.159
Grid size  : X 22 Y 22 Z 22
Grid space : 0.375
Exhaustiveness: 32
CPU: 4
Verbosity: 1

Computing Vina grid ... done.
Performing docking (random seed: 42) ... 
0%   10   20   30   40   50   60   70   80   90   100%
|----|----|----|----|----|----|----|----|----|----|
***************************************************

mode |   affinity | dist from best mode
     | (kcal/mol) | rmsd l.b.| rmsd u.b.
-----+------------+----------+----------
   1       -5.225          0          0
   2       -4.924      11.78      13.65
   3       -4.689      1.405      2.126
   4       -4.167      2.187      2.766
   5       -4.135      2.645      3.355
   6       -4.106      2.369      3.196
   7       -3.993      1.992      2.364
   8       -3.941      2.731      3.364
   9       -3.914      1.645      2.176
  10       -3.848      2.309      5.521
  11       -3.823      2.706      3.648
  12       -3.691      2.901       5.35
  13       -3.688      2.385      3.323
  14       -3.571      2.298      5.423
  15       -3.537      2.087      2.443
  16       -3.515      2.623      3.299
  17       -3.506       3.05      5.329
  18       -3.474      17.37      19.13
  19        5.863      3.456      4.296
  20        6.721      17.51      19.11

=== STDERR ===
