AutoDock Vina v1.2.7
#################################################################
# If you used AutoDock Vina in your work, please cite:          #
#                                                               #
# J. Eberhardt, D. Santos-Martins, A. F. Tillack, and S. Forli  #
# AutoDock Vina 1.2.0: New Docking Methods, Expanded Force      #
# Field, and Python Bindings, J. Chem. Inf. Model. (2021)       #
# DOI 10.1021/acs.jcim.1c00203                                  #
#                                                               #
# O. Trott, A. J. Olson,                                        #
# AutoDock Vina: improving the speed and accuracy of docking    #
# with a new scoring function, efficient optimization and       #
# multithreading, J. Comp. Chem. (2010)                         #
# DOI 10.1002/jcc.21334                                         #
#                                                               #
# Please see https://github.com/ccsb-scripps/AutoDock-Vina for  #
# more information.                                             #
#################################################################

Scoring function : vina
Rigid receptor: /Users/ario/Downloads/aminak-inhibitor/06f_receptor_fixed/protein_dimer_apo_fixed.pdbqt
Ligand: /Users/ario/Downloads/aminak-inhibitor/14_inhibitor_design/01_active_site/ligands/decoy_CID60750.pdbqt
Grid center: X -0.137 Y 4.232 Z 15.159
Grid size  : X 22 Y 22 Z 22
Grid space : 0.375
Exhaustiveness: 32
CPU: 4
Verbosity: 1

Computing Vina grid ... done.
Performing docking (random seed: 7) ... 
0%   10   20   30   40   50   60   70   80   90   100%
|----|----|----|----|----|----|----|----|----|----|
***************************************************

mode |   affinity | dist from best mode
     | (kcal/mol) | rmsd l.b.| rmsd u.b.
-----+------------+----------+----------
   1       -6.651          0          0
   2       -6.541        3.8      4.552
   3       -6.313      5.096      6.955
   4       -6.296      6.145      7.495
   5       -6.275      3.268      3.833
   6         -6.2      3.195      5.533
   7        -6.19      6.362       8.02
   8       -6.182      4.601      5.418
   9       -6.164      6.315       7.36
  10       -6.143      7.058      8.057
  11       -6.119      7.792      9.715
  12        -6.11      6.459      8.286
  13        -6.11      3.385      4.418
  14         -6.1       3.23      4.024
  15       -5.937      3.261      4.409
  16       -5.908      6.108      7.434
  17       -5.903      2.715      4.984
  18       -5.866      5.198      6.321
  19       -5.859      5.778      7.433
  20       -5.797      6.503      7.661

=== STDERR ===
