AutoDock Vina v1.2.7
#################################################################
# If you used AutoDock Vina in your work, please cite:          #
#                                                               #
# J. Eberhardt, D. Santos-Martins, A. F. Tillack, and S. Forli  #
# AutoDock Vina 1.2.0: New Docking Methods, Expanded Force      #
# Field, and Python Bindings, J. Chem. Inf. Model. (2021)       #
# DOI 10.1021/acs.jcim.1c00203                                  #
#                                                               #
# O. Trott, A. J. Olson,                                        #
# AutoDock Vina: improving the speed and accuracy of docking    #
# with a new scoring function, efficient optimization and       #
# multithreading, J. Comp. Chem. (2010)                         #
# DOI 10.1002/jcc.21334                                         #
#                                                               #
# Please see https://github.com/ccsb-scripps/AutoDock-Vina for  #
# more information.                                             #
#################################################################

Scoring function : vina
Rigid receptor: /Users/ario/Downloads/aminak-inhibitor/14_inhibitor_design/01_active_site/receptor_holo.pdbqt
Ligand: /Users/ario/Downloads/aminak-inhibitor/14_inhibitor_design/01_active_site/ligands/decoy_CID6035.pdbqt
Grid center: X -0.137 Y 4.232 Z 15.159
Grid size  : X 22 Y 22 Z 22
Grid space : 0.375
Exhaustiveness: 32
CPU: 4
Verbosity: 1

Computing Vina grid ... done.
Performing docking (random seed: 7) ... 
0%   10   20   30   40   50   60   70   80   90   100%
|----|----|----|----|----|----|----|----|----|----|
***************************************************

mode |   affinity | dist from best mode
     | (kcal/mol) | rmsd l.b.| rmsd u.b.
-----+------------+----------+----------
   1       -5.216          0          0
   2       -4.908      11.81      13.66
   3       -4.271      1.358      1.991
   4       -4.235      2.647      3.429
   5       -4.173      2.991      4.305
   6       -4.166      2.434      3.247
   7       -4.011      1.981      2.341
   8       -3.851      2.309      5.519
   9        -3.74      2.017      2.401
  10       -3.683      2.905      5.339
  11       -3.565       2.31      5.426
  12       -3.434      2.269      3.096
  13       -3.425       2.38      3.061
  14       -3.379      2.477      5.884
  15       -3.329      17.55      19.23
  16       -3.305      3.674      5.324
  17       -3.285      4.217      6.739
  18       -3.225      2.435      3.092
  19       -3.176      2.475      3.169
  20        -3.12      3.016      5.891

=== STDERR ===
