AutoDock Vina v1.2.7
#################################################################
# If you used AutoDock Vina in your work, please cite:          #
#                                                               #
# J. Eberhardt, D. Santos-Martins, A. F. Tillack, and S. Forli  #
# AutoDock Vina 1.2.0: New Docking Methods, Expanded Force      #
# Field, and Python Bindings, J. Chem. Inf. Model. (2021)       #
# DOI 10.1021/acs.jcim.1c00203                                  #
#                                                               #
# O. Trott, A. J. Olson,                                        #
# AutoDock Vina: improving the speed and accuracy of docking    #
# with a new scoring function, efficient optimization and       #
# multithreading, J. Comp. Chem. (2010)                         #
# DOI 10.1002/jcc.21334                                         #
#                                                               #
# Please see https://github.com/ccsb-scripps/AutoDock-Vina for  #
# more information.                                             #
#################################################################

Scoring function : vina
Rigid receptor: /Users/ario/Downloads/aminak-inhibitor/14_inhibitor_design/01_active_site/receptor_holo.pdbqt
Ligand: /Users/ario/Downloads/aminak-inhibitor/14_inhibitor_design/01_active_site/ligands/decoy_CID60750.pdbqt
Grid center: X -0.137 Y 4.232 Z 15.159
Grid size  : X 22 Y 22 Z 22
Grid space : 0.375
Exhaustiveness: 32
CPU: 4
Verbosity: 1

Computing Vina grid ... done.
Performing docking (random seed: 42) ... 
0%   10   20   30   40   50   60   70   80   90   100%
|----|----|----|----|----|----|----|----|----|----|
***************************************************

mode |   affinity | dist from best mode
     | (kcal/mol) | rmsd l.b.| rmsd u.b.
-----+------------+----------+----------
   1       -5.279          0          0
   2       -5.125      2.386      3.161
   3       -4.863      3.374      4.388
   4       -4.804      2.075      2.645
   5       -4.564      2.994      4.923
   6       -4.539      2.527       5.31
   7       -4.441      2.953      5.239
   8       -4.183       12.1      13.77
   9       -4.128          3      5.158
  10       -4.031      4.172      7.005
  11       -3.984      17.11      19.19
  12       -3.933      4.067      5.659
  13       -3.837      3.018      5.343
  14       -3.787      2.779      5.452
  15       -3.735      2.357      3.112
  16       -3.718       2.13      2.697
  17       -3.642      3.232      5.276
  18       -3.591      4.479      6.791
  19       -3.552      4.627      6.444
  20       -3.003       5.87      7.052

=== STDERR ===
