AutoDock Vina v1.2.7
#################################################################
# If you used AutoDock Vina in your work, please cite:          #
#                                                               #
# J. Eberhardt, D. Santos-Martins, A. F. Tillack, and S. Forli  #
# AutoDock Vina 1.2.0: New Docking Methods, Expanded Force      #
# Field, and Python Bindings, J. Chem. Inf. Model. (2021)       #
# DOI 10.1021/acs.jcim.1c00203                                  #
#                                                               #
# O. Trott, A. J. Olson,                                        #
# AutoDock Vina: improving the speed and accuracy of docking    #
# with a new scoring function, efficient optimization and       #
# multithreading, J. Comp. Chem. (2010)                         #
# DOI 10.1002/jcc.21334                                         #
#                                                               #
# Please see https://github.com/ccsb-scripps/AutoDock-Vina for  #
# more information.                                             #
#################################################################

Scoring function : vina
Rigid receptor: /Users/ario/Downloads/aminak-inhibitor/06f_receptor_fixed/protein_dimer_apo_fixed.pdbqt
Ligand: /Users/ario/Downloads/aminak-inhibitor/14_inhibitor_design/01_active_site/ligands/decoy_CID6253.pdbqt
Grid center: X -0.137 Y 4.232 Z 15.159
Grid size  : X 22 Y 22 Z 22
Grid space : 0.375
Exhaustiveness: 32
CPU: 4
Verbosity: 1

Computing Vina grid ... done.
Performing docking (random seed: 42) ... 
0%   10   20   30   40   50   60   70   80   90   100%
|----|----|----|----|----|----|----|----|----|----|
***************************************************

mode |   affinity | dist from best mode
     | (kcal/mol) | rmsd l.b.| rmsd u.b.
-----+------------+----------+----------
   1       -6.137          0          0
   2       -6.065       1.66      2.869
   3       -6.033      3.279      6.072
   4       -5.866      2.678      4.701
   5       -5.862      1.298      2.228
   6       -5.862      1.966      2.375
   7       -5.797      1.559       2.86
   8       -5.771      3.413      4.169
   9       -5.727      2.265      2.845
  10       -5.631      2.871       5.27
  11       -5.613      3.575      5.706
  12       -5.607      3.122      6.076
  13       -5.598      4.132      6.121
  14       -5.584      2.998      4.228
  15       -5.581      2.785      5.693
  16        -5.55      3.525      5.122
  17       -5.474      2.917      5.495
  18       -5.424      2.386      3.757
  19       -5.413      2.437       3.59
  20       -5.401      2.718       5.78

=== STDERR ===
