AutoDock Vina v1.2.7
#################################################################
# If you used AutoDock Vina in your work, please cite:          #
#                                                               #
# J. Eberhardt, D. Santos-Martins, A. F. Tillack, and S. Forli  #
# AutoDock Vina 1.2.0: New Docking Methods, Expanded Force      #
# Field, and Python Bindings, J. Chem. Inf. Model. (2021)       #
# DOI 10.1021/acs.jcim.1c00203                                  #
#                                                               #
# O. Trott, A. J. Olson,                                        #
# AutoDock Vina: improving the speed and accuracy of docking    #
# with a new scoring function, efficient optimization and       #
# multithreading, J. Comp. Chem. (2010)                         #
# DOI 10.1002/jcc.21334                                         #
#                                                               #
# Please see https://github.com/ccsb-scripps/AutoDock-Vina for  #
# more information.                                             #
#################################################################

Scoring function : vina
Rigid receptor: /Users/ario/Downloads/aminak-inhibitor/14_inhibitor_design/01_active_site/receptor_holo.pdbqt
Ligand: /Users/ario/Downloads/aminak-inhibitor/14_inhibitor_design/01_active_site/ligands/decoy_CID60750.pdbqt
Grid center: X -0.137 Y 4.232 Z 15.159
Grid size  : X 22 Y 22 Z 22
Grid space : 0.375
Exhaustiveness: 32
CPU: 4
Verbosity: 1

Computing Vina grid ... done.
Performing docking (random seed: 7) ... 
0%   10   20   30   40   50   60   70   80   90   100%
|----|----|----|----|----|----|----|----|----|----|
***************************************************

mode |   affinity | dist from best mode
     | (kcal/mol) | rmsd l.b.| rmsd u.b.
-----+------------+----------+----------
   1        -5.28          0          0
   2       -5.149      3.389      5.033
   3       -5.122       2.39      3.168
   4       -4.795      2.843      3.757
   5       -4.505      2.524      5.326
   6       -4.425       2.98      5.261
   7       -4.422      17.97      19.42
   8       -4.075      12.06      13.73
   9       -4.041      3.152      5.604
  10       -4.011      4.055      6.879
  11       -3.919      17.11      19.19
  12       -3.797      2.808      5.297
  13       -3.736      2.361      3.115
  14       -3.725      2.958      3.561
  15       -3.577       2.41      3.255
  16       -3.459      4.028      5.935
  17       -3.329      3.049      5.673
  18       -3.155      2.044      2.524
  19       -1.555      2.407      3.055
  20        59.91      2.943      5.102

=== STDERR ===
