AutoDock Vina v1.2.7
#################################################################
# If you used AutoDock Vina in your work, please cite:          #
#                                                               #
# J. Eberhardt, D. Santos-Martins, A. F. Tillack, and S. Forli  #
# AutoDock Vina 1.2.0: New Docking Methods, Expanded Force      #
# Field, and Python Bindings, J. Chem. Inf. Model. (2021)       #
# DOI 10.1021/acs.jcim.1c00203                                  #
#                                                               #
# O. Trott, A. J. Olson,                                        #
# AutoDock Vina: improving the speed and accuracy of docking    #
# with a new scoring function, efficient optimization and       #
# multithreading, J. Comp. Chem. (2010)                         #
# DOI 10.1002/jcc.21334                                         #
#                                                               #
# Please see https://github.com/ccsb-scripps/AutoDock-Vina for  #
# more information.                                             #
#################################################################

Scoring function : vina
Rigid receptor: /Users/ario/Downloads/aminak-inhibitor/14_inhibitor_design/01_active_site/receptor_holo.pdbqt
Ligand: /Users/ario/Downloads/aminak-inhibitor/14_inhibitor_design/01_active_site/ligands/dUMP.pdbqt
Grid center: X -0.137 Y 4.232 Z 15.159
Grid size  : X 22 Y 22 Z 22
Grid space : 0.375
Exhaustiveness: 32
CPU: 4
Verbosity: 1

Computing Vina grid ... done.
Performing docking (random seed: 42) ... 
0%   10   20   30   40   50   60   70   80   90   100%
|----|----|----|----|----|----|----|----|----|----|
***************************************************

mode |   affinity | dist from best mode
     | (kcal/mol) | rmsd l.b.| rmsd u.b.
-----+------------+----------+----------
   1       -7.504          0          0
   2       -5.159      7.556      10.78
   3       -4.909      11.66      13.03
   4       -4.841      10.56      12.69
   5        -4.67      11.98      13.38
   6       -4.636      11.84      13.16
   7       -4.621      11.44      13.33
   8       -4.574       10.1      12.28
   9       -4.544      12.15      13.55
  10       -4.452      13.11      15.37
  11       -4.406      10.97       12.9
  12       -4.384      10.18      12.45
  13       -4.382      12.05      13.43
  14       -4.225      12.23      13.66
  15       -4.195      10.55      13.69
  16       -4.082      9.927      12.66
  17       -4.077         12      13.91
  18        -4.02      10.53      12.31
  19       -3.989      11.66       12.9
  20        137.4      12.12      13.55

=== STDERR ===
