AutoDock Vina v1.2.7
#################################################################
# If you used AutoDock Vina in your work, please cite:          #
#                                                               #
# J. Eberhardt, D. Santos-Martins, A. F. Tillack, and S. Forli  #
# AutoDock Vina 1.2.0: New Docking Methods, Expanded Force      #
# Field, and Python Bindings, J. Chem. Inf. Model. (2021)       #
# DOI 10.1021/acs.jcim.1c00203                                  #
#                                                               #
# O. Trott, A. J. Olson,                                        #
# AutoDock Vina: improving the speed and accuracy of docking    #
# with a new scoring function, efficient optimization and       #
# multithreading, J. Comp. Chem. (2010)                         #
# DOI 10.1002/jcc.21334                                         #
#                                                               #
# Please see https://github.com/ccsb-scripps/AutoDock-Vina for  #
# more information.                                             #
#################################################################

Scoring function : vina
Rigid receptor: /Users/ario/Downloads/aminak-inhibitor/06f_receptor_fixed/protein_dimer_apo_fixed.pdbqt
Ligand: /Users/ario/Downloads/aminak-inhibitor/14_inhibitor_design/01_active_site/ligands/dUMP.pdbqt
Grid center: X -0.137 Y 4.232 Z 15.159
Grid size  : X 22 Y 22 Z 22
Grid space : 0.375
Exhaustiveness: 32
CPU: 4
Verbosity: 1

Computing Vina grid ... done.
Performing docking (random seed: 7) ... 
0%   10   20   30   40   50   60   70   80   90   100%
|----|----|----|----|----|----|----|----|----|----|
***************************************************

mode |   affinity | dist from best mode
     | (kcal/mol) | rmsd l.b.| rmsd u.b.
-----+------------+----------+----------
   1       -8.787          0          0
   2       -8.709        3.3      4.719
   3       -8.392      2.439      2.857
   4         -8.3      1.723        2.4
   5       -7.962      2.399      3.166
   6       -7.819      1.948      2.437
   7       -7.815      2.734      5.919
   8        -7.72      1.965      2.388
   9       -7.628      3.253      5.182
  10       -7.459      2.285      3.122
  11       -7.428      3.018      6.134
  12        -7.36      3.685      7.259
  13       -7.313      3.319      6.983
  14       -7.224       3.71      5.766
  15       -7.174       4.49      6.491
  16       -7.141      3.351      5.491
  17       -7.139      2.485      3.917
  18       -7.072      2.767      3.784
  19       -7.028      3.259      6.414
  20       -6.975      3.487       4.04

=== STDERR ===
