AutoDock Vina v1.2.7
#################################################################
# If you used AutoDock Vina in your work, please cite:          #
#                                                               #
# J. Eberhardt, D. Santos-Martins, A. F. Tillack, and S. Forli  #
# AutoDock Vina 1.2.0: New Docking Methods, Expanded Force      #
# Field, and Python Bindings, J. Chem. Inf. Model. (2021)       #
# DOI 10.1021/acs.jcim.1c00203                                  #
#                                                               #
# O. Trott, A. J. Olson,                                        #
# AutoDock Vina: improving the speed and accuracy of docking    #
# with a new scoring function, efficient optimization and       #
# multithreading, J. Comp. Chem. (2010)                         #
# DOI 10.1002/jcc.21334                                         #
#                                                               #
# Please see https://github.com/ccsb-scripps/AutoDock-Vina for  #
# more information.                                             #
#################################################################

Scoring function : vina
Rigid receptor: /Users/ario/Downloads/aminak-inhibitor/06f_receptor_fixed/protein_dimer_apo_fixed.pdbqt
Ligand: /Users/ario/Downloads/aminak-inhibitor/14_inhibitor_design/01_active_site/ligands/Floxuridine.pdbqt
Grid center: X -0.137 Y 4.232 Z 15.159
Grid size  : X 22 Y 22 Z 22
Grid space : 0.375
Exhaustiveness: 32
CPU: 4
Verbosity: 1

Computing Vina grid ... done.
Performing docking (random seed: 42) ... 
0%   10   20   30   40   50   60   70   80   90   100%
|----|----|----|----|----|----|----|----|----|----|
***************************************************

mode |   affinity | dist from best mode
     | (kcal/mol) | rmsd l.b.| rmsd u.b.
-----+------------+----------+----------
   1       -7.481          0          0
   2       -7.375      3.612      5.091
   3       -7.217      1.139      1.146
   4       -6.925      3.011      4.933
   5       -6.819      2.437      5.703
   6       -6.763      2.106      5.213
   7       -6.729      2.633      5.687
   8       -6.627        2.1      2.913
   9       -6.571       2.58      5.858
  10       -6.546      2.579      5.065
  11        -6.52      4.078      6.066
  12       -6.479      3.068      4.007
  13       -6.461      3.199      5.533
  14       -6.442      1.709      1.841
  15       -6.367      3.269      5.976
  16       -6.289      3.091      5.182
  17       -6.278      2.845      5.524
  18       -6.242      2.586      4.943
  19        -6.16      2.572      5.415
  20       -6.127      2.141      2.497

=== STDERR ===
