AutoDock Vina v1.2.7
#################################################################
# If you used AutoDock Vina in your work, please cite:          #
#                                                               #
# J. Eberhardt, D. Santos-Martins, A. F. Tillack, and S. Forli  #
# AutoDock Vina 1.2.0: New Docking Methods, Expanded Force      #
# Field, and Python Bindings, J. Chem. Inf. Model. (2021)       #
# DOI 10.1021/acs.jcim.1c00203                                  #
#                                                               #
# O. Trott, A. J. Olson,                                        #
# AutoDock Vina: improving the speed and accuracy of docking    #
# with a new scoring function, efficient optimization and       #
# multithreading, J. Comp. Chem. (2010)                         #
# DOI 10.1002/jcc.21334                                         #
#                                                               #
# Please see https://github.com/ccsb-scripps/AutoDock-Vina for  #
# more information.                                             #
#################################################################

Scoring function : vina
Rigid receptor: /Users/ario/Downloads/aminak-inhibitor/14_inhibitor_design/01_active_site/receptor_holo.pdbqt
Ligand: /Users/ario/Downloads/aminak-inhibitor/14_inhibitor_design/01_active_site/ligands/Floxuridine.pdbqt
Grid center: X -0.137 Y 4.232 Z 15.159
Grid size  : X 22 Y 22 Z 22
Grid space : 0.375
Exhaustiveness: 32
CPU: 4
Verbosity: 1

Computing Vina grid ... done.
Performing docking (random seed: 7) ... 
0%   10   20   30   40   50   60   70   80   90   100%
|----|----|----|----|----|----|----|----|----|----|
***************************************************

mode |   affinity | dist from best mode
     | (kcal/mol) | rmsd l.b.| rmsd u.b.
-----+------------+----------+----------
   1       -6.688          0          0
   2       -5.493      11.74      13.61
   3       -4.961       11.9      14.26
   4       -4.625      11.91      13.51
   5       -4.623      12.26      13.76
   6       -4.581      14.05      15.75
   7       -4.443      13.97      15.38
   8       -4.331      11.34      13.43
   9        -4.27      12.85      13.96
  10       -4.265       13.9      15.73
  11       -4.063      13.51      14.91
  12       -3.954      12.88      14.08
  13       -3.883      13.49      14.77
  14        -3.82      13.46       14.7
  15       -3.788      12.66      13.87
  16       -3.778      13.03      14.18
  17       -3.777      13.46      15.26
  18       -3.676      13.88      15.51
  19       -3.618      13.07      14.36
  20       -2.691      11.51      13.01

=== STDERR ===
