AutoDock Vina v1.2.7
#################################################################
# If you used AutoDock Vina in your work, please cite:          #
#                                                               #
# J. Eberhardt, D. Santos-Martins, A. F. Tillack, and S. Forli  #
# AutoDock Vina 1.2.0: New Docking Methods, Expanded Force      #
# Field, and Python Bindings, J. Chem. Inf. Model. (2021)       #
# DOI 10.1021/acs.jcim.1c00203                                  #
#                                                               #
# O. Trott, A. J. Olson,                                        #
# AutoDock Vina: improving the speed and accuracy of docking    #
# with a new scoring function, efficient optimization and       #
# multithreading, J. Comp. Chem. (2010)                         #
# DOI 10.1002/jcc.21334                                         #
#                                                               #
# Please see https://github.com/ccsb-scripps/AutoDock-Vina for  #
# more information.                                             #
#################################################################

Scoring function : vina
Rigid receptor: /Users/ario/Downloads/aminak-inhibitor/14_inhibitor_design/01_active_site/receptor_holo.pdbqt
Ligand: /Users/ario/Downloads/aminak-inhibitor/14_inhibitor_design/01_active_site/ligands/Floxuridine.pdbqt
Grid center: X -0.137 Y 4.232 Z 15.159
Grid size  : X 22 Y 22 Z 22
Grid space : 0.375
Exhaustiveness: 32
CPU: 4
Verbosity: 1

Computing Vina grid ... done.
Performing docking (random seed: 42) ... 
0%   10   20   30   40   50   60   70   80   90   100%
|----|----|----|----|----|----|----|----|----|----|
***************************************************

mode |   affinity | dist from best mode
     | (kcal/mol) | rmsd l.b.| rmsd u.b.
-----+------------+----------+----------
   1       -6.682          0          0
   2       -5.476      11.76      13.62
   3       -4.966      11.92      14.28
   4       -4.636      12.25      13.72
   5       -4.564      11.94      13.55
   6       -4.429      13.98      15.39
   7       -4.388      13.75      15.36
   8       -4.273      12.83      13.94
   9       -4.144      13.49      15.02
  10       -4.137      13.67      15.55
  11       -3.992      13.27      14.32
  12       -3.953      13.17      14.17
  13       -3.863      12.17      13.25
  14       -3.783      13.61      14.97
  15       -3.782      13.02      14.04
  16       -3.743      13.11      14.01
  17        -3.72      12.26      13.07
  18       -3.707      13.05      14.21
  19       -3.699      14.21      15.65
  20       -3.597      12.05      13.11

=== STDERR ===
