STDOUT
AutoDock Vina v1.2.7
#################################################################
# If you used AutoDock Vina in your work, please cite:          #
#                                                               #
# J. Eberhardt, D. Santos-Martins, A. F. Tillack, and S. Forli  #
# AutoDock Vina 1.2.0: New Docking Methods, Expanded Force      #
# Field, and Python Bindings, J. Chem. Inf. Model. (2021)       #
# DOI 10.1021/acs.jcim.1c00203                                  #
#                                                               #
# O. Trott, A. J. Olson,                                        #
# AutoDock Vina: improving the speed and accuracy of docking    #
# with a new scoring function, efficient optimization and       #
# multithreading, J. Comp. Chem. (2010)                         #
# DOI 10.1002/jcc.21334                                         #
#                                                               #
# Please see https://github.com/ccsb-scripps/AutoDock-Vina for  #
# more information.                                             #
#################################################################

Scoring function : vina
Rigid receptor: /Users/ario/conserved_site_project/07b_mut_docking_v2/R50A/R50A_holo.pdbqt
Ligand: /Users/ario/conserved_site_project/05b_ligand_v2/dump.pdbqt
Grid center: X 3.466 Y 4.741 Z 7.778
Grid size  : X 18 Y 18 Z 18
Grid space : 0.375
Exhaustiveness: 32
CPU: 4
Verbosity: 1

Computing Vina grid ... done.
Performing docking (random seed: 42) ... 
0%   10   20   30   40   50   60   70   80   90   100%
|----|----|----|----|----|----|----|----|----|----|
***************************************************

mode |   affinity | dist from best mode
     | (kcal/mol) | rmsd l.b.| rmsd u.b.
-----+------------+----------+----------
   1       -6.006          0          0
   2       -3.181      2.395      3.877
   3       -1.845      2.735      6.176
   4      -0.7788      3.006      4.833
   5        1.022      3.958      6.691
   6        1.349      3.279      6.082
   7        2.937      3.083      7.001
   8        3.552      5.262      8.437
   9        3.573      3.882      7.448
  10        4.136      3.974      6.874
  11        4.184      2.707      6.228
  12        4.321      3.251      6.145
  13        4.387       3.13      6.591
  14        4.461      4.813      6.919
  15        5.244       4.61      6.618
  16        7.045      5.278      7.005
  17        7.446      2.528      4.112
  18        7.872      6.134      8.999
  19        8.349      4.861       9.18
  20        16.86      1.256      1.776

STDERR
