STDOUT
AutoDock Vina v1.2.7
#################################################################
# If you used AutoDock Vina in your work, please cite:          #
#                                                               #
# J. Eberhardt, D. Santos-Martins, A. F. Tillack, and S. Forli  #
# AutoDock Vina 1.2.0: New Docking Methods, Expanded Force      #
# Field, and Python Bindings, J. Chem. Inf. Model. (2021)       #
# DOI 10.1021/acs.jcim.1c00203                                  #
#                                                               #
# O. Trott, A. J. Olson,                                        #
# AutoDock Vina: improving the speed and accuracy of docking    #
# with a new scoring function, efficient optimization and       #
# multithreading, J. Comp. Chem. (2010)                         #
# DOI 10.1002/jcc.21334                                         #
#                                                               #
# Please see https://github.com/ccsb-scripps/AutoDock-Vina for  #
# more information.                                             #
#################################################################

Scoring function : vina
Rigid receptor: /Users/ario/conserved_site_project/07b_mut_docking_v2/R50A/R50A_apo.pdbqt
Ligand: /Users/ario/conserved_site_project/05b_ligand_v2/dump.pdbqt
Grid center: X 3.466 Y 4.741 Z 7.778
Grid size  : X 18 Y 18 Z 18
Grid space : 0.375
Exhaustiveness: 32
CPU: 4
Verbosity: 1

Computing Vina grid ... done.
Performing docking (random seed: 42) ... 
0%   10   20   30   40   50   60   70   80   90   100%
|----|----|----|----|----|----|----|----|----|----|
***************************************************

mode |   affinity | dist from best mode
     | (kcal/mol) | rmsd l.b.| rmsd u.b.
-----+------------+----------+----------
   1       -7.067          0          0
   2       -6.856      3.307      6.701
   3       -6.791      3.551      6.749
   4       -6.718      3.156      5.987
   5        -6.49      2.104      2.853
   6       -6.488      1.905      2.332
   7       -6.468      3.235      6.451
   8       -6.192      3.226      6.703
   9        -6.02      3.598      6.633
  10       -5.939        2.4       3.69
  11       -5.711      3.015      4.756
  12         -5.6      3.384      5.413
  13       -5.273      3.134      6.708
  14       -5.163      2.737      3.764
  15        -5.03      3.007       4.41
  16       -4.869      4.373      6.935
  17       -4.812      3.241      6.859
  18       -4.508      2.749      4.261
  19       -4.323      1.992      2.366
  20        2.651      3.095      6.289

STDERR
