STDOUT
AutoDock Vina v1.2.7
#################################################################
# If you used AutoDock Vina in your work, please cite:          #
#                                                               #
# J. Eberhardt, D. Santos-Martins, A. F. Tillack, and S. Forli  #
# AutoDock Vina 1.2.0: New Docking Methods, Expanded Force      #
# Field, and Python Bindings, J. Chem. Inf. Model. (2021)       #
# DOI 10.1021/acs.jcim.1c00203                                  #
#                                                               #
# O. Trott, A. J. Olson,                                        #
# AutoDock Vina: improving the speed and accuracy of docking    #
# with a new scoring function, efficient optimization and       #
# multithreading, J. Comp. Chem. (2010)                         #
# DOI 10.1002/jcc.21334                                         #
#                                                               #
# Please see https://github.com/ccsb-scripps/AutoDock-Vina for  #
# more information.                                             #
#################################################################

Scoring function : vina
Rigid receptor: /Users/ario/conserved_site_project/07b_mut_docking_v2/R215E/R215E_holo.pdbqt
Ligand: /Users/ario/conserved_site_project/05b_ligand_v2/dump.pdbqt
Grid center: X 3.466 Y 4.741 Z 7.778
Grid size  : X 18 Y 18 Z 18
Grid space : 0.375
Exhaustiveness: 32
CPU: 4
Verbosity: 1

Computing Vina grid ... done.
Performing docking (random seed: 42) ... 
0%   10   20   30   40   50   60   70   80   90   100%
|----|----|----|----|----|----|----|----|----|----|
***************************************************

mode |   affinity | dist from best mode
     | (kcal/mol) | rmsd l.b.| rmsd u.b.
-----+------------+----------+----------
   1       -7.237          0          0
   2       -5.538      1.287      1.678
   3       -3.476      1.158      1.522
   4       -3.303      3.144      6.268
   5       -1.733      2.681      6.134
   6      -0.6801      3.087      5.053
   7      -0.5112      2.745      6.115
   8        1.203      4.066      6.543
   9        1.501      3.289       5.93
  10        1.782      2.866      6.468
  11        2.073      3.173      6.465
  12        2.199      2.594      4.302
  13         3.64      5.237      8.322
  14        3.653      3.895      7.329
  15        3.871      2.458      3.991
  16        4.143      2.749      6.237
  17        4.382      1.789      2.836
  18        4.398      5.855      8.975
  19        4.565       4.82      6.931
  20        4.603      3.857      6.615

STDERR
