2026-05-12 14:55:12 [INFO] Comparing 10 models against 1hvy_chainA.pdb
2026-05-12 14:55:12 [INFO] PyMOL [pair01]
2026-05-12 14:55:13 [WARNING] RMSD parse failed for 1: [Errno 2] No such file or directory: '/Users/ario/conserved_site_project/10_modeller/05_comparison/_pairwise_model01.json'
2026-05-12 14:55:13 [INFO] Model 01  RMSD=nan Å  n_atoms=0
2026-05-12 14:55:13 [INFO] PyMOL [heat01]
2026-05-12 14:55:13 [INFO] PyMOL [pair02]
2026-05-12 14:55:14 [WARNING] RMSD parse failed for 2: [Errno 2] No such file or directory: '/Users/ario/conserved_site_project/10_modeller/05_comparison/_pairwise_model02.json'
2026-05-12 14:55:14 [INFO] Model 02  RMSD=nan Å  n_atoms=0
2026-05-12 14:55:14 [INFO] PyMOL [heat02]
2026-05-12 14:55:14 [INFO] PyMOL [pair03]
2026-05-12 14:55:14 [WARNING] RMSD parse failed for 3: [Errno 2] No such file or directory: '/Users/ario/conserved_site_project/10_modeller/05_comparison/_pairwise_model03.json'
2026-05-12 14:55:14 [INFO] Model 03  RMSD=nan Å  n_atoms=0
2026-05-12 14:55:14 [INFO] PyMOL [heat03]
2026-05-12 14:55:14 [INFO] PyMOL [pair04]
2026-05-12 14:55:15 [WARNING] RMSD parse failed for 4: [Errno 2] No such file or directory: '/Users/ario/conserved_site_project/10_modeller/05_comparison/_pairwise_model04.json'
2026-05-12 14:55:15 [INFO] Model 04  RMSD=nan Å  n_atoms=0
2026-05-12 14:55:15 [INFO] PyMOL [heat04]
2026-05-12 14:55:15 [INFO] PyMOL [pair05]
2026-05-12 14:55:15 [WARNING] RMSD parse failed for 5: [Errno 2] No such file or directory: '/Users/ario/conserved_site_project/10_modeller/05_comparison/_pairwise_model05.json'
2026-05-12 14:55:15 [INFO] Model 05  RMSD=nan Å  n_atoms=0
2026-05-12 14:55:15 [INFO] PyMOL [heat05]
2026-05-12 14:55:16 [INFO] PyMOL [pair06]
2026-05-12 14:55:16 [WARNING] RMSD parse failed for 6: [Errno 2] No such file or directory: '/Users/ario/conserved_site_project/10_modeller/05_comparison/_pairwise_model06.json'
2026-05-12 14:55:16 [INFO] Model 06  RMSD=nan Å  n_atoms=0
2026-05-12 14:55:16 [INFO] PyMOL [heat06]
2026-05-12 14:55:16 [INFO] PyMOL [pair07]
2026-05-12 14:55:17 [WARNING] RMSD parse failed for 7: [Errno 2] No such file or directory: '/Users/ario/conserved_site_project/10_modeller/05_comparison/_pairwise_model07.json'
2026-05-12 14:55:17 [INFO] Model 07  RMSD=nan Å  n_atoms=0
2026-05-12 14:55:17 [INFO] PyMOL [heat07]
2026-05-12 14:55:17 [INFO] PyMOL [pair08]
2026-05-12 14:55:17 [WARNING] RMSD parse failed for 8: [Errno 2] No such file or directory: '/Users/ario/conserved_site_project/10_modeller/05_comparison/_pairwise_model08.json'
2026-05-12 14:55:17 [INFO] Model 08  RMSD=nan Å  n_atoms=0
2026-05-12 14:55:17 [INFO] PyMOL [heat08]
2026-05-12 14:55:17 [INFO] PyMOL [pair09]
2026-05-12 14:55:18 [WARNING] RMSD parse failed for 9: [Errno 2] No such file or directory: '/Users/ario/conserved_site_project/10_modeller/05_comparison/_pairwise_model09.json'
2026-05-12 14:55:18 [INFO] Model 09  RMSD=nan Å  n_atoms=0
2026-05-12 14:55:18 [INFO] PyMOL [heat09]
2026-05-12 14:55:18 [INFO] PyMOL [pair10]
2026-05-12 14:55:19 [WARNING] RMSD parse failed for 10: [Errno 2] No such file or directory: '/Users/ario/conserved_site_project/10_modeller/05_comparison/_pairwise_model10.json'
2026-05-12 14:55:19 [INFO] Model 10  RMSD=nan Å  n_atoms=0
2026-05-12 14:55:19 [INFO] PyMOL [heat10]
2026-05-12 14:55:19 [INFO] Wrote /Users/ario/conserved_site_project/10_modeller/05_comparison/rmsd_per_model.csv
2026-05-12 14:55:19 [INFO] PyMOL [all_overlay]
2026-05-12 14:56:31 [INFO] Best by RMSD: None   Best by DOPE: {'model_id': 3, 'model_pdb': 'target.B99990003.pdb', 'DOPE': -35775.74609375}
2026-05-12 14:56:31 [INFO] STEP 5 OK
2026-05-12 14:57:49 [INFO] Comparing 10 models against 1hvy_chainA.pdb
2026-05-12 14:57:49 [INFO] PyMOL [pair01]
2026-05-12 14:57:50 [INFO] Model 01  RMSD=0.388 Å  n_atoms=254
2026-05-12 14:57:50 [INFO] PyMOL [heat01]
2026-05-12 14:57:51 [INFO] PyMOL [pair02]
2026-05-12 14:57:51 [INFO] Model 02  RMSD=0.372 Å  n_atoms=263
2026-05-12 14:57:51 [INFO] PyMOL [heat02]
2026-05-12 14:57:52 [INFO] PyMOL [pair03]
2026-05-12 14:57:52 [INFO] Model 03  RMSD=0.371 Å  n_atoms=258
2026-05-12 14:57:52 [INFO] PyMOL [heat03]
2026-05-12 14:57:52 [INFO] PyMOL [pair04]
2026-05-12 14:57:53 [INFO] Model 04  RMSD=0.389 Å  n_atoms=265
2026-05-12 14:57:53 [INFO] PyMOL [heat04]
2026-05-12 14:57:53 [INFO] PyMOL [pair05]
2026-05-12 14:57:54 [INFO] Model 05  RMSD=0.386 Å  n_atoms=258
2026-05-12 14:57:54 [INFO] PyMOL [heat05]
2026-05-12 14:57:54 [INFO] PyMOL [pair06]
2026-05-12 14:57:55 [INFO] Model 06  RMSD=0.390 Å  n_atoms=260
2026-05-12 14:57:55 [INFO] PyMOL [heat06]
2026-05-12 14:57:55 [INFO] PyMOL [pair07]
2026-05-12 14:57:56 [INFO] Model 07  RMSD=0.385 Å  n_atoms=267
2026-05-12 14:57:56 [INFO] PyMOL [heat07]
2026-05-12 14:57:56 [INFO] PyMOL [pair08]
2026-05-12 14:57:57 [INFO] Model 08  RMSD=0.370 Å  n_atoms=246
2026-05-12 14:57:57 [INFO] PyMOL [heat08]
2026-05-12 14:57:57 [INFO] PyMOL [pair09]
2026-05-12 14:57:58 [INFO] Model 09  RMSD=0.387 Å  n_atoms=250
2026-05-12 14:57:58 [INFO] PyMOL [heat09]
2026-05-12 14:57:58 [INFO] PyMOL [pair10]
2026-05-12 14:57:59 [INFO] Model 10  RMSD=0.367 Å  n_atoms=259
2026-05-12 14:57:59 [INFO] PyMOL [heat10]
2026-05-12 14:57:59 [INFO] Wrote /Users/ario/conserved_site_project/10_modeller/05_comparison/rmsd_per_model.csv
2026-05-12 14:57:59 [INFO] PyMOL [all_overlay]
2026-05-12 14:59:08 [INFO] Best by RMSD: {'model_id': 10, 'model_pdb': 'target.B99990010.pdb', 'rmsd_to_crystal': 0.3666912317276001, 'n_atoms_aligned': 259}   Best by DOPE: {'model_id': 3, 'model_pdb': 'target.B99990003.pdb', 'DOPE': -35775.74609375}
2026-05-12 14:59:08 [INFO] STEP 5 OK
