2026-05-12 14:48:32 [INFO] Query length: 287
2026-05-12 14:48:32 [INFO] Running NCBIWWW.qblast on pdb DB (this may take 1-3 minutes)...
2026-05-12 14:48:36 [INFO] BLAST result XML written: /Users/ario/conserved_site_project/10_modeller/02_blast/blast.xml (61927 bytes)
2026-05-12 14:48:36 [INFO] Parsed 29 BLAST hits
2026-05-12 14:48:36 [INFO] Wrote /Users/ario/conserved_site_project/10_modeller/02_blast/blast.tsv
2026-05-12 14:48:36 [INFO] After identity/coverage filter: 0 candidates
2026-05-12 14:48:36 [WARNING] Only 0 templates selected (wanted 3)
2026-05-12 14:48:36 [ERROR] No usable templates — abort
2026-05-12 14:49:07 [INFO] Query length: 287
2026-05-12 14:49:07 [INFO] Running NCBIWWW.qblast on pdb DB (this may take 1-3 minutes)...
2026-05-12 14:50:10 [INFO] BLAST result XML written: /Users/ario/conserved_site_project/10_modeller/02_blast/blast.xml (342768 bytes)
2026-05-12 14:50:10 [INFO] Parsed 167 BLAST hits
2026-05-12 14:50:10 [INFO] Wrote /Users/ario/conserved_site_project/10_modeller/02_blast/blast.tsv
2026-05-12 14:50:10 [INFO] After identity/coverage filter: 100 candidates
2026-05-12 14:50:10 [INFO] Downloading https://files.rcsb.org/download/3IHI.pdb
2026-05-12 14:50:11 [INFO] Selected 3IHI_A identity=92.71% cov=1.00 res=1.94
2026-05-12 14:50:12 [INFO] Downloading https://files.rcsb.org/download/1RTS.pdb
2026-05-12 14:50:13 [INFO] Skip 1RTS: resolution 3.30 > 2.50
2026-05-12 14:50:13 [INFO] Downloading https://files.rcsb.org/download/6K7Q.pdb
2026-05-12 14:50:16 [INFO] Selected 6K7Q_A identity=75.96% cov=1.00 res=2.27
2026-05-12 14:50:17 [INFO] Downloading https://files.rcsb.org/download/5H39.pdb
2026-05-12 14:50:18 [INFO] Selected 5H39_A identity=72.28% cov=0.99 res=2.0
2026-05-12 14:50:18 [INFO] Wrote /Users/ario/conserved_site_project/10_modeller/02_blast/selected_templates.json
2026-05-12 14:50:18 [INFO] STEP 2 OK: 3 templates selected
