[2026-05-12 13:26:16] [V4] STAGE3: Stage 3 v4 starting (REAL cofactor reprotonation)
[2026-05-12 13:26:18] [V4] STAGE3:   found 2 -COOH groups
[2026-05-12 13:26:18] [V4] STAGE3:   SMILES (no H): Cc1nc(=O)c2cc(CN(C)c3ccc(C(=O)N[C@@H](CCC(=O)[O-])C(=O)[O-])s3)ccc2[nH]1
[2026-05-12 13:26:18] [V4] STAGE3:   protonated SDF written
[2026-05-12 13:26:18] [V4] STAGE3:   obabel canonical SMILES: [O-]C(=O)CC[C@@H](C(=O)[O-])NC(=O)c1ccc(s1)N(Cc1ccc2c(c1)c(=O)nc([nH]2)C)C
[2026-05-12 13:26:18] [V4] STAGE3:   protonated heavy count: 32, crystal heavy count: 32
[2026-05-12 13:26:18] [V4] STAGE3:   crystal elements: ['N', 'C', 'C', 'N', 'C', 'O', 'C', 'C', 'C', 'C']...
[2026-05-12 13:26:18] [V4] STAGE3:   mol elements:     ['N', 'C', 'C', 'N', 'C', 'O', 'C', 'C', 'C', 'C']...
[2026-05-12 13:26:18] [V4] STAGE3:   element order matches; using direct Kabsch alignment
[2026-05-12 13:26:18] [V4] STAGE3:   alignment RMSD heavy = 2.709 A
[2026-05-12 13:26:18] [V4] STAGE3:   wrote /Users/ario/conserved_site_project/03d_structure_v4/cofactor_chainA_v4.pdb
[2026-05-12 13:26:18] [V4] STAGE3:   protonated heavy count: 32, crystal heavy count: 32
[2026-05-12 13:26:18] [V4] STAGE3:   crystal elements: ['N', 'C', 'C', 'N', 'C', 'O', 'C', 'C', 'C', 'C']...
[2026-05-12 13:26:18] [V4] STAGE3:   mol elements:     ['N', 'C', 'C', 'N', 'C', 'O', 'C', 'C', 'C', 'C']...
[2026-05-12 13:26:18] [V4] STAGE3:   element order matches; using direct Kabsch alignment
[2026-05-12 13:26:18] [V4] STAGE3:   alignment RMSD heavy = 2.666 A
[2026-05-12 13:26:18] [V4] STAGE3:   wrote /Users/ario/conserved_site_project/03d_structure_v4/cofactor_chainB_v4.pdb
[2026-05-12 13:26:18] [V4] STAGE3:   chain A: v2_md5=c3a555f6f0444de7cac58d2797c90eb5 v4_md5=e6f06a08f8910fff680286de98c2e1d2
[2026-05-12 13:26:18] [V4] STAGE3:   chain A: MD5 differs (good)
[2026-05-12 13:26:18] [V4] STAGE3:   chain B: v2_md5=6dcb536725c93aa7cdd52c36a46ca3f7 v4_md5=9900570337d49678d67b31e076657cec
[2026-05-12 13:26:18] [V4] STAGE3:   chain B: MD5 differs (good)
[2026-05-12 13:26:18] [V4] STAGE3: Stage 3 v4 DONE
