[2026-05-12 14:01:07] [V5] STAGE3: Stage 3 v5 starting (IN-PLACE cofactor reprotonation; no Kabsch)
[2026-05-12 14:01:07] [V5] STAGE3:   chain A heavy atoms: 32
[2026-05-12 14:01:07] [V5] STAGE3:   chain B heavy atoms: 32
[2026-05-12 14:01:07] [V5] STAGE3: Chain A:
[2026-05-12 14:01:07] [V5] STAGE3:   template heavy atoms: 32, crystal heavy atoms: 32
[2026-05-12 14:01:07] [V5] STAGE3:   element order matches index-by-index
[2026-05-12 14:01:07] [V5] STAGE3:   found 2 -COOH groups in template (will deprotonate)
[2026-05-12 14:01:07] [V5] STAGE3:   SMILES (no H): Cc1nc(=O)c2cc(CN(C)c3ccc(C(=O)N[C@@H](CCC(=O)[O-])C(=O)[O-])s3)ccc2[nH]1
[2026-05-12 14:01:07] [V5] STAGE3:   carboxylate [O-] count: 2
[2026-05-12 14:01:07] [V5] STAGE3:   wrote /Users/ario/conserved_site_project/03e_structure_v5/cofactor_chainA_v5.pdb (md5=0e0b87ba50dcda7d9239b5dba806b290)
[2026-05-12 14:01:07] [V5] STAGE3: Chain B:
[2026-05-12 14:01:07] [V5] STAGE3:   template heavy atoms: 32, crystal heavy atoms: 32
[2026-05-12 14:01:07] [V5] STAGE3:   element order matches index-by-index
[2026-05-12 14:01:07] [V5] STAGE3:   found 2 -COOH groups in template (will deprotonate)
[2026-05-12 14:01:07] [V5] STAGE3:   SMILES (no H): Cc1nc(=O)c2cc(CN(C)c3ccc(C(=O)N[C@@H](CCC(=O)[O-])C(=O)[O-])s3)ccc2[nH]1
[2026-05-12 14:01:07] [V5] STAGE3:   carboxylate [O-] count: 2
[2026-05-12 14:01:07] [V5] STAGE3:   wrote /Users/ario/conserved_site_project/03e_structure_v5/cofactor_chainB_v5.pdb (md5=1aea7b012749ab7ade8b1f724ec45982)
[2026-05-12 14:01:07] [V5] STAGE3:   verify A: heavy-atom RMSD vs 1HVY chain-A D16 = 0.000000 A (matched 32 of 32 atoms)
[2026-05-12 14:01:07] [V5] STAGE3:   verify B: heavy-atom RMSD vs 1HVY chain-B D16 = 0.000000 A (matched 32 of 32 atoms)
[2026-05-12 14:01:07] [V5] STAGE3:   v5 chain-A md5 = 0e0b87ba50dcda7d9239b5dba806b290
[2026-05-12 14:01:07] [V5] STAGE3:   v4 chain-A md5 = e6f06a08f8910fff680286de98c2e1d2
[2026-05-12 14:01:07] [V5] STAGE3:   protein dimer heavy atoms: 4650
[2026-05-12 14:01:07] [V5] STAGE3:   chain A clashes < 1.8 A: 0
[2026-05-12 14:01:07] [V5] STAGE3:   chain B clashes < 1.8 A: 0
[2026-05-12 14:01:07] [V5] STAGE3:   chain A near-clashes < 2.0 A: 0
[2026-05-12 14:01:07] [V5] STAGE3: Stage 3 v5 DONE
