[V7][taskC] 2026-05-13T03:03:53Z Task C start
[V7][taskC] 2026-05-13T03:03:53Z super AF-P04818-F1-model_v6.pdb -> 1hvy_chainA.pdb: RMSD=0.378 N=258
[V7][taskC] 2026-05-13T03:03:53Z align AF-P04818-F1-model_v6.pdb -> 1hvy_chainA.pdb: RMSD=0.378 N=258
[V7][taskC] 2026-05-13T03:03:53Z super refined_B99990003.pdb -> 1hvy_chainA.pdb: RMSD=0.373 N=257
[V7][taskC] 2026-05-13T03:03:53Z align refined_B99990003.pdb -> 1hvy_chainA.pdb: RMSD=0.373 N=257
[V7][taskC] 2026-05-13T03:03:54Z super refined_B99990010.pdb -> 1hvy_chainA.pdb: RMSD=0.394 N=261
[V7][taskC] 2026-05-13T03:03:54Z align refined_B99990010.pdb -> 1hvy_chainA.pdb: RMSD=0.394 N=261
[V7][taskC] 2026-05-13T03:03:54Z super AF-P04818-F1-model_v6.pdb -> refined_B99990003.pdb: RMSD=0.432 N=264
[V7][taskC] 2026-05-13T03:03:54Z align AF-P04818-F1-model_v6.pdb -> refined_B99990003.pdb: RMSD=0.432 N=264
[V7][taskC] 2026-05-13T03:03:57Z triple overlay rc=0, png exists=True
[V7][taskC] 2026-05-13T03:03:57Z 3Dmol viewer -> /Users/ario/conserved_site_project/viewers/alphafold_overlay.html
[V7][taskC] 2026-05-13T03:03:57Z comparison CSV -> /Users/ario/conserved_site_project/12_phase7/03_alphafold/comparison.csv
[V7][taskC] 2026-05-13T03:03:57Z Task C done
[V7][taskC] 2026-05-13T03:05:25Z Task C start
[V7][taskC] 2026-05-13T03:05:25Z super AF-P04818-F1-model_v6.pdb -> 1hvy_chainA.pdb: RMSD_conv=0.378/258  RMSD_raw=0.47/285
[V7][taskC] 2026-05-13T03:05:25Z align AF-P04818-F1-model_v6.pdb -> 1hvy_chainA.pdb: RMSD_conv=0.378/258  RMSD_raw=0.554/287
[V7][taskC] 2026-05-13T03:05:26Z super refined_B99990003.pdb -> 1hvy_chainA.pdb: RMSD_conv=0.373/257  RMSD_raw=0.516/285
[V7][taskC] 2026-05-13T03:05:26Z align refined_B99990003.pdb -> 1hvy_chainA.pdb: RMSD_conv=0.373/257  RMSD_raw=0.702/287
[V7][taskC] 2026-05-13T03:05:26Z super refined_B99990010.pdb -> 1hvy_chainA.pdb: RMSD_conv=0.394/261  RMSD_raw=0.497/284
[V7][taskC] 2026-05-13T03:05:26Z align refined_B99990010.pdb -> 1hvy_chainA.pdb: RMSD_conv=0.394/261  RMSD_raw=0.64/287
[V7][taskC] 2026-05-13T03:05:26Z super AF-P04818-F1-model_v6.pdb -> refined_B99990003.pdb: RMSD_conv=0.432/264  RMSD_raw=0.598/286
[V7][taskC] 2026-05-13T03:05:26Z align AF-P04818-F1-model_v6.pdb -> refined_B99990003.pdb: RMSD_conv=0.432/264  RMSD_raw=0.677/287
[V7][taskC] 2026-05-13T03:05:29Z triple overlay rc=0, png exists=True
[V7][taskC] 2026-05-13T03:05:29Z 3Dmol viewer -> /Users/ario/conserved_site_project/viewers/alphafold_overlay.html
[V7][taskC] 2026-05-13T03:05:29Z comparison CSV -> /Users/ario/conserved_site_project/12_phase7/03_alphafold/comparison.csv
[V7][taskC] 2026-05-13T03:05:29Z Task C done
