[V7][taskA] 2026-05-13T02:54:55Z Task A start
[V7][taskA] 2026-05-13T02:54:55Z docking WT_apo seed=42
[V7][taskA] 2026-05-13T02:55:04Z docking WT_apo seed=7
[V7][taskA] 2026-05-13T02:55:13Z docking WT_apo seed=13
[V7][taskA] 2026-05-13T02:55:21Z docking WT_apo seed=99
[V7][taskA] 2026-05-13T02:55:30Z docking WT_apo seed=256
[V7][taskA] 2026-05-13T02:55:39Z WT_apo: mean=-8.5512 sd=0.0496960763038691 spread=0.11299999999999955
[V7][taskA] 2026-05-13T02:55:39Z docking WT_holo seed=42
[V7][taskA] 2026-05-13T02:55:49Z docking WT_holo seed=7
[V7][taskA] 2026-05-13T02:55:59Z docking WT_holo seed=13
[V7][taskA] 2026-05-13T02:56:09Z docking WT_holo seed=99
[V7][taskA] 2026-05-13T02:56:19Z docking WT_holo seed=256
[V7][taskA] 2026-05-13T02:56:29Z WT_holo: mean=-7.4864 sd=0.011631852818876432 spread=0.02800000000000047
[V7][taskA] 2026-05-13T02:56:29Z docking R215A_N226A_holo seed=42
[V7][taskA] 2026-05-13T02:56:39Z docking R215A_N226A_holo seed=7
[V7][taskA] 2026-05-13T02:56:48Z docking R215A_N226A_holo seed=13
[V7][taskA] 2026-05-13T02:56:57Z docking R215A_N226A_holo seed=99
[V7][taskA] 2026-05-13T02:57:06Z docking R215A_N226A_holo seed=256
[V7][taskA] 2026-05-13T02:57:16Z R215A_N226A_holo: mean=-7.4886 sd=0.04363828594250698 spread=0.10899999999999999
[V7][taskA] 2026-05-13T02:57:16Z docking H196A_holo seed=42
[V7][taskA] 2026-05-13T02:57:25Z docking H196A_holo seed=7
[V7][taskA] 2026-05-13T02:57:34Z docking H196A_holo seed=13
[V7][taskA] 2026-05-13T02:57:44Z docking H196A_holo seed=99
[V7][taskA] 2026-05-13T02:57:54Z docking H196A_holo seed=256
[V7][taskA] 2026-05-13T02:58:03Z H196A_holo: mean=-7.5768 sd=0.05121230320928733 spread=0.12799999999999923
[V7][taskA] 2026-05-13T02:58:03Z docking R215E_holo seed=42
[V7][taskA] 2026-05-13T02:58:13Z docking R215E_holo seed=7
[V7][taskA] 2026-05-13T02:58:23Z docking R215E_holo seed=13
[V7][taskA] 2026-05-13T02:58:34Z docking R215E_holo seed=99
[V7][taskA] 2026-05-13T02:58:44Z docking R215E_holo seed=256
[V7][taskA] 2026-05-13T02:58:54Z R215E_holo: mean=-7.6726 sd=0.016379865689315282 spread=0.036000000000000476
[V7][taskA] 2026-05-13T02:58:54Z docking R50A_holo seed=42
[V7][taskA] 2026-05-13T02:59:06Z docking R50A_holo seed=7
[V7][taskA] 2026-05-13T02:59:17Z docking R50A_holo seed=13
[V7][taskA] 2026-05-13T02:59:28Z docking R50A_holo seed=99
[V7][taskA] 2026-05-13T02:59:38Z docking R50A_holo seed=256
[V7][taskA] 2026-05-13T02:59:48Z R50A_holo: mean=-7.4478 sd=0.01901841213140552 spread=0.041999999999999815
[V7][taskA] 2026-05-13T02:59:48Z docking C195A_holo seed=42
[V7][taskA] 2026-05-13T02:59:56Z docking C195A_holo seed=7
[V7][taskA] 2026-05-13T03:00:04Z docking C195A_holo seed=13
[V7][taskA] 2026-05-13T03:00:12Z docking C195A_holo seed=99
[V7][taskA] 2026-05-13T03:00:20Z docking C195A_holo seed=256
[V7][taskA] 2026-05-13T03:00:28Z C195A_holo: mean=-10.37 sd=0.01414213562373159 spread=0.030000000000001137
[V7][taskA] 2026-05-13T03:00:28Z docking R175E_R176E_holo seed=42
[V7][taskA] 2026-05-13T03:00:39Z docking R175E_R176E_holo seed=7
[V7][taskA] 2026-05-13T03:00:49Z docking R175E_R176E_holo seed=13
[V7][taskA] 2026-05-13T03:01:00Z docking R175E_R176E_holo seed=99
[V7][taskA] 2026-05-13T03:01:11Z docking R175E_R176E_holo seed=256
[V7][taskA] 2026-05-13T03:01:20Z R175E_R176E_holo: mean=-8.012599999999999 sd=0.02247887897560711 spread=0.056999999999999496
[V7][taskA] 2026-05-13T03:01:20Z docking T170A_holo seed=42
[V7][taskA] 2026-05-13T03:01:30Z docking T170A_holo seed=7
[V7][taskA] 2026-05-13T03:01:41Z docking T170A_holo seed=13
[V7][taskA] 2026-05-13T03:01:52Z docking T170A_holo seed=99
[V7][taskA] 2026-05-13T03:02:03Z docking T170A_holo seed=256
[V7][taskA] 2026-05-13T03:02:12Z T170A_holo: mean=-8.012599999999999 sd=0.02247887897560711 spread=0.056999999999999496
[V7][taskA] 2026-05-13T03:02:12Z docking Y258F_F225Y_holo seed=42
[V7][taskA] 2026-05-13T03:02:22Z docking Y258F_F225Y_holo seed=7
[V7][taskA] 2026-05-13T03:02:31Z docking Y258F_F225Y_holo seed=13
[V7][taskA] 2026-05-13T03:02:40Z docking Y258F_F225Y_holo seed=99
[V7][taskA] 2026-05-13T03:02:50Z docking Y258F_F225Y_holo seed=256
[V7][taskA] 2026-05-13T03:03:00Z Y258F_F225Y_holo: mean=-7.8702 sd=0.009833615815151743 spread=0.020000000000000462
[V7][taskA] 2026-05-13T03:03:00Z Task A done: csv=/Users/ario/conserved_site_project/12_phase7/01_replicas/multi_replica_results.csv agg=/Users/ario/conserved_site_project/12_phase7/01_replicas/multi_replica_aggregate.csv
