STDOUT
AutoDock Vina v1.2.7
#################################################################
# If you used AutoDock Vina in your work, please cite:          #
#                                                               #
# J. Eberhardt, D. Santos-Martins, A. F. Tillack, and S. Forli  #
# AutoDock Vina 1.2.0: New Docking Methods, Expanded Force      #
# Field, and Python Bindings, J. Chem. Inf. Model. (2021)       #
# DOI 10.1021/acs.jcim.1c00203                                  #
#                                                               #
# O. Trott, A. J. Olson,                                        #
# AutoDock Vina: improving the speed and accuracy of docking    #
# with a new scoring function, efficient optimization and       #
# multithreading, J. Comp. Chem. (2010)                         #
# DOI 10.1002/jcc.21334                                         #
#                                                               #
# Please see https://github.com/ccsb-scripps/AutoDock-Vina for  #
# more information.                                             #
#################################################################

Scoring function : vina
Rigid receptor: /Users/ario/conserved_site_project/07b_mut_docking_v2/C195S_H196N/C195S_H196N_apo.pdbqt
Ligand: /Users/ario/conserved_site_project/05b_ligand_v2/dump.pdbqt
Grid center: X 3.466 Y 4.741 Z 7.778
Grid size  : X 18 Y 18 Z 18
Grid space : 0.375
Exhaustiveness: 32
CPU: 4
Verbosity: 1

Computing Vina grid ... done.
Performing docking (random seed: 42) ... 
0%   10   20   30   40   50   60   70   80   90   100%
|----|----|----|----|----|----|----|----|----|----|
***************************************************

mode |   affinity | dist from best mode
     | (kcal/mol) | rmsd l.b.| rmsd u.b.
-----+------------+----------+----------
   1       -7.842          0          0
   2         -7.6      1.893      2.662
   3       -7.557      3.801      7.216
   4       -7.368      2.116      2.861
   5        -7.17      3.511      6.469
   6       -7.135      3.267      6.047
   7       -7.116      3.174      4.488
   8       -6.586       1.94      2.816
   9       -6.534      2.692      4.055
  10       -6.386      3.478      6.225
  11       -6.309      3.785      6.273
  12       -6.219      3.882      7.338
  13       -6.068      3.733      6.489
  14       -6.024      2.348      3.819
  15       -5.806      3.635      6.355
  16       -5.797      4.779      6.814
  17       -5.713      4.212      6.917
  18       -5.709      3.101      6.478
  19       -5.297      5.412      7.598
  20       -5.286      3.488        6.8

STDERR
