STDOUT
AutoDock Vina v1.2.7
#################################################################
# If you used AutoDock Vina in your work, please cite:          #
#                                                               #
# J. Eberhardt, D. Santos-Martins, A. F. Tillack, and S. Forli  #
# AutoDock Vina 1.2.0: New Docking Methods, Expanded Force      #
# Field, and Python Bindings, J. Chem. Inf. Model. (2021)       #
# DOI 10.1021/acs.jcim.1c00203                                  #
#                                                               #
# O. Trott, A. J. Olson,                                        #
# AutoDock Vina: improving the speed and accuracy of docking    #
# with a new scoring function, efficient optimization and       #
# multithreading, J. Comp. Chem. (2010)                         #
# DOI 10.1002/jcc.21334                                         #
#                                                               #
# Please see https://github.com/ccsb-scripps/AutoDock-Vina for  #
# more information.                                             #
#################################################################

Scoring function : vina
Rigid receptor: /Users/ario/conserved_site_project/07b_mut_docking_v2/C195S_H196N/C195S_H196N_holo.pdbqt
Ligand: /Users/ario/conserved_site_project/05b_ligand_v2/dump.pdbqt
Grid center: X 3.466 Y 4.741 Z 7.778
Grid size  : X 18 Y 18 Z 18
Grid space : 0.375
Exhaustiveness: 32
CPU: 4
Verbosity: 1

Computing Vina grid ... done.
Performing docking (random seed: 42) ... 
0%   10   20   30   40   50   60   70   80   90   100%
|----|----|----|----|----|----|----|----|----|----|
***************************************************

mode |   affinity | dist from best mode
     | (kcal/mol) | rmsd l.b.| rmsd u.b.
-----+------------+----------+----------
   1       -7.466          0          0
   2       -6.841       1.33      1.853
   3       -5.832      2.177      3.293
   4       -5.715      2.707      6.422
   5       -3.511        3.1      7.047
   6       -3.308      3.884      7.455
   7       -2.959      2.869      4.643
   8       -2.173      3.881      6.717
   9       -2.145       1.96      2.717
  10       -1.573        3.2      6.076
  11       -1.508      4.379      8.163
  12        -1.45      2.072      3.222
  13      -0.9511      3.148      6.983
  14      -0.8284      4.559      6.753
  15       -0.398      4.634      6.687
  16      -0.2525      5.665      8.774
  17      -0.1728      2.657      6.209
  18       0.3343      4.151      8.201

STDERR
