STDOUT
AutoDock Vina v1.2.7
#################################################################
# If you used AutoDock Vina in your work, please cite:          #
#                                                               #
# J. Eberhardt, D. Santos-Martins, A. F. Tillack, and S. Forli  #
# AutoDock Vina 1.2.0: New Docking Methods, Expanded Force      #
# Field, and Python Bindings, J. Chem. Inf. Model. (2021)       #
# DOI 10.1021/acs.jcim.1c00203                                  #
#                                                               #
# O. Trott, A. J. Olson,                                        #
# AutoDock Vina: improving the speed and accuracy of docking    #
# with a new scoring function, efficient optimization and       #
# multithreading, J. Comp. Chem. (2010)                         #
# DOI 10.1002/jcc.21334                                         #
#                                                               #
# Please see https://github.com/ccsb-scripps/AutoDock-Vina for  #
# more information.                                             #
#################################################################

Scoring function : vina
Rigid receptor: /Users/ario/conserved_site_project/07c_mut_docking_v3/R215E/R215E_holo.pdbqt
Ligand: /Users/ario/conserved_site_project/05b_ligand_v2/dump.pdbqt
Grid center: X -0.137 Y 4.232 Z 15.159
Grid size  : X 22 Y 22 Z 22
Grid space : 0.375
Exhaustiveness: 32
CPU: 4
Verbosity: 1

Computing Vina grid ... done.
Performing docking (random seed: 42) ... 
0%   10   20   30   40   50   60   70   80   90   100%
|----|----|----|----|----|----|----|----|----|----|
***************************************************

mode |   affinity | dist from best mode
     | (kcal/mol) | rmsd l.b.| rmsd u.b.
-----+------------+----------+----------
   1       -7.862          0          0
   2       -6.481      3.555      6.357
   3       -5.891      1.284      1.849
   4       -4.966      10.57      12.71
   5       -4.836      2.504      4.176
   6       -4.697      5.439      9.048
   7       -4.664      12.02      13.05
   8       -4.617      11.33      13.16
   9       -4.532      12.14      13.34
  10       -4.477        2.8      6.191
  11       -4.332       11.6      13.42
  12       -4.303      12.46      13.67
  13       -4.078      10.92      12.88
  14       -3.909      12.42      13.94
  15       -3.683      10.25       12.8
  16       -3.638      11.13      13.04
  17       -3.435      12.29      13.86
  18       -3.435      10.16      12.74
  19       -3.318      11.62      13.82
  20        54.73      11.92      14.05

STDERR
