STDOUT
AutoDock Vina v1.2.7
#################################################################
# If you used AutoDock Vina in your work, please cite:          #
#                                                               #
# J. Eberhardt, D. Santos-Martins, A. F. Tillack, and S. Forli  #
# AutoDock Vina 1.2.0: New Docking Methods, Expanded Force      #
# Field, and Python Bindings, J. Chem. Inf. Model. (2021)       #
# DOI 10.1021/acs.jcim.1c00203                                  #
#                                                               #
# O. Trott, A. J. Olson,                                        #
# AutoDock Vina: improving the speed and accuracy of docking    #
# with a new scoring function, efficient optimization and       #
# multithreading, J. Comp. Chem. (2010)                         #
# DOI 10.1002/jcc.21334                                         #
#                                                               #
# Please see https://github.com/ccsb-scripps/AutoDock-Vina for  #
# more information.                                             #
#################################################################

Scoring function : vina
Rigid receptor: /Users/ario/conserved_site_project/07c_mut_docking_v3/R215E/R215E_apo.pdbqt
Ligand: /Users/ario/conserved_site_project/05b_ligand_v2/dump.pdbqt
Grid center: X -0.137 Y 4.232 Z 15.159
Grid size  : X 22 Y 22 Z 22
Grid space : 0.375
Exhaustiveness: 32
CPU: 4
Verbosity: 1

Computing Vina grid ... done.
Performing docking (random seed: 42) ... 
0%   10   20   30   40   50   60   70   80   90   100%
|----|----|----|----|----|----|----|----|----|----|
***************************************************

mode |   affinity | dist from best mode
     | (kcal/mol) | rmsd l.b.| rmsd u.b.
-----+------------+----------+----------
   1       -8.586          0          0
   2        -8.39      1.654      2.279
   3       -8.323      2.988      4.345
   4       -8.193      2.418      4.178
   5       -8.097      1.634      1.906
   6       -7.957       2.88      6.134
   7       -7.855      3.448      3.876
   8       -7.614      2.398      3.581
   9        -7.61        3.8      7.371
  10       -7.581      2.765      5.369
  11       -7.441      3.074      5.136
  12       -7.419      3.197      6.546
  13       -7.353      4.511      6.324
  14       -7.326      3.632      7.348
  15       -7.313      4.244      7.541
  16       -7.298      2.982      5.345
  17       -7.257      2.593      4.038
  18       -7.139      4.024      6.478
  19        -7.09      3.515      6.912

STDERR
