STDOUT
AutoDock Vina v1.2.7
#################################################################
# If you used AutoDock Vina in your work, please cite:          #
#                                                               #
# J. Eberhardt, D. Santos-Martins, A. F. Tillack, and S. Forli  #
# AutoDock Vina 1.2.0: New Docking Methods, Expanded Force      #
# Field, and Python Bindings, J. Chem. Inf. Model. (2021)       #
# DOI 10.1021/acs.jcim.1c00203                                  #
#                                                               #
# O. Trott, A. J. Olson,                                        #
# AutoDock Vina: improving the speed and accuracy of docking    #
# with a new scoring function, efficient optimization and       #
# multithreading, J. Comp. Chem. (2010)                         #
# DOI 10.1002/jcc.21334                                         #
#                                                               #
# Please see https://github.com/ccsb-scripps/AutoDock-Vina for  #
# more information.                                             #
#################################################################

Scoring function : vina
Rigid receptor: /Users/ario/conserved_site_project/07c_mut_docking_v3/R215A_N226A/R215A_N226A_holo.pdbqt
Ligand: /Users/ario/conserved_site_project/05b_ligand_v2/dump.pdbqt
Grid center: X -0.137 Y 4.232 Z 15.159
Grid size  : X 22 Y 22 Z 22
Grid space : 0.375
Exhaustiveness: 32
CPU: 4
Verbosity: 1

Computing Vina grid ... done.
Performing docking (random seed: 42) ... 
0%   10   20   30   40   50   60   70   80   90   100%
|----|----|----|----|----|----|----|----|----|----|
***************************************************

mode |   affinity | dist from best mode
     | (kcal/mol) | rmsd l.b.| rmsd u.b.
-----+------------+----------+----------
   1       -7.588          0          0
   2       -6.054      3.706      6.518
   3        -5.82      1.454      1.966
   4       -5.234      1.217      1.556
   5       -4.577      5.762      9.341
   6       -4.571      12.46      13.54
   7        -4.54      11.75      13.51
   8       -4.513      2.826      6.062
   9       -4.492      2.531       4.26
  10        -4.48      10.45      12.69
  11        -4.26      7.855      10.97
  12       -4.177      11.44      13.44
  13        -4.03      11.03      13.19
  14       -3.992      10.78       12.9
  15       -3.772       10.7      13.19
  16       -3.757      12.74      13.53
  17       -3.699      12.32       13.7
  18        -3.65      12.45      13.68
  19       -3.618      10.67      13.21
  20       -3.516      12.68      14.14

STDERR
