STDOUT
AutoDock Vina v1.2.7
#################################################################
# If you used AutoDock Vina in your work, please cite:          #
#                                                               #
# J. Eberhardt, D. Santos-Martins, A. F. Tillack, and S. Forli  #
# AutoDock Vina 1.2.0: New Docking Methods, Expanded Force      #
# Field, and Python Bindings, J. Chem. Inf. Model. (2021)       #
# DOI 10.1021/acs.jcim.1c00203                                  #
#                                                               #
# O. Trott, A. J. Olson,                                        #
# AutoDock Vina: improving the speed and accuracy of docking    #
# with a new scoring function, efficient optimization and       #
# multithreading, J. Comp. Chem. (2010)                         #
# DOI 10.1002/jcc.21334                                         #
#                                                               #
# Please see https://github.com/ccsb-scripps/AutoDock-Vina for  #
# more information.                                             #
#################################################################

Scoring function : vina
Rigid receptor: /Users/ario/conserved_site_project/07d_mut_docking_v4/H196A/H196A_holo.pdbqt
Ligand: /Users/ario/conserved_site_project/05b_ligand_v2/dump.pdbqt
Grid center: X -0.137 Y 4.232 Z 15.159
Grid size  : X 22 Y 22 Z 22
Grid space : 0.375
Exhaustiveness: 32
CPU: 4
Verbosity: 1

Computing Vina grid ... done.
Performing docking (random seed: 42) ... 
0%   10   20   30   40   50   60   70   80   90   100%
|----|----|----|----|----|----|----|----|----|----|
***************************************************

mode |   affinity | dist from best mode
     | (kcal/mol) | rmsd l.b.| rmsd u.b.
-----+------------+----------+----------
   1       -5.156          0          0
   2       -5.156      4.317      6.494
   3       -4.946       11.1      13.42
   4       -4.942      3.662      4.807
   5       -4.883      2.826      6.133
   6       -4.872      2.799       4.64
   7       -4.787      3.885      5.404
   8       -4.685      3.165      6.368
   9       -4.638       2.36      4.037
  10       -4.458      3.783      6.667
  11       -4.425      3.873      6.128
  12       -4.325      3.896      4.492
  13       -4.226      3.461      5.142
  14        -4.04      3.496      5.297
  15       -4.008      3.692       5.39
  16       -3.946       2.01      2.855
  17       -3.844      3.616      6.334
  18       -3.833      4.086      6.369
  19       -3.576      4.521      6.303
  20        56.76      5.044       6.49

STDERR
