STDOUT
AutoDock Vina v1.2.7
#################################################################
# If you used AutoDock Vina in your work, please cite:          #
#                                                               #
# J. Eberhardt, D. Santos-Martins, A. F. Tillack, and S. Forli  #
# AutoDock Vina 1.2.0: New Docking Methods, Expanded Force      #
# Field, and Python Bindings, J. Chem. Inf. Model. (2021)       #
# DOI 10.1021/acs.jcim.1c00203                                  #
#                                                               #
# O. Trott, A. J. Olson,                                        #
# AutoDock Vina: improving the speed and accuracy of docking    #
# with a new scoring function, efficient optimization and       #
# multithreading, J. Comp. Chem. (2010)                         #
# DOI 10.1002/jcc.21334                                         #
#                                                               #
# Please see https://github.com/ccsb-scripps/AutoDock-Vina for  #
# more information.                                             #
#################################################################

Scoring function : vina
Rigid receptor: /Users/ario/conserved_site_project/07e_mut_docking_v5/T170A/T170A_holo.pdbqt
Ligand: /Users/ario/conserved_site_project/05b_ligand_v2/dump.pdbqt
Grid center: X -0.137 Y 4.232 Z 15.159
Grid size  : X 22 Y 22 Z 22
Grid space : 0.375
Exhaustiveness: 32
CPU: 4
Verbosity: 1

Computing Vina grid ... done.
Performing docking (random seed: 42) ... 
0%   10   20   30   40   50   60   70   80   90   100%
|----|----|----|----|----|----|----|----|----|----|
***************************************************

mode |   affinity | dist from best mode
     | (kcal/mol) | rmsd l.b.| rmsd u.b.
-----+------------+----------+----------
   1       -8.203          0          0
   2        -5.92      1.348      1.984
   3       -4.877      11.73      12.96
   4       -4.781      10.05      12.23
   5       -4.633       2.79      6.205
   6       -4.632      12.03      13.01
   7       -4.616      11.29      13.13
   8       -4.533       1.53      2.137
   9       -4.304      10.32      12.77
  10       -4.132      12.08      13.73
  11       -4.081      12.04      13.53
  12       -4.059      10.13      12.85
  13       -3.899      12.88      14.32
  14       -3.817      2.258      3.651
  15       -3.754      12.09      13.18
  16       -3.715      11.94      14.04
  17       -3.645      10.79      12.73
  18       -3.568      10.13      12.57
  19       -3.202      12.08      13.03
  20       -3.113      9.396      11.95

STDERR
