STDOUT
AutoDock Vina v1.2.7
#################################################################
# If you used AutoDock Vina in your work, please cite:          #
#                                                               #
# J. Eberhardt, D. Santos-Martins, A. F. Tillack, and S. Forli  #
# AutoDock Vina 1.2.0: New Docking Methods, Expanded Force      #
# Field, and Python Bindings, J. Chem. Inf. Model. (2021)       #
# DOI 10.1021/acs.jcim.1c00203                                  #
#                                                               #
# O. Trott, A. J. Olson,                                        #
# AutoDock Vina: improving the speed and accuracy of docking    #
# with a new scoring function, efficient optimization and       #
# multithreading, J. Comp. Chem. (2010)                         #
# DOI 10.1002/jcc.21334                                         #
#                                                               #
# Please see https://github.com/ccsb-scripps/AutoDock-Vina for  #
# more information.                                             #
#################################################################

Scoring function : vina
Rigid receptor: /Users/ario/conserved_site_project/07e_mut_docking_v5/W109A/W109A_holo.pdbqt
Ligand: /Users/ario/conserved_site_project/05b_ligand_v2/dump.pdbqt
Grid center: X -0.137 Y 4.232 Z 15.159
Grid size  : X 22 Y 22 Z 22
Grid space : 0.375
Exhaustiveness: 32
CPU: 4
Verbosity: 1

Computing Vina grid ... done.
Performing docking (random seed: 42) ... 
0%   10   20   30   40   50   60   70   80   90   100%
|----|----|----|----|----|----|----|----|----|----|
***************************************************

mode |   affinity | dist from best mode
     | (kcal/mol) | rmsd l.b.| rmsd u.b.
-----+------------+----------+----------
   1       -7.978          0          0
   2       -5.845      7.577      9.731
   3       -4.967      2.121       3.67
   4       -4.914      5.696      8.186
   5       -4.891      11.21      13.17
   6       -4.831      6.495      9.549
   7       -4.789      2.763      6.218
   8       -4.771      10.06      12.25
   9       -4.673      5.402      7.952
  10       -4.642         12      13.01
  11        -4.63      7.417      10.53
  12       -4.587      11.31      13.15
  13       -4.456      11.79      13.45
  14       -4.396      5.263      7.998
  15       -4.353         12      13.55
  16        -4.22      10.43      12.85
  17       -4.042      10.04      12.68
  18       -3.745      12.99      14.38
  19       -3.744      12.36      13.57
  20        8.537      11.02      12.55

STDERR
