STDOUT
AutoDock Vina v1.2.7
#################################################################
# If you used AutoDock Vina in your work, please cite:          #
#                                                               #
# J. Eberhardt, D. Santos-Martins, A. F. Tillack, and S. Forli  #
# AutoDock Vina 1.2.0: New Docking Methods, Expanded Force      #
# Field, and Python Bindings, J. Chem. Inf. Model. (2021)       #
# DOI 10.1021/acs.jcim.1c00203                                  #
#                                                               #
# O. Trott, A. J. Olson,                                        #
# AutoDock Vina: improving the speed and accuracy of docking    #
# with a new scoring function, efficient optimization and       #
# multithreading, J. Comp. Chem. (2010)                         #
# DOI 10.1002/jcc.21334                                         #
#                                                               #
# Please see https://github.com/ccsb-scripps/AutoDock-Vina for  #
# more information.                                             #
#################################################################

Scoring function : vina
Rigid receptor: /Users/ario/conserved_site_project/07c_mut_docking_v3/R175E_R176E/R175E_R176E_holo.pdbqt
Ligand: /Users/ario/conserved_site_project/05b_ligand_v2/dump.pdbqt
Grid center: X -0.137 Y 4.232 Z 15.159
Grid size  : X 22 Y 22 Z 22
Grid space : 0.375
Exhaustiveness: 32
CPU: 4
Verbosity: 1

Computing Vina grid ... done.
Performing docking (random seed: 42) ... 
0%   10   20   30   40   50   60   70   80   90   100%
|----|----|----|----|----|----|----|----|----|----|
***************************************************

mode |   affinity | dist from best mode
     | (kcal/mol) | rmsd l.b.| rmsd u.b.
-----+------------+----------+----------
   1       -8.296          0          0
   2       -6.027      1.324      1.762
   3       -4.818      10.03      12.21
   4       -4.636      2.786      6.206
   5       -4.624      12.01      13.04
   6       -4.575      11.32      13.16
   7       -4.567      7.442      10.55
   8       -4.521      1.419       1.68
   9       -4.408      11.34      13.36
  10       -4.159      10.59       13.6
  11       -4.024      12.78      14.78
  12       -4.021       10.6      12.27
  13       -3.961       11.3      12.63
  14       -3.956      9.991      12.68
  15       -3.944       12.1      13.67
  16       -3.867      12.97      14.24
  17        -3.84      12.09      13.25
  18       -3.829      9.958      12.49
  19       -3.704      10.51      13.07
  20       -3.651      10.75      12.77

STDERR
