STDOUT
AutoDock Vina v1.2.7
#################################################################
# If you used AutoDock Vina in your work, please cite:          #
#                                                               #
# J. Eberhardt, D. Santos-Martins, A. F. Tillack, and S. Forli  #
# AutoDock Vina 1.2.0: New Docking Methods, Expanded Force      #
# Field, and Python Bindings, J. Chem. Inf. Model. (2021)       #
# DOI 10.1021/acs.jcim.1c00203                                  #
#                                                               #
# O. Trott, A. J. Olson,                                        #
# AutoDock Vina: improving the speed and accuracy of docking    #
# with a new scoring function, efficient optimization and       #
# multithreading, J. Comp. Chem. (2010)                         #
# DOI 10.1002/jcc.21334                                         #
#                                                               #
# Please see https://github.com/ccsb-scripps/AutoDock-Vina for  #
# more information.                                             #
#################################################################

Scoring function : vina
Rigid receptor: /Users/ario/conserved_site_project/07c_mut_docking_v3/R215A/R215A_holo.pdbqt
Ligand: /Users/ario/conserved_site_project/05b_ligand_v2/dump.pdbqt
Grid center: X -0.137 Y 4.232 Z 15.159
Grid size  : X 22 Y 22 Z 22
Grid space : 0.375
Exhaustiveness: 32
CPU: 4
Verbosity: 1

Computing Vina grid ... done.
Performing docking (random seed: 42) ... 
0%   10   20   30   40   50   60   70   80   90   100%
|----|----|----|----|----|----|----|----|----|----|
***************************************************

mode |   affinity | dist from best mode
     | (kcal/mol) | rmsd l.b.| rmsd u.b.
-----+------------+----------+----------
   1       -7.889          0          0
   2       -6.231      3.568      6.338
   3       -5.925      1.266      1.843
   4       -5.696     0.8385      1.215
   5       -4.802      10.62      12.68
   6       -4.747      10.06      12.21
   7       -4.656      5.433      9.042
   8       -4.651         12      13.05
   9       -4.645      2.532      4.237
  10       -4.605      11.34      13.18
  11       -4.459      2.795      6.182
  12       -4.375      12.26      13.79
  13       -4.334      10.28      12.73
  14       -3.858      11.32      12.64
  15       -3.823      12.46      13.94
  16       -3.739      10.23      12.23
  17       -3.636      11.52      13.39
  18       -3.605      10.29      12.91
  19       -3.578      11.91      13.74
  20        12.96       11.7      12.95

STDERR
