AutoDock Vina v1.2.7
#################################################################
# If you used AutoDock Vina in your work, please cite:          #
#                                                               #
# J. Eberhardt, D. Santos-Martins, A. F. Tillack, and S. Forli  #
# AutoDock Vina 1.2.0: New Docking Methods, Expanded Force      #
# Field, and Python Bindings, J. Chem. Inf. Model. (2021)       #
# DOI 10.1021/acs.jcim.1c00203                                  #
#                                                               #
# O. Trott, A. J. Olson,                                        #
# AutoDock Vina: improving the speed and accuracy of docking    #
# with a new scoring function, efficient optimization and       #
# multithreading, J. Comp. Chem. (2010)                         #
# DOI 10.1002/jcc.21334                                         #
#                                                               #
# Please see https://github.com/ccsb-scripps/AutoDock-Vina for  #
# more information.                                             #
#################################################################

Scoring function : vina
Rigid receptor: /Users/ario/conserved_site_project/07e_mut_docking_v5/C195A/C195A_holo.pdbqt
Ligand: /Users/ario/conserved_site_project/05b_ligand_v2/dump.pdbqt
Grid center: X -0.137 Y 4.232 Z 15.159
Grid size  : X 18 Y 18 Z 18
Grid space : 0.375
Exhaustiveness: 32
CPU: 0
Verbosity: 1

Computing Vina grid ... done.
Performing docking (random seed: 7) ... 
0%   10   20   30   40   50   60   70   80   90   100%
|----|----|----|----|----|----|----|----|----|----|
***************************************************

mode |   affinity | dist from best mode
     | (kcal/mol) | rmsd l.b.| rmsd u.b.
-----+------------+----------+----------
   1       -10.36          0          0
   2       -8.619      1.374      1.842
   3       -7.144      2.861      3.658
   4       -6.671      2.631      6.196
   5       -6.607      2.209      3.706
   6       -6.598      1.894      2.735
   7       -5.403      2.718      4.769
   8        -4.72      1.717      2.742
   9       -4.692      2.868      6.298
  10       -4.275      3.049      6.168
  11        -3.99      2.444      3.916
  12       -3.961      2.426      5.578
  13       -3.911       2.55      3.526
  14       -3.891      2.711      6.297
  15        -2.91      3.179      6.715
  16       -2.534      3.926      6.583
  17       -2.512      1.672      3.207
  18        -2.16      2.109      3.279

--STDERR--
