AutoDock Vina v1.2.7
#################################################################
# If you used AutoDock Vina in your work, please cite:          #
#                                                               #
# J. Eberhardt, D. Santos-Martins, A. F. Tillack, and S. Forli  #
# AutoDock Vina 1.2.0: New Docking Methods, Expanded Force      #
# Field, and Python Bindings, J. Chem. Inf. Model. (2021)       #
# DOI 10.1021/acs.jcim.1c00203                                  #
#                                                               #
# O. Trott, A. J. Olson,                                        #
# AutoDock Vina: improving the speed and accuracy of docking    #
# with a new scoring function, efficient optimization and       #
# multithreading, J. Comp. Chem. (2010)                         #
# DOI 10.1002/jcc.21334                                         #
#                                                               #
# Please see https://github.com/ccsb-scripps/AutoDock-Vina for  #
# more information.                                             #
#################################################################

Scoring function : vina
Rigid receptor: /Users/ario/conserved_site_project/07e_mut_docking_v5/C195A/C195A_holo.pdbqt
Ligand: /Users/ario/conserved_site_project/05b_ligand_v2/dump.pdbqt
Grid center: X -0.137 Y 4.232 Z 15.159
Grid size  : X 18 Y 18 Z 18
Grid space : 0.375
Exhaustiveness: 32
CPU: 0
Verbosity: 1

Computing Vina grid ... done.
Performing docking (random seed: 256) ... 
0%   10   20   30   40   50   60   70   80   90   100%
|----|----|----|----|----|----|----|----|----|----|
***************************************************

mode |   affinity | dist from best mode
     | (kcal/mol) | rmsd l.b.| rmsd u.b.
-----+------------+----------+----------
   1       -10.36          0          0
   2       -8.557      1.386      1.941
   3       -7.128      2.852      3.654
   4       -6.817      1.385      2.027
   5       -6.709      2.324      3.765
   6       -6.695      2.626      6.182
   7       -6.585      1.873      2.724
   8        -6.24      2.805      6.357
   9       -5.719      1.683      2.072
  10       -5.468      2.145      3.349
  11       -5.394      2.716      4.776
  12       -4.755      2.875      6.298
  13       -4.277      3.053      6.183
  14       -4.218      2.483      3.973
  15        -4.08      2.207       3.78
  16       -3.948      2.479      3.367
  17       -3.892      2.716      6.299
  18       -3.803      2.433      5.585
  19       -2.914      3.167      6.702

--STDERR--
