AutoDock Vina v1.2.7
#################################################################
# If you used AutoDock Vina in your work, please cite:          #
#                                                               #
# J. Eberhardt, D. Santos-Martins, A. F. Tillack, and S. Forli  #
# AutoDock Vina 1.2.0: New Docking Methods, Expanded Force      #
# Field, and Python Bindings, J. Chem. Inf. Model. (2021)       #
# DOI 10.1021/acs.jcim.1c00203                                  #
#                                                               #
# O. Trott, A. J. Olson,                                        #
# AutoDock Vina: improving the speed and accuracy of docking    #
# with a new scoring function, efficient optimization and       #
# multithreading, J. Comp. Chem. (2010)                         #
# DOI 10.1002/jcc.21334                                         #
#                                                               #
# Please see https://github.com/ccsb-scripps/AutoDock-Vina for  #
# more information.                                             #
#################################################################

Scoring function : vina
Rigid receptor: /Users/ario/conserved_site_project/07e_mut_docking_v5/R175E_R176E/R175E_R176E_holo.pdbqt
Ligand: /Users/ario/conserved_site_project/05b_ligand_v2/dump.pdbqt
Grid center: X -0.137 Y 4.232 Z 15.159
Grid size  : X 18 Y 18 Z 18
Grid space : 0.375
Exhaustiveness: 32
CPU: 0
Verbosity: 1

Computing Vina grid ... done.
Performing docking (random seed: 7) ... 
0%   10   20   30   40   50   60   70   80   90   100%
|----|----|----|----|----|----|----|----|----|----|
***************************************************

mode |   affinity | dist from best mode
     | (kcal/mol) | rmsd l.b.| rmsd u.b.
-----+------------+----------+----------
   1       -8.046          0          0
   2       -5.953      1.253      1.906
   3       -4.596      2.786      6.258
   4       -4.538      1.509      1.761
   5        -3.77      2.222      3.733
   6       -3.195      2.325       2.94
   7       -3.148      3.013      6.419
   8       -2.574      2.811      3.554
   9       -1.393      3.092      4.301
  10       -1.058      3.765      7.081
  11      -0.5609      5.205      8.843
  12      -0.4983      3.001      4.807
  13      -0.4923      2.383      3.861
  14      -0.2845      3.879      5.606
  15    -0.005333      3.476      4.898
  16        0.183      2.826      6.588
  17       0.7417      4.375      6.738
  18       0.8619      4.045      6.035
  19        1.015      3.793       6.48
  20        1.231       3.33      5.036

--STDERR--
