AutoDock Vina v1.2.7
#################################################################
# If you used AutoDock Vina in your work, please cite:          #
#                                                               #
# J. Eberhardt, D. Santos-Martins, A. F. Tillack, and S. Forli  #
# AutoDock Vina 1.2.0: New Docking Methods, Expanded Force      #
# Field, and Python Bindings, J. Chem. Inf. Model. (2021)       #
# DOI 10.1021/acs.jcim.1c00203                                  #
#                                                               #
# O. Trott, A. J. Olson,                                        #
# AutoDock Vina: improving the speed and accuracy of docking    #
# with a new scoring function, efficient optimization and       #
# multithreading, J. Comp. Chem. (2010)                         #
# DOI 10.1002/jcc.21334                                         #
#                                                               #
# Please see https://github.com/ccsb-scripps/AutoDock-Vina for  #
# more information.                                             #
#################################################################

Scoring function : vina
Rigid receptor: /Users/ario/conserved_site_project/07e_mut_docking_v5/R215A_N226A/R215A_N226A_holo.pdbqt
Ligand: /Users/ario/conserved_site_project/05b_ligand_v2/dump.pdbqt
Grid center: X -0.137 Y 4.232 Z 15.159
Grid size  : X 18 Y 18 Z 18
Grid space : 0.375
Exhaustiveness: 32
CPU: 0
Verbosity: 1

Computing Vina grid ... done.
Performing docking (random seed: 7) ... 
0%   10   20   30   40   50   60   70   80   90   100%
|----|----|----|----|----|----|----|----|----|----|
***************************************************

mode |   affinity | dist from best mode
     | (kcal/mol) | rmsd l.b.| rmsd u.b.
-----+------------+----------+----------
   1       -7.456          0          0
   2       -6.056      3.695      6.508
   3       -5.874      1.433      1.998
   4       -5.662       1.47      1.997
   5        -4.85        2.5      4.252
   6       -4.559      2.786      6.126
   7       -3.981      5.556      9.183
   8       -3.808      3.505      6.596
   9       -3.428      2.359      3.771
  10       -2.892      3.036      6.848
  11       -2.769      2.407      4.184
  12       -2.737      3.059      4.141
  13       -2.723       3.41      6.456
  14       -2.532      3.129      4.103
  15       -2.463      2.371      2.888
  16       -2.406      4.063      6.876
  17       -2.036      4.387      6.236
  18       -1.891      4.435      6.743
  19       -1.681      3.281      5.121
  20       -1.598      3.837      7.211

--STDERR--
