AutoDock Vina v1.2.7
#################################################################
# If you used AutoDock Vina in your work, please cite:          #
#                                                               #
# J. Eberhardt, D. Santos-Martins, A. F. Tillack, and S. Forli  #
# AutoDock Vina 1.2.0: New Docking Methods, Expanded Force      #
# Field, and Python Bindings, J. Chem. Inf. Model. (2021)       #
# DOI 10.1021/acs.jcim.1c00203                                  #
#                                                               #
# O. Trott, A. J. Olson,                                        #
# AutoDock Vina: improving the speed and accuracy of docking    #
# with a new scoring function, efficient optimization and       #
# multithreading, J. Comp. Chem. (2010)                         #
# DOI 10.1002/jcc.21334                                         #
#                                                               #
# Please see https://github.com/ccsb-scripps/AutoDock-Vina for  #
# more information.                                             #
#################################################################

Scoring function : vina
Rigid receptor: /Users/ario/conserved_site_project/07e_mut_docking_v5/R215A_N226A/R215A_N226A_holo.pdbqt
Ligand: /Users/ario/conserved_site_project/05b_ligand_v2/dump.pdbqt
Grid center: X -0.137 Y 4.232 Z 15.159
Grid size  : X 18 Y 18 Z 18
Grid space : 0.375
Exhaustiveness: 32
CPU: 0
Verbosity: 1

Computing Vina grid ... done.
Performing docking (random seed: 42) ... 
0%   10   20   30   40   50   60   70   80   90   100%
|----|----|----|----|----|----|----|----|----|----|
***************************************************

mode |   affinity | dist from best mode
     | (kcal/mol) | rmsd l.b.| rmsd u.b.
-----+------------+----------+----------
   1       -7.481          0          0
   2       -6.111      3.695      6.506
   3       -5.915      1.431      2.003
   4       -5.651      1.476      2.015
   5       -4.873      2.502      4.264
   6       -4.572      2.838      6.184
   7       -3.942      5.527      9.138
   8        -3.47      2.346      3.766
   9       -3.277      3.066      6.299
  10       -3.131      3.438      6.482
  11       -2.988      3.063      6.882
  12       -2.949      4.981      6.563
  13       -2.811      2.463      4.166
  14       -2.683      3.049      4.098
  15        -2.54      3.133      4.098
  16       -2.485      4.052      6.843
  17       -2.369      2.376      2.887
  18       -2.139      4.368      6.208
  19       -1.815      1.707      2.778
  20       -1.486       4.45      5.696

--STDERR--
