AutoDock Vina v1.2.7
#################################################################
# If you used AutoDock Vina in your work, please cite:          #
#                                                               #
# J. Eberhardt, D. Santos-Martins, A. F. Tillack, and S. Forli  #
# AutoDock Vina 1.2.0: New Docking Methods, Expanded Force      #
# Field, and Python Bindings, J. Chem. Inf. Model. (2021)       #
# DOI 10.1021/acs.jcim.1c00203                                  #
#                                                               #
# O. Trott, A. J. Olson,                                        #
# AutoDock Vina: improving the speed and accuracy of docking    #
# with a new scoring function, efficient optimization and       #
# multithreading, J. Comp. Chem. (2010)                         #
# DOI 10.1002/jcc.21334                                         #
#                                                               #
# Please see https://github.com/ccsb-scripps/AutoDock-Vina for  #
# more information.                                             #
#################################################################

Scoring function : vina
Rigid receptor: /Users/ario/conserved_site_project/07e_mut_docking_v5/R215A_N226A/R215A_N226A_holo.pdbqt
Ligand: /Users/ario/conserved_site_project/05b_ligand_v2/dump.pdbqt
Grid center: X -0.137 Y 4.232 Z 15.159
Grid size  : X 18 Y 18 Z 18
Grid space : 0.375
Exhaustiveness: 32
CPU: 0
Verbosity: 1

Computing Vina grid ... done.
Performing docking (random seed: 99) ... 
0%   10   20   30   40   50   60   70   80   90   100%
|----|----|----|----|----|----|----|----|----|----|
***************************************************

mode |   affinity | dist from best mode
     | (kcal/mol) | rmsd l.b.| rmsd u.b.
-----+------------+----------+----------
   1       -7.472          0          0
   2       -6.097      3.698      6.514
   3       -5.889      1.429      2.001
   4       -5.626      1.472      1.993
   5       -4.867      2.491      4.258
   6       -4.555      2.848      6.176
   7       -3.446      2.356      3.894
   8       -3.012        3.4      6.484
   9       -2.988      3.056      6.873
  10       -2.767      2.467      4.191
  11       -2.482      3.131      4.073
  12       -2.451      4.058      6.856
  13       -2.408      3.184      4.384
  14       -1.824      4.383      6.297
  15       -1.707      5.003       8.39
  16       -1.534      3.336      6.992
  17       -1.414      3.762      6.076
  18       -1.379      4.465      5.777
  19        39.07      3.662      6.793

--STDERR--
