AutoDock Vina v1.2.7
#################################################################
# If you used AutoDock Vina in your work, please cite:          #
#                                                               #
# J. Eberhardt, D. Santos-Martins, A. F. Tillack, and S. Forli  #
# AutoDock Vina 1.2.0: New Docking Methods, Expanded Force      #
# Field, and Python Bindings, J. Chem. Inf. Model. (2021)       #
# DOI 10.1021/acs.jcim.1c00203                                  #
#                                                               #
# O. Trott, A. J. Olson,                                        #
# AutoDock Vina: improving the speed and accuracy of docking    #
# with a new scoring function, efficient optimization and       #
# multithreading, J. Comp. Chem. (2010)                         #
# DOI 10.1002/jcc.21334                                         #
#                                                               #
# Please see https://github.com/ccsb-scripps/AutoDock-Vina for  #
# more information.                                             #
#################################################################

Scoring function : vina
Rigid receptor: /Users/ario/conserved_site_project/07e_mut_docking_v5/R50A/R50A_holo.pdbqt
Ligand: /Users/ario/conserved_site_project/05b_ligand_v2/dump.pdbqt
Grid center: X -0.137 Y 4.232 Z 15.159
Grid size  : X 18 Y 18 Z 18
Grid space : 0.375
Exhaustiveness: 32
CPU: 0
Verbosity: 1

Computing Vina grid ... done.
Performing docking (random seed: 13) ... 
0%   10   20   30   40   50   60   70   80   90   100%
|----|----|----|----|----|----|----|----|----|----|
***************************************************

mode |   affinity | dist from best mode
     | (kcal/mol) | rmsd l.b.| rmsd u.b.
-----+------------+----------+----------
   1       -7.465          0          0
   2       -7.329       4.04      5.508
   3       -7.165      3.557      6.891
   4       -7.003      2.863      4.505
   5       -6.914      2.338      3.967
   6       -6.872      4.173      7.415
   7         -6.7      3.135      6.464
   8       -6.678      3.235      6.578
   9       -6.646      1.261      2.046
  10       -6.618      1.839      2.609
  11       -6.548      2.801       4.66
  12       -6.503      4.005      7.295
  13       -6.483      3.003      4.809
  14       -6.303       2.92      4.335
  15       -6.249      3.918      7.282
  16        -6.14      1.899      2.667
  17       -6.097      2.388      3.581
  18        -6.07      2.763      4.333
  19       -6.033      4.098      7.506
  20       -5.756      3.534      6.657

--STDERR--
