AutoDock Vina v1.2.7
#################################################################
# If you used AutoDock Vina in your work, please cite:          #
#                                                               #
# J. Eberhardt, D. Santos-Martins, A. F. Tillack, and S. Forli  #
# AutoDock Vina 1.2.0: New Docking Methods, Expanded Force      #
# Field, and Python Bindings, J. Chem. Inf. Model. (2021)       #
# DOI 10.1021/acs.jcim.1c00203                                  #
#                                                               #
# O. Trott, A. J. Olson,                                        #
# AutoDock Vina: improving the speed and accuracy of docking    #
# with a new scoring function, efficient optimization and       #
# multithreading, J. Comp. Chem. (2010)                         #
# DOI 10.1002/jcc.21334                                         #
#                                                               #
# Please see https://github.com/ccsb-scripps/AutoDock-Vina for  #
# more information.                                             #
#################################################################

Scoring function : vina
Rigid receptor: /Users/ario/conserved_site_project/07e_mut_docking_v5/R50A/R50A_holo.pdbqt
Ligand: /Users/ario/conserved_site_project/05b_ligand_v2/dump.pdbqt
Grid center: X -0.137 Y 4.232 Z 15.159
Grid size  : X 18 Y 18 Z 18
Grid space : 0.375
Exhaustiveness: 32
CPU: 0
Verbosity: 1

Computing Vina grid ... done.
Performing docking (random seed: 7) ... 
0%   10   20   30   40   50   60   70   80   90   100%
|----|----|----|----|----|----|----|----|----|----|
***************************************************

mode |   affinity | dist from best mode
     | (kcal/mol) | rmsd l.b.| rmsd u.b.
-----+------------+----------+----------
   1       -7.462          0          0
   2       -7.277      4.057      5.524
   3       -7.174      3.548      6.889
   4       -6.993      2.837      4.481
   5        -6.94      2.332      3.955
   6         -6.9      4.183      7.412
   7       -6.873      3.387      5.219
   8       -6.694      3.195      6.388
   9       -6.643      3.242       6.61
  10       -6.621      1.258      1.845
  11       -6.598      2.753      4.624
  12       -6.585      3.585      6.702
  13       -6.532      3.901      7.228
  14       -6.124      2.676      4.099
  15       -6.098      2.811      4.458
  16        -6.07      3.932      7.328
  17       -6.063      4.408      6.479
  18       -6.029      4.038        6.4
  19       -5.999      3.509      6.681
  20       -5.988      3.484       5.18

--STDERR--
