AutoDock Vina v1.2.7
#################################################################
# If you used AutoDock Vina in your work, please cite:          #
#                                                               #
# J. Eberhardt, D. Santos-Martins, A. F. Tillack, and S. Forli  #
# AutoDock Vina 1.2.0: New Docking Methods, Expanded Force      #
# Field, and Python Bindings, J. Chem. Inf. Model. (2021)       #
# DOI 10.1021/acs.jcim.1c00203                                  #
#                                                               #
# O. Trott, A. J. Olson,                                        #
# AutoDock Vina: improving the speed and accuracy of docking    #
# with a new scoring function, efficient optimization and       #
# multithreading, J. Comp. Chem. (2010)                         #
# DOI 10.1002/jcc.21334                                         #
#                                                               #
# Please see https://github.com/ccsb-scripps/AutoDock-Vina for  #
# more information.                                             #
#################################################################

Scoring function : vina
Rigid receptor: /Users/ario/conserved_site_project/07e_mut_docking_v5/R50A/R50A_holo.pdbqt
Ligand: /Users/ario/conserved_site_project/05b_ligand_v2/dump.pdbqt
Grid center: X -0.137 Y 4.232 Z 15.159
Grid size  : X 18 Y 18 Z 18
Grid space : 0.375
Exhaustiveness: 32
CPU: 0
Verbosity: 1

Computing Vina grid ... done.
Performing docking (random seed: 42) ... 
0%   10   20   30   40   50   60   70   80   90   100%
|----|----|----|----|----|----|----|----|----|----|
***************************************************

mode |   affinity | dist from best mode
     | (kcal/mol) | rmsd l.b.| rmsd u.b.
-----+------------+----------+----------
   1       -7.432          0          0
   2       -7.323      4.067      5.532
   3        -7.15      3.531       6.88
   4       -7.008      2.849      4.488
   5        -6.92      2.332      3.953
   6       -6.884      4.123      7.326
   7       -6.861      3.412      5.304
   8       -6.665      3.247      6.587
   9       -6.653      3.159      6.448
  10       -6.597      1.279      2.053
  11       -6.589      2.763      4.635
  12       -6.429      1.865       2.71
  13       -6.386      3.541      6.686
  14       -6.349      3.859      7.266
  15       -6.287      3.987       7.11
  16       -6.226      2.729      3.947
  17       -6.187      1.659      2.379
  18       -6.115      2.662      4.105
  19       -6.069       4.39       6.46
  20       -5.916      1.987      3.276

--STDERR--
