AutoDock Vina v1.2.7
#################################################################
# If you used AutoDock Vina in your work, please cite:          #
#                                                               #
# J. Eberhardt, D. Santos-Martins, A. F. Tillack, and S. Forli  #
# AutoDock Vina 1.2.0: New Docking Methods, Expanded Force      #
# Field, and Python Bindings, J. Chem. Inf. Model. (2021)       #
# DOI 10.1021/acs.jcim.1c00203                                  #
#                                                               #
# O. Trott, A. J. Olson,                                        #
# AutoDock Vina: improving the speed and accuracy of docking    #
# with a new scoring function, efficient optimization and       #
# multithreading, J. Comp. Chem. (2010)                         #
# DOI 10.1002/jcc.21334                                         #
#                                                               #
# Please see https://github.com/ccsb-scripps/AutoDock-Vina for  #
# more information.                                             #
#################################################################

Scoring function : vina
Rigid receptor: /Users/ario/conserved_site_project/07e_mut_docking_v5/R50A/R50A_holo.pdbqt
Ligand: /Users/ario/conserved_site_project/05b_ligand_v2/dump.pdbqt
Grid center: X -0.137 Y 4.232 Z 15.159
Grid size  : X 18 Y 18 Z 18
Grid space : 0.375
Exhaustiveness: 32
CPU: 0
Verbosity: 1

Computing Vina grid ... done.
Performing docking (random seed: 99) ... 
0%   10   20   30   40   50   60   70   80   90   100%
|----|----|----|----|----|----|----|----|----|----|
***************************************************

mode |   affinity | dist from best mode
     | (kcal/mol) | rmsd l.b.| rmsd u.b.
-----+------------+----------+----------
   1       -7.423          0          0
   2       -7.336       4.06      5.509
   3       -7.176      3.539      6.887
   4       -6.947      2.806      4.497
   5       -6.919      4.137       7.33
   6       -6.874      3.371       5.21
   7       -6.741      3.203      6.478
   8       -6.678      3.141      6.427
   9       -6.619      1.858      2.622
  10        -6.61      1.272      1.984
  11       -6.542      2.743      4.608
  12       -6.516      1.442      2.215
  13         -6.5       3.88      7.213
  14       -6.393      3.028      4.686
  15       -6.381      3.476      6.586
  16       -6.249      2.909      4.306
  17        -6.11      2.667      4.123
  18       -6.101      2.398      3.531
  19       -6.083      3.972      7.381
  20       -5.929      2.116      3.407

--STDERR--
