AutoDock Vina v1.2.7
#################################################################
# If you used AutoDock Vina in your work, please cite:          #
#                                                               #
# J. Eberhardt, D. Santos-Martins, A. F. Tillack, and S. Forli  #
# AutoDock Vina 1.2.0: New Docking Methods, Expanded Force      #
# Field, and Python Bindings, J. Chem. Inf. Model. (2021)       #
# DOI 10.1021/acs.jcim.1c00203                                  #
#                                                               #
# O. Trott, A. J. Olson,                                        #
# AutoDock Vina: improving the speed and accuracy of docking    #
# with a new scoring function, efficient optimization and       #
# multithreading, J. Comp. Chem. (2010)                         #
# DOI 10.1002/jcc.21334                                         #
#                                                               #
# Please see https://github.com/ccsb-scripps/AutoDock-Vina for  #
# more information.                                             #
#################################################################

Scoring function : vina
Rigid receptor: /Users/ario/conserved_site_project/07e_mut_docking_v5/R50A/R50A_holo.pdbqt
Ligand: /Users/ario/conserved_site_project/05b_ligand_v2/dump.pdbqt
Grid center: X -0.137 Y 4.232 Z 15.159
Grid size  : X 18 Y 18 Z 18
Grid space : 0.375
Exhaustiveness: 32
CPU: 0
Verbosity: 1

Computing Vina grid ... done.
Performing docking (random seed: 256) ... 
0%   10   20   30   40   50   60   70   80   90   100%
|----|----|----|----|----|----|----|----|----|----|
***************************************************

mode |   affinity | dist from best mode
     | (kcal/mol) | rmsd l.b.| rmsd u.b.
-----+------------+----------+----------
   1       -7.457          0          0
   2       -7.305       4.02      5.487
   3       -7.181      3.531      6.879
   4       -7.072       2.82      4.501
   5       -6.914       4.15      7.381
   6       -6.727      3.157      6.423
   7        -6.65      1.253      1.989
   8       -6.624      2.753      4.634
   9       -6.598      3.155      6.534
  10       -6.526      2.988       4.65
  11       -6.502      3.929      7.277
  12       -6.378      2.974      4.795
  13       -6.211      4.153       6.43
  14       -6.116      2.838      4.474
  15       -6.104      3.852      5.568
  16       -6.078      2.209      3.222
  17       -6.052      2.945      4.325
  18       -6.032      2.763       4.36
  19        -5.88      1.966      3.273
  20       -5.751      3.863      7.214

--STDERR--
