AutoDock Vina v1.2.7
#################################################################
# If you used AutoDock Vina in your work, please cite:          #
#                                                               #
# J. Eberhardt, D. Santos-Martins, A. F. Tillack, and S. Forli  #
# AutoDock Vina 1.2.0: New Docking Methods, Expanded Force      #
# Field, and Python Bindings, J. Chem. Inf. Model. (2021)       #
# DOI 10.1021/acs.jcim.1c00203                                  #
#                                                               #
# O. Trott, A. J. Olson,                                        #
# AutoDock Vina: improving the speed and accuracy of docking    #
# with a new scoring function, efficient optimization and       #
# multithreading, J. Comp. Chem. (2010)                         #
# DOI 10.1002/jcc.21334                                         #
#                                                               #
# Please see https://github.com/ccsb-scripps/AutoDock-Vina for  #
# more information.                                             #
#################################################################

Scoring function : vina
Rigid receptor: /Users/ario/conserved_site_project/06e_docking_wt_v5/protein_dimer_apo.pdbqt
Ligand: /Users/ario/conserved_site_project/05b_ligand_v2/dump.pdbqt
Grid center: X -0.137 Y 4.232 Z 15.159
Grid size  : X 18 Y 18 Z 18
Grid space : 0.375
Exhaustiveness: 32
CPU: 0
Verbosity: 1

Computing Vina grid ... done.
Performing docking (random seed: 42) ... 
0%   10   20   30   40   50   60   70   80   90   100%
|----|----|----|----|----|----|----|----|----|----|
***************************************************

mode |   affinity | dist from best mode
     | (kcal/mol) | rmsd l.b.| rmsd u.b.
-----+------------+----------+----------
   1       -8.586          0          0
   2       -8.456      3.124      4.636
   3       -8.426      1.742      2.539
   4       -8.235      2.137      2.559
   5       -8.073       2.89      6.269
   6       -7.918      2.373      4.061
   7       -7.825      2.161      2.347
   8        -7.71      2.622      3.486
   9       -7.542      3.681       7.25
  10       -7.537      3.487      6.629
  11       -7.504      2.779      5.302
  12       -7.468      3.159      3.695
  13       -7.378       2.96      6.068
  14       -7.327      2.274      3.163
  15       -7.281      3.583      7.484
  16       -7.223      4.063       7.46
  17        -7.22      2.776      3.566
  18       -7.133      3.519      7.035
  19       -7.089      3.732      5.302
  20       -7.061      3.609      7.363

--STDERR--
