AutoDock Vina v1.2.7
#################################################################
# If you used AutoDock Vina in your work, please cite:          #
#                                                               #
# J. Eberhardt, D. Santos-Martins, A. F. Tillack, and S. Forli  #
# AutoDock Vina 1.2.0: New Docking Methods, Expanded Force      #
# Field, and Python Bindings, J. Chem. Inf. Model. (2021)       #
# DOI 10.1021/acs.jcim.1c00203                                  #
#                                                               #
# O. Trott, A. J. Olson,                                        #
# AutoDock Vina: improving the speed and accuracy of docking    #
# with a new scoring function, efficient optimization and       #
# multithreading, J. Comp. Chem. (2010)                         #
# DOI 10.1002/jcc.21334                                         #
#                                                               #
# Please see https://github.com/ccsb-scripps/AutoDock-Vina for  #
# more information.                                             #
#################################################################

Scoring function : vina
Rigid receptor: /Users/ario/conserved_site_project/06e_docking_wt_v5/protein_dimer_holo.pdbqt
Ligand: /Users/ario/conserved_site_project/05b_ligand_v2/dump.pdbqt
Grid center: X -0.137 Y 4.232 Z 15.159
Grid size  : X 18 Y 18 Z 18
Grid space : 0.375
Exhaustiveness: 32
CPU: 0
Verbosity: 1

Computing Vina grid ... done.
Performing docking (random seed: 256) ... 
0%   10   20   30   40   50   60   70   80   90   100%
|----|----|----|----|----|----|----|----|----|----|
***************************************************

mode |   affinity | dist from best mode
     | (kcal/mol) | rmsd l.b.| rmsd u.b.
-----+------------+----------+----------
   1       -7.478          0          0
   2       -5.401       1.28      2.029
   3       -5.319       1.19      1.573
   4       -4.757      1.496      2.033
   5       -3.796      2.778      6.219
   6       -3.405      2.274      3.775
   7       -3.041      2.295      2.976
   8       -2.863      3.001      4.039
   9      -0.6178      3.776      7.096
  10      -0.6176       5.16      8.798
  11      -0.1981      2.479      4.046
  12       0.3663      3.775      5.689
  13       0.4112      3.436      6.868
  14       0.4588      4.388      6.716
  15       0.4674      3.518      5.052
  16       0.5252      2.903      4.563
  17        1.015      7.127      8.953
  18        1.161      3.966      6.016
  19        1.446      3.987      6.548

--STDERR--
