AutoDock Vina v1.2.7
#################################################################
# If you used AutoDock Vina in your work, please cite:          #
#                                                               #
# J. Eberhardt, D. Santos-Martins, A. F. Tillack, and S. Forli  #
# AutoDock Vina 1.2.0: New Docking Methods, Expanded Force      #
# Field, and Python Bindings, J. Chem. Inf. Model. (2021)       #
# DOI 10.1021/acs.jcim.1c00203                                  #
#                                                               #
# O. Trott, A. J. Olson,                                        #
# AutoDock Vina: improving the speed and accuracy of docking    #
# with a new scoring function, efficient optimization and       #
# multithreading, J. Comp. Chem. (2010)                         #
# DOI 10.1002/jcc.21334                                         #
#                                                               #
# Please see https://github.com/ccsb-scripps/AutoDock-Vina for  #
# more information.                                             #
#################################################################

Scoring function : vina
Rigid receptor: /Users/ario/conserved_site_project/06e_docking_wt_v5/protein_dimer_holo.pdbqt
Ligand: /Users/ario/conserved_site_project/05b_ligand_v2/dump.pdbqt
Grid center: X -0.137 Y 4.232 Z 15.159
Grid size  : X 18 Y 18 Z 18
Grid space : 0.375
Exhaustiveness: 32
CPU: 0
Verbosity: 1

Computing Vina grid ... done.
Performing docking (random seed: 7) ... 
0%   10   20   30   40   50   60   70   80   90   100%
|----|----|----|----|----|----|----|----|----|----|
***************************************************

mode |   affinity | dist from best mode
     | (kcal/mol) | rmsd l.b.| rmsd u.b.
-----+------------+----------+----------
   1       -7.488          0          0
   2       -5.359      1.283      2.031
   3       -5.285      1.202      1.578
   4       -3.931      1.788      2.561
   5       -3.789      2.769      6.229
   6       -3.417      2.283      3.783
   7        -3.09      2.296      2.978
   8        -2.81      2.998      3.983
   9       -2.549      3.005      6.382
  10       -2.508      2.977      4.077
  11      -0.9165       2.14      3.365
  12      -0.6235      3.767      7.089
  13     -0.05904      3.089      4.977
  14     -0.03967      3.839      5.434
  15       0.1542      3.389      4.822
  16       0.5371      4.385      6.712
  17       0.8437       4.09      6.099
  18        1.234      3.927       6.83
  19        1.258      3.999      6.557
  20        17.51      5.206      8.756

--STDERR--
