AutoDock Vina v1.2.7
#################################################################
# If you used AutoDock Vina in your work, please cite:          #
#                                                               #
# J. Eberhardt, D. Santos-Martins, A. F. Tillack, and S. Forli  #
# AutoDock Vina 1.2.0: New Docking Methods, Expanded Force      #
# Field, and Python Bindings, J. Chem. Inf. Model. (2021)       #
# DOI 10.1021/acs.jcim.1c00203                                  #
#                                                               #
# O. Trott, A. J. Olson,                                        #
# AutoDock Vina: improving the speed and accuracy of docking    #
# with a new scoring function, efficient optimization and       #
# multithreading, J. Comp. Chem. (2010)                         #
# DOI 10.1002/jcc.21334                                         #
#                                                               #
# Please see https://github.com/ccsb-scripps/AutoDock-Vina for  #
# more information.                                             #
#################################################################

Scoring function : vina
Rigid receptor: /Users/ario/conserved_site_project/06e_docking_wt_v5/protein_dimer_holo.pdbqt
Ligand: /Users/ario/conserved_site_project/05b_ligand_v2/dump.pdbqt
Grid center: X -0.137 Y 4.232 Z 15.159
Grid size  : X 18 Y 18 Z 18
Grid space : 0.375
Exhaustiveness: 32
CPU: 0
Verbosity: 1

Computing Vina grid ... done.
Performing docking (random seed: 13) ... 
0%   10   20   30   40   50   60   70   80   90   100%
|----|----|----|----|----|----|----|----|----|----|
***************************************************

mode |   affinity | dist from best mode
     | (kcal/mol) | rmsd l.b.| rmsd u.b.
-----+------------+----------+----------
   1       -7.506          0          0
   2       -5.354      1.287      2.043
   3       -4.843      1.443      2.212
   4       -4.766      1.409      1.857
   5       -3.807      2.779      6.224
   6       -3.387       2.28      3.706
   7       -3.124      2.282      2.938
   8       -2.856      3.003      4.039
   9       -2.548      2.997       6.39
  10        -2.46      2.963      4.042
  11      -0.5941      3.784      7.108
  12     -0.01591      3.864      5.492
  13        0.483      4.372      6.729
  14       0.7169      4.131      6.144
  15       0.7316      3.427      6.846
  16       0.7772      2.956      4.563
  17       0.9403      3.268      4.944
  18        1.292      3.997      6.561
  19        1.413      4.055      6.961

--STDERR--
