AutoDock Vina v1.2.7
#################################################################
# If you used AutoDock Vina in your work, please cite:          #
#                                                               #
# J. Eberhardt, D. Santos-Martins, A. F. Tillack, and S. Forli  #
# AutoDock Vina 1.2.0: New Docking Methods, Expanded Force      #
# Field, and Python Bindings, J. Chem. Inf. Model. (2021)       #
# DOI 10.1021/acs.jcim.1c00203                                  #
#                                                               #
# O. Trott, A. J. Olson,                                        #
# AutoDock Vina: improving the speed and accuracy of docking    #
# with a new scoring function, efficient optimization and       #
# multithreading, J. Comp. Chem. (2010)                         #
# DOI 10.1002/jcc.21334                                         #
#                                                               #
# Please see https://github.com/ccsb-scripps/AutoDock-Vina for  #
# more information.                                             #
#################################################################

Scoring function : vina
Rigid receptor: /Users/ario/conserved_site_project/07e_mut_docking_v5/Y258F_F225Y/Y258F_F225Y_holo.pdbqt
Ligand: /Users/ario/conserved_site_project/05b_ligand_v2/dump.pdbqt
Grid center: X -0.137 Y 4.232 Z 15.159
Grid size  : X 18 Y 18 Z 18
Grid space : 0.375
Exhaustiveness: 32
CPU: 0
Verbosity: 1

Computing Vina grid ... done.
Performing docking (random seed: 7) ... 
0%   10   20   30   40   50   60   70   80   90   100%
|----|----|----|----|----|----|----|----|----|----|
***************************************************

mode |   affinity | dist from best mode
     | (kcal/mol) | rmsd l.b.| rmsd u.b.
-----+------------+----------+----------
   1       -7.861          0          0
   2       -5.725      1.381      2.022
   3       -4.585      2.799       6.28
   4       -4.349      1.414      1.606
   5       -3.591       2.28      3.814
   6       -3.138       3.04      6.431
   7       -3.031      2.305      2.925
   8        -2.49      2.822      3.594
   9       -2.439      2.992      4.093
  10       -1.142      1.695      2.844
  11       -1.006      2.896      6.314
  12      -0.9589      3.707      7.057
  13      -0.3019       2.26      3.583
  14      -0.2392      5.119      8.771
  15      -0.1441      3.816      5.519
  16       0.1689      3.414      4.866
  17        0.512        3.8      5.469
  18       0.8423      4.333      6.697
  19       0.9878      3.078      4.838
  20        1.041      3.944      6.531

--STDERR--
