AutoDock Vina v1.2.7
#################################################################
# If you used AutoDock Vina in your work, please cite:          #
#                                                               #
# J. Eberhardt, D. Santos-Martins, A. F. Tillack, and S. Forli  #
# AutoDock Vina 1.2.0: New Docking Methods, Expanded Force      #
# Field, and Python Bindings, J. Chem. Inf. Model. (2021)       #
# DOI 10.1021/acs.jcim.1c00203                                  #
#                                                               #
# O. Trott, A. J. Olson,                                        #
# AutoDock Vina: improving the speed and accuracy of docking    #
# with a new scoring function, efficient optimization and       #
# multithreading, J. Comp. Chem. (2010)                         #
# DOI 10.1002/jcc.21334                                         #
#                                                               #
# Please see https://github.com/ccsb-scripps/AutoDock-Vina for  #
# more information.                                             #
#################################################################

Scoring function : vina
Rigid receptor: /Users/ario/conserved_site_project/07e_mut_docking_v5/Y258F_F225Y/Y258F_F225Y_holo.pdbqt
Ligand: /Users/ario/conserved_site_project/05b_ligand_v2/dump.pdbqt
Grid center: X -0.137 Y 4.232 Z 15.159
Grid size  : X 18 Y 18 Z 18
Grid space : 0.375
Exhaustiveness: 32
CPU: 0
Verbosity: 1

Computing Vina grid ... done.
Performing docking (random seed: 13) ... 
0%   10   20   30   40   50   60   70   80   90   100%
|----|----|----|----|----|----|----|----|----|----|
***************************************************

mode |   affinity | dist from best mode
     | (kcal/mol) | rmsd l.b.| rmsd u.b.
-----+------------+----------+----------
   1       -7.861          0          0
   2       -5.725      1.379      2.014
   3       -5.042      1.013      1.108
   4       -4.558      2.788      6.266
   5       -3.573      2.275      3.791
   6       -3.134      1.553      2.066
   7       -3.124      3.038      6.427
   8       -3.043       2.31       2.93
   9       -2.682      2.972      4.067
  10       -2.473      2.845      3.611
  11       -2.452      2.983      4.074
  12      -0.9284      3.757      7.094
  13      -0.6332      3.095      4.975
  14      -0.5943      2.251      3.669
  15      -0.1191      3.798      5.507
  16       0.2228      3.427      4.898
  17       0.8085      4.362      6.716
  18        1.007      3.967      6.567
  19        1.233      4.033      6.638
  20        1.289      4.114      6.271

--STDERR--
