STDOUT
AutoDock Vina v1.2.7
#################################################################
# If you used AutoDock Vina in your work, please cite:          #
#                                                               #
# J. Eberhardt, D. Santos-Martins, A. F. Tillack, and S. Forli  #
# AutoDock Vina 1.2.0: New Docking Methods, Expanded Force      #
# Field, and Python Bindings, J. Chem. Inf. Model. (2021)       #
# DOI 10.1021/acs.jcim.1c00203                                  #
#                                                               #
# O. Trott, A. J. Olson,                                        #
# AutoDock Vina: improving the speed and accuracy of docking    #
# with a new scoring function, efficient optimization and       #
# multithreading, J. Comp. Chem. (2010)                         #
# DOI 10.1002/jcc.21334                                         #
#                                                               #
# Please see https://github.com/ccsb-scripps/AutoDock-Vina for  #
# more information.                                             #
#################################################################

Scoring function : vina
Rigid receptor: /Users/ario/conserved_site_project/07b_mut_docking_v2/C195S/C195S_holo.pdbqt
Ligand: /Users/ario/conserved_site_project/05b_ligand_v2/dump.pdbqt
Grid center: X 3.466 Y 4.741 Z 7.778
Grid size  : X 18 Y 18 Z 18
Grid space : 0.375
Exhaustiveness: 32
CPU: 4
Verbosity: 1

Computing Vina grid ... done.
Performing docking (random seed: 42) ... 
0%   10   20   30   40   50   60   70   80   90   100%
|----|----|----|----|----|----|----|----|----|----|
***************************************************

mode |   affinity | dist from best mode
     | (kcal/mol) | rmsd l.b.| rmsd u.b.
-----+------------+----------+----------
   1           -8          0          0
   2       -5.966      2.192       3.38
   3       -3.601      1.637      2.055
   4       -3.559      2.707      6.109
   5       -3.067      2.935      4.683
   6       -2.051      3.905      6.669
   7      -0.9128      2.756      4.838
   8      -0.8539      2.915      5.769
   9      -0.3518      2.417      3.947
  10      -0.2881      3.845      7.414
  11      -0.2779      2.686       6.23
  12      -0.2629      2.888      4.893
  13        1.303      4.369      8.312
  14        1.412      2.674      6.032
  15        1.594      2.972       6.53
  16        1.665      3.079       6.64
  17        2.325      2.439      4.098
  18        2.834      2.677      4.207
  19        3.114      5.808      8.913
  20        12.83      1.312      1.837

STDERR
