STDOUT
AutoDock Vina v1.2.7
#################################################################
# If you used AutoDock Vina in your work, please cite:          #
#                                                               #
# J. Eberhardt, D. Santos-Martins, A. F. Tillack, and S. Forli  #
# AutoDock Vina 1.2.0: New Docking Methods, Expanded Force      #
# Field, and Python Bindings, J. Chem. Inf. Model. (2021)       #
# DOI 10.1021/acs.jcim.1c00203                                  #
#                                                               #
# O. Trott, A. J. Olson,                                        #
# AutoDock Vina: improving the speed and accuracy of docking    #
# with a new scoring function, efficient optimization and       #
# multithreading, J. Comp. Chem. (2010)                         #
# DOI 10.1002/jcc.21334                                         #
#                                                               #
# Please see https://github.com/ccsb-scripps/AutoDock-Vina for  #
# more information.                                             #
#################################################################

Scoring function : vina
Rigid receptor: /Users/ario/conserved_site_project/07b_mut_docking_v2/C195S/C195S_apo.pdbqt
Ligand: /Users/ario/conserved_site_project/05b_ligand_v2/dump.pdbqt
Grid center: X 3.466 Y 4.741 Z 7.778
Grid size  : X 18 Y 18 Z 18
Grid space : 0.375
Exhaustiveness: 32
CPU: 4
Verbosity: 1

Computing Vina grid ... done.
Performing docking (random seed: 42) ... 
0%   10   20   30   40   50   60   70   80   90   100%
|----|----|----|----|----|----|----|----|----|----|
***************************************************

mode |   affinity | dist from best mode
     | (kcal/mol) | rmsd l.b.| rmsd u.b.
-----+------------+----------+----------
   1       -7.853          0          0
   2       -7.578      3.734      7.165
   3       -7.473      1.915       2.87
   4       -7.297      2.825      6.173
   5       -7.247      1.965      2.785
   6       -7.223       3.62      6.707
   7       -7.087      3.488      6.442
   8       -6.927      3.329      6.241
   9       -6.683      2.539      3.943
  10       -6.609      3.181       4.51
  11       -6.433      2.349      3.713
  12       -6.394      1.798      2.397
  13        -6.37      3.298      6.506
  14       -6.089      3.652      6.157
  15       -5.825      4.115      7.121
  16       -5.628      4.446      6.196
  17       -5.378      3.494      6.277
  18       -5.343      3.735      5.358
  19       -5.192      3.713      6.798

STDERR
