STDOUT
AutoDock Vina v1.2.7
#################################################################
# If you used AutoDock Vina in your work, please cite:          #
#                                                               #
# J. Eberhardt, D. Santos-Martins, A. F. Tillack, and S. Forli  #
# AutoDock Vina 1.2.0: New Docking Methods, Expanded Force      #
# Field, and Python Bindings, J. Chem. Inf. Model. (2021)       #
# DOI 10.1021/acs.jcim.1c00203                                  #
#                                                               #
# O. Trott, A. J. Olson,                                        #
# AutoDock Vina: improving the speed and accuracy of docking    #
# with a new scoring function, efficient optimization and       #
# multithreading, J. Comp. Chem. (2010)                         #
# DOI 10.1002/jcc.21334                                         #
#                                                               #
# Please see https://github.com/ccsb-scripps/AutoDock-Vina for  #
# more information.                                             #
#################################################################

Scoring function : vina
Rigid receptor: /Users/ario/conserved_site_project/07b_mut_docking_v2/R175E/R175E_apo.pdbqt
Ligand: /Users/ario/conserved_site_project/05b_ligand_v2/dump.pdbqt
Grid center: X 3.466 Y 4.741 Z 7.778
Grid size  : X 18 Y 18 Z 18
Grid space : 0.375
Exhaustiveness: 32
CPU: 4
Verbosity: 1

Computing Vina grid ... done.
Performing docking (random seed: 42) ... 
0%   10   20   30   40   50   60   70   80   90   100%
|----|----|----|----|----|----|----|----|----|----|
***************************************************

mode |   affinity | dist from best mode
     | (kcal/mol) | rmsd l.b.| rmsd u.b.
-----+------------+----------+----------
   1       -7.101          0          0
   2       -6.922      3.209      6.056
   3       -6.919      3.565      6.768
   4       -6.899      3.314      6.703
   5       -6.465      3.258      6.422
   6       -6.143      3.134      6.577
   7       -6.109      2.374      3.405
   8       -5.701      3.019      4.792
   9       -5.691      3.448      5.474
  10        -5.21      3.008       4.39
  11       -5.164      3.215       6.63
  12       -4.683      3.034      6.242
  13       -4.557      3.118      6.655
  14       -4.475      2.776      4.178
  15       -4.468      2.904      4.221
  16       -4.324      4.858       6.91
  17       -4.237      3.263      6.352
  18       -3.966      2.077      2.836
  19        22.67      1.953      2.565

STDERR
