STDOUT
AutoDock Vina v1.2.7
#################################################################
# If you used AutoDock Vina in your work, please cite:          #
#                                                               #
# J. Eberhardt, D. Santos-Martins, A. F. Tillack, and S. Forli  #
# AutoDock Vina 1.2.0: New Docking Methods, Expanded Force      #
# Field, and Python Bindings, J. Chem. Inf. Model. (2021)       #
# DOI 10.1021/acs.jcim.1c00203                                  #
#                                                               #
# O. Trott, A. J. Olson,                                        #
# AutoDock Vina: improving the speed and accuracy of docking    #
# with a new scoring function, efficient optimization and       #
# multithreading, J. Comp. Chem. (2010)                         #
# DOI 10.1002/jcc.21334                                         #
#                                                               #
# Please see https://github.com/ccsb-scripps/AutoDock-Vina for  #
# more information.                                             #
#################################################################

Scoring function : vina
Rigid receptor: /Users/ario/conserved_site_project/07b_mut_docking_v2/R175E/R175E_holo.pdbqt
Ligand: /Users/ario/conserved_site_project/05b_ligand_v2/dump.pdbqt
Grid center: X 3.466 Y 4.741 Z 7.778
Grid size  : X 18 Y 18 Z 18
Grid space : 0.375
Exhaustiveness: 32
CPU: 4
Verbosity: 1

Computing Vina grid ... done.
Performing docking (random seed: 42) ... 
0%   10   20   30   40   50   60   70   80   90   100%
|----|----|----|----|----|----|----|----|----|----|
***************************************************

mode |   affinity | dist from best mode
     | (kcal/mol) | rmsd l.b.| rmsd u.b.
-----+------------+----------+----------
   1       -6.364          0          0
   2       -4.118      1.236      1.741
   3       -3.315        2.4      3.868
   4       -1.167      2.743      6.179
   5      -0.8932      2.985      4.803
   6       0.9688      3.925      6.665
   7        1.233      3.259      6.043
   8        1.275      2.519      4.014
   9        1.453      2.156      3.459
  10        2.624       3.04      6.921
  11        3.449       3.88      7.438
  12        3.548      5.278      8.451
  13        3.999      3.256      6.175
  14        4.315      5.924      9.035
  15        4.426      4.807      6.906
  16        5.234      4.591      6.585
  17        5.399        4.7      8.605
  18        6.383      4.005      6.072
  19        6.957      5.269          7
  20        7.579      2.846      6.384

STDERR
