STDOUT
AutoDock Vina v1.2.7
#################################################################
# If you used AutoDock Vina in your work, please cite:          #
#                                                               #
# J. Eberhardt, D. Santos-Martins, A. F. Tillack, and S. Forli  #
# AutoDock Vina 1.2.0: New Docking Methods, Expanded Force      #
# Field, and Python Bindings, J. Chem. Inf. Model. (2021)       #
# DOI 10.1021/acs.jcim.1c00203                                  #
#                                                               #
# O. Trott, A. J. Olson,                                        #
# AutoDock Vina: improving the speed and accuracy of docking    #
# with a new scoring function, efficient optimization and       #
# multithreading, J. Comp. Chem. (2010)                         #
# DOI 10.1002/jcc.21334                                         #
#                                                               #
# Please see https://github.com/ccsb-scripps/AutoDock-Vina for  #
# more information.                                             #
#################################################################

Scoring function : vina
Rigid receptor: /Users/ario/conserved_site_project/07b_mut_docking_v2/W109A/W109A_apo.pdbqt
Ligand: /Users/ario/conserved_site_project/05b_ligand_v2/dump.pdbqt
Grid center: X 3.466 Y 4.741 Z 7.778
Grid size  : X 18 Y 18 Z 18
Grid space : 0.375
Exhaustiveness: 32
CPU: 4
Verbosity: 1

Computing Vina grid ... done.
Performing docking (random seed: 42) ... 
0%   10   20   30   40   50   60   70   80   90   100%
|----|----|----|----|----|----|----|----|----|----|
***************************************************

mode |   affinity | dist from best mode
     | (kcal/mol) | rmsd l.b.| rmsd u.b.
-----+------------+----------+----------
   1       -7.853          0          0
   2       -7.461       3.06      6.163
   3       -7.332      1.168      1.671
   4       -7.233      3.069      6.645
   5       -7.126      4.392      6.249
   6       -6.977      3.537      5.356
   7       -6.916      3.197      6.452
   8       -6.875      4.097       6.28
   9       -6.867       2.73       3.82
  10       -6.815      3.526      6.736
  11       -6.494      3.055      6.096
  12        -6.48      2.736      4.196
  13       -6.474      3.362       5.59
  14       -6.471      3.037      6.921
  15       -6.196      3.294      5.012
  16       -6.184      3.413      5.252
  17        -6.09      3.278      5.286
  18       -5.984      2.725      4.101
  19       -5.815       2.74      3.738
  20        12.62       3.33        6.6

STDERR
