STDOUT
AutoDock Vina v1.2.7
#################################################################
# If you used AutoDock Vina in your work, please cite:          #
#                                                               #
# J. Eberhardt, D. Santos-Martins, A. F. Tillack, and S. Forli  #
# AutoDock Vina 1.2.0: New Docking Methods, Expanded Force      #
# Field, and Python Bindings, J. Chem. Inf. Model. (2021)       #
# DOI 10.1021/acs.jcim.1c00203                                  #
#                                                               #
# O. Trott, A. J. Olson,                                        #
# AutoDock Vina: improving the speed and accuracy of docking    #
# with a new scoring function, efficient optimization and       #
# multithreading, J. Comp. Chem. (2010)                         #
# DOI 10.1002/jcc.21334                                         #
#                                                               #
# Please see https://github.com/ccsb-scripps/AutoDock-Vina for  #
# more information.                                             #
#################################################################

Scoring function : vina
Rigid receptor: /Users/ario/conserved_site_project/07b_mut_docking_v2/W109A/W109A_holo.pdbqt
Ligand: /Users/ario/conserved_site_project/05b_ligand_v2/dump.pdbqt
Grid center: X 3.466 Y 4.741 Z 7.778
Grid size  : X 18 Y 18 Z 18
Grid space : 0.375
Exhaustiveness: 32
CPU: 4
Verbosity: 1

Computing Vina grid ... done.
Performing docking (random seed: 42) ... 
0%   10   20   30   40   50   60   70   80   90   100%
|----|----|----|----|----|----|----|----|----|----|
***************************************************

mode |   affinity | dist from best mode
     | (kcal/mol) | rmsd l.b.| rmsd u.b.
-----+------------+----------+----------
   1       -6.189          0          0
   2       -4.983      5.651      8.129
   3        -4.53      2.569      4.393
   4        -4.16      6.869      8.894
   5       -4.031      6.329      9.107
   6        -3.82      3.607      5.624
   7       -3.553      4.189      6.567
   8       -3.326      5.852       8.73
   9       -3.255      1.265      1.761
  10       -2.632       5.45      7.933
  11       -2.622      2.719      6.152
  12        -2.16      3.402      6.806
  13        -2.03      6.276       8.77
  14       -1.941      4.283      7.835
  15       -1.833       5.75      8.801
  16       -1.634      6.589      9.042
  17       -1.296       4.99       8.15
  18      -0.2897      7.337      9.238
  19      0.01359      4.762      8.617
  20        6.613      5.136      8.306

STDERR
