STDOUT
AutoDock Vina v1.2.7
#################################################################
# If you used AutoDock Vina in your work, please cite:          #
#                                                               #
# J. Eberhardt, D. Santos-Martins, A. F. Tillack, and S. Forli  #
# AutoDock Vina 1.2.0: New Docking Methods, Expanded Force      #
# Field, and Python Bindings, J. Chem. Inf. Model. (2021)       #
# DOI 10.1021/acs.jcim.1c00203                                  #
#                                                               #
# O. Trott, A. J. Olson,                                        #
# AutoDock Vina: improving the speed and accuracy of docking    #
# with a new scoring function, efficient optimization and       #
# multithreading, J. Comp. Chem. (2010)                         #
# DOI 10.1002/jcc.21334                                         #
#                                                               #
# Please see https://github.com/ccsb-scripps/AutoDock-Vina for  #
# more information.                                             #
#################################################################

Scoring function : vina
Rigid receptor: /Users/ario/conserved_site_project/07e_mut_docking_v5/R175A/R175A_holo.pdbqt
Ligand: /Users/ario/conserved_site_project/05b_ligand_v2/dump.pdbqt
Grid center: X -0.137 Y 4.232 Z 15.159
Grid size  : X 22 Y 22 Z 22
Grid space : 0.375
Exhaustiveness: 32
CPU: 4
Verbosity: 1

Computing Vina grid ... done.
Performing docking (random seed: 42) ... 
0%   10   20   30   40   50   60   70   80   90   100%
|----|----|----|----|----|----|----|----|----|----|
***************************************************

mode |   affinity | dist from best mode
     | (kcal/mol) | rmsd l.b.| rmsd u.b.
-----+------------+----------+----------
   1       -8.186          0          0
   2       -5.916       1.35      1.804
   3       -4.916      11.16      13.18
   4       -4.853      11.72      12.95
   5       -4.646      12.02      13.01
   6       -4.633      2.789      6.206
   7       -4.592      11.28      13.12
   8       -4.384      10.89      12.94
   9       -4.382      12.17      13.59
  10       -4.144      12.02      13.52
  11       -4.056      10.13      12.84
  12       -3.974      12.28      13.44
  13        -3.96      12.01      13.59
  14       -3.879       2.25      3.647
  15       -3.748       11.5      12.82
  16       -3.619      10.85       12.7
  17       -3.587      11.92      13.55
  18       -3.294      12.26      13.91
  19       -3.199      12.08      13.03
  20        11.85      12.58      14.28

STDERR
