STDOUT
AutoDock Vina v1.2.7
#################################################################
# If you used AutoDock Vina in your work, please cite:          #
#                                                               #
# J. Eberhardt, D. Santos-Martins, A. F. Tillack, and S. Forli  #
# AutoDock Vina 1.2.0: New Docking Methods, Expanded Force      #
# Field, and Python Bindings, J. Chem. Inf. Model. (2021)       #
# DOI 10.1021/acs.jcim.1c00203                                  #
#                                                               #
# O. Trott, A. J. Olson,                                        #
# AutoDock Vina: improving the speed and accuracy of docking    #
# with a new scoring function, efficient optimization and       #
# multithreading, J. Comp. Chem. (2010)                         #
# DOI 10.1002/jcc.21334                                         #
#                                                               #
# Please see https://github.com/ccsb-scripps/AutoDock-Vina for  #
# more information.                                             #
#################################################################

Scoring function : vina
Rigid receptor: /Users/ario/conserved_site_project/07d_mut_docking_v4/C195S_H196N/C195S_H196N_holo.pdbqt
Ligand: /Users/ario/conserved_site_project/05b_ligand_v2/dump.pdbqt
Grid center: X -0.137 Y 4.232 Z 15.159
Grid size  : X 22 Y 22 Z 22
Grid space : 0.375
Exhaustiveness: 32
CPU: 4
Verbosity: 1

Computing Vina grid ... done.
Performing docking (random seed: 42) ... 
0%   10   20   30   40   50   60   70   80   90   100%
|----|----|----|----|----|----|----|----|----|----|
***************************************************

mode |   affinity | dist from best mode
     | (kcal/mol) | rmsd l.b.| rmsd u.b.
-----+------------+----------+----------
   1       -6.282          0          0
   2       -5.651      1.077      1.647
   3       -4.756      11.09      13.41
   4       -4.596      12.96      14.32
   5        -4.56      13.18      14.46
   6       -4.559      7.766      10.33
   7       -4.554      11.95       13.6
   8       -4.462       11.2      13.58
   9       -4.399       3.86      6.584
  10       -4.262      11.41      13.42
  11       -4.216      12.76      13.86
  12       -4.201      2.805      6.677
  13       -4.009       10.7      12.66
  14       -3.977      12.45      13.53
  15       -3.963      11.18      13.57
  16        -3.92      13.07      14.41
  17       -3.645      8.757      11.34
  18       -3.513       2.53      5.383
  19       -3.402      3.468      6.439
  20        -3.18      12.48      14.18

STDERR
