STDOUT
AutoDock Vina v1.2.7
#################################################################
# If you used AutoDock Vina in your work, please cite:          #
#                                                               #
# J. Eberhardt, D. Santos-Martins, A. F. Tillack, and S. Forli  #
# AutoDock Vina 1.2.0: New Docking Methods, Expanded Force      #
# Field, and Python Bindings, J. Chem. Inf. Model. (2021)       #
# DOI 10.1021/acs.jcim.1c00203                                  #
#                                                               #
# O. Trott, A. J. Olson,                                        #
# AutoDock Vina: improving the speed and accuracy of docking    #
# with a new scoring function, efficient optimization and       #
# multithreading, J. Comp. Chem. (2010)                         #
# DOI 10.1002/jcc.21334                                         #
#                                                               #
# Please see https://github.com/ccsb-scripps/AutoDock-Vina for  #
# more information.                                             #
#################################################################

Scoring function : vina
Rigid receptor: /Users/ario/conserved_site_project/07b_mut_docking_v2/Q214A/Q214A_apo.pdbqt
Ligand: /Users/ario/conserved_site_project/05b_ligand_v2/dump.pdbqt
Grid center: X 3.466 Y 4.741 Z 7.778
Grid size  : X 18 Y 18 Z 18
Grid space : 0.375
Exhaustiveness: 32
CPU: 4
Verbosity: 1

Computing Vina grid ... done.
Performing docking (random seed: 42) ... 
0%   10   20   30   40   50   60   70   80   90   100%
|----|----|----|----|----|----|----|----|----|----|
***************************************************

mode |   affinity | dist from best mode
     | (kcal/mol) | rmsd l.b.| rmsd u.b.
-----+------------+----------+----------
   1       -6.668          0          0
   2        -6.61      1.642      2.665
   3        -6.44      3.043      6.478
   4       -6.114       2.96      6.265
   5       -5.735      3.198      6.626
   6       -5.558      2.195      4.117
   7       -5.434      2.631      4.834
   8       -5.412      2.619       3.79
   9        -5.19      3.083      6.722
  10       -4.913      2.824      4.648
  11       -4.756      2.706       6.31
  12       -4.579      1.868      2.414
  13       -4.486      3.197       6.85
  14       -4.456      3.019      6.227
  15       -4.325      2.567      3.958
  16       -4.248       2.12      3.287
  17       -4.072      4.601      7.197
  18       -3.873      2.711      4.395
  19        8.267      2.193      3.826
  20        86.11      3.375      6.471

STDERR
