STDOUT
AutoDock Vina v1.2.7
#################################################################
# If you used AutoDock Vina in your work, please cite:          #
#                                                               #
# J. Eberhardt, D. Santos-Martins, A. F. Tillack, and S. Forli  #
# AutoDock Vina 1.2.0: New Docking Methods, Expanded Force      #
# Field, and Python Bindings, J. Chem. Inf. Model. (2021)       #
# DOI 10.1021/acs.jcim.1c00203                                  #
#                                                               #
# O. Trott, A. J. Olson,                                        #
# AutoDock Vina: improving the speed and accuracy of docking    #
# with a new scoring function, efficient optimization and       #
# multithreading, J. Comp. Chem. (2010)                         #
# DOI 10.1002/jcc.21334                                         #
#                                                               #
# Please see https://github.com/ccsb-scripps/AutoDock-Vina for  #
# more information.                                             #
#################################################################

Scoring function : vina
Rigid receptor: /Users/ario/conserved_site_project/07b_mut_docking_v2/Q214A/Q214A_holo.pdbqt
Ligand: /Users/ario/conserved_site_project/05b_ligand_v2/dump.pdbqt
Grid center: X 3.466 Y 4.741 Z 7.778
Grid size  : X 18 Y 18 Z 18
Grid space : 0.375
Exhaustiveness: 32
CPU: 4
Verbosity: 1

Computing Vina grid ... done.
Performing docking (random seed: 42) ... 
0%   10   20   30   40   50   60   70   80   90   100%
|----|----|----|----|----|----|----|----|----|----|
***************************************************

mode |   affinity | dist from best mode
     | (kcal/mol) | rmsd l.b.| rmsd u.b.
-----+------------+----------+----------
   1       -6.354          0          0
   2       -2.329      3.069      6.544
   3       -2.314      1.249      1.727
   4       -1.617      2.721      6.157
   5      -0.6846      3.033      4.858
   6       0.5879      2.509      4.202
   7       0.8152      3.403      6.188
   8        1.724      2.634      4.609
   9        1.919      2.826      6.466
  10        2.656      3.112       7.04
  11        2.716      4.439      6.245
  12        3.214      4.342      6.935
  13        3.421      2.714      6.231
  14        3.614      3.895      7.438
  15        3.798      5.306      8.449
  16          4.3      4.834       6.97
  17        4.417       5.95       9.04
  18        4.457      4.002       6.05
  19        7.026       2.42      3.958

STDERR
