STDOUT
AutoDock Vina v1.2.7
#################################################################
# If you used AutoDock Vina in your work, please cite:          #
#                                                               #
# J. Eberhardt, D. Santos-Martins, A. F. Tillack, and S. Forli  #
# AutoDock Vina 1.2.0: New Docking Methods, Expanded Force      #
# Field, and Python Bindings, J. Chem. Inf. Model. (2021)       #
# DOI 10.1021/acs.jcim.1c00203                                  #
#                                                               #
# O. Trott, A. J. Olson,                                        #
# AutoDock Vina: improving the speed and accuracy of docking    #
# with a new scoring function, efficient optimization and       #
# multithreading, J. Comp. Chem. (2010)                         #
# DOI 10.1002/jcc.21334                                         #
#                                                               #
# Please see https://github.com/ccsb-scripps/AutoDock-Vina for  #
# more information.                                             #
#################################################################

Scoring function : vina
Rigid receptor: /Users/ario/conserved_site_project/07c_mut_docking_v3/Q214A/Q214A_holo.pdbqt
Ligand: /Users/ario/conserved_site_project/05b_ligand_v2/dump.pdbqt
Grid center: X -0.137 Y 4.232 Z 15.159
Grid size  : X 22 Y 22 Z 22
Grid space : 0.375
Exhaustiveness: 32
CPU: 4
Verbosity: 1

Computing Vina grid ... done.
Performing docking (random seed: 42) ... 
0%   10   20   30   40   50   60   70   80   90   100%
|----|----|----|----|----|----|----|----|----|----|
***************************************************

mode |   affinity | dist from best mode
     | (kcal/mol) | rmsd l.b.| rmsd u.b.
-----+------------+----------+----------
   1       -8.257          0          0
   2       -5.844       1.34      1.781
   3       -4.883      11.71      12.96
   4       -4.833      10.08      12.28
   5       -4.725      2.257      3.745
   6       -4.656      12.02      13.04
   7        -4.61      11.33      13.17
   8       -4.557      7.428      10.54
   9       -4.529      2.806      6.215
  10       -4.365      10.22      12.47
  11       -4.318      10.25      12.71
  12       -4.248         12      13.52
  13       -4.234      12.27      13.68
  14       -4.212      11.11       13.7
  15         -4.1      10.32      12.95
  16       -4.032      11.93      13.15
  17       -3.994      10.02      12.73
  18        -3.99      12.28      13.47
  19       -3.925      12.01      13.61
  20       -3.878       12.9      14.31

STDERR
