STDOUT
AutoDock Vina v1.2.7
#################################################################
# If you used AutoDock Vina in your work, please cite:          #
#                                                               #
# J. Eberhardt, D. Santos-Martins, A. F. Tillack, and S. Forli  #
# AutoDock Vina 1.2.0: New Docking Methods, Expanded Force      #
# Field, and Python Bindings, J. Chem. Inf. Model. (2021)       #
# DOI 10.1021/acs.jcim.1c00203                                  #
#                                                               #
# O. Trott, A. J. Olson,                                        #
# AutoDock Vina: improving the speed and accuracy of docking    #
# with a new scoring function, efficient optimization and       #
# multithreading, J. Comp. Chem. (2010)                         #
# DOI 10.1002/jcc.21334                                         #
#                                                               #
# Please see https://github.com/ccsb-scripps/AutoDock-Vina for  #
# more information.                                             #
#################################################################

Scoring function : vina
Rigid receptor: /Users/ario/conserved_site_project/07e_mut_docking_v5/C195A/C195A_holo.pdbqt
Ligand: /Users/ario/conserved_site_project/05b_ligand_v2/dump.pdbqt
Grid center: X -0.137 Y 4.232 Z 15.159
Grid size  : X 22 Y 22 Z 22
Grid space : 0.375
Exhaustiveness: 32
CPU: 4
Verbosity: 1

Computing Vina grid ... done.
Performing docking (random seed: 42) ... 
0%   10   20   30   40   50   60   70   80   90   100%
|----|----|----|----|----|----|----|----|----|----|
***************************************************

mode |   affinity | dist from best mode
     | (kcal/mol) | rmsd l.b.| rmsd u.b.
-----+------------+----------+----------
   1       -10.49          0          0
   2       -8.617      1.398      2.053
   3       -7.228      2.791      3.543
   4       -6.968      1.425      2.226
   5       -6.776      2.246      3.686
   6       -6.759       2.65      6.236
   7       -5.429      2.734      4.871
   8       -4.505      11.86      12.86
   9       -4.483      11.18      13.05
  10       -4.388       11.7      13.33
  11       -4.342      3.064      6.248
  12       -4.238       10.1       12.3
  13       -4.228      2.435        3.9
  14       -4.055      2.423      5.611
  15       -4.017      2.448      3.283
  16       -3.981      9.921       12.5
  17       -3.878      11.12       12.4
  18       -3.654      12.08      13.14
  19        -3.52      11.05      13.03
  20        -3.37      10.98      12.76

STDERR
