STDOUT
AutoDock Vina v1.2.7
#################################################################
# If you used AutoDock Vina in your work, please cite:          #
#                                                               #
# J. Eberhardt, D. Santos-Martins, A. F. Tillack, and S. Forli  #
# AutoDock Vina 1.2.0: New Docking Methods, Expanded Force      #
# Field, and Python Bindings, J. Chem. Inf. Model. (2021)       #
# DOI 10.1021/acs.jcim.1c00203                                  #
#                                                               #
# O. Trott, A. J. Olson,                                        #
# AutoDock Vina: improving the speed and accuracy of docking    #
# with a new scoring function, efficient optimization and       #
# multithreading, J. Comp. Chem. (2010)                         #
# DOI 10.1002/jcc.21334                                         #
#                                                               #
# Please see https://github.com/ccsb-scripps/AutoDock-Vina for  #
# more information.                                             #
#################################################################

Scoring function : vina
Rigid receptor: /Users/ario/conserved_site_project/07c_mut_docking_v3/C195S_H196N/C195S_H196N_holo.pdbqt
Ligand: /Users/ario/conserved_site_project/05b_ligand_v2/dump.pdbqt
Grid center: X -0.137 Y 4.232 Z 15.159
Grid size  : X 22 Y 22 Z 22
Grid space : 0.375
Exhaustiveness: 32
CPU: 4
Verbosity: 1

Computing Vina grid ... done.
Performing docking (random seed: 42) ... 
0%   10   20   30   40   50   60   70   80   90   100%
|----|----|----|----|----|----|----|----|----|----|
***************************************************

mode |   affinity | dist from best mode
     | (kcal/mol) | rmsd l.b.| rmsd u.b.
-----+------------+----------+----------
   1       -9.842          0          0
   2       -7.655      1.395      2.174
   3       -7.039      1.808      2.507
   4        -6.91      1.303       1.68
   5       -6.576      2.779      3.534
   6       -6.518      1.919      2.744
   7        -6.47      2.829      6.614
   8       -5.776      2.775      4.829
   9       -4.967      1.765       2.89
  10       -4.749      2.205      3.408
  11        -4.72      11.62      12.88
  12       -4.507      11.92      12.92
  13       -4.459      11.24       13.1
  14       -4.435      3.956      7.475
  15       -4.307      11.72      13.43
  16       -4.107      11.88      13.42
  17       -4.079      12.58      14.09
  18       -4.018      11.06      13.05
  19       -3.973      12.04      13.04
  20        15.78      9.998      12.17

STDERR
