STDOUT
AutoDock Vina v1.2.7
#################################################################
# If you used AutoDock Vina in your work, please cite:          #
#                                                               #
# J. Eberhardt, D. Santos-Martins, A. F. Tillack, and S. Forli  #
# AutoDock Vina 1.2.0: New Docking Methods, Expanded Force      #
# Field, and Python Bindings, J. Chem. Inf. Model. (2021)       #
# DOI 10.1021/acs.jcim.1c00203                                  #
#                                                               #
# O. Trott, A. J. Olson,                                        #
# AutoDock Vina: improving the speed and accuracy of docking    #
# with a new scoring function, efficient optimization and       #
# multithreading, J. Comp. Chem. (2010)                         #
# DOI 10.1002/jcc.21334                                         #
#                                                               #
# Please see https://github.com/ccsb-scripps/AutoDock-Vina for  #
# more information.                                             #
#################################################################

Scoring function : vina
Rigid receptor: /Users/ario/conserved_site_project/07d_mut_docking_v4/R215A_N226A/R215A_N226A_holo.pdbqt
Ligand: /Users/ario/conserved_site_project/05b_ligand_v2/dump.pdbqt
Grid center: X -0.137 Y 4.232 Z 15.159
Grid size  : X 22 Y 22 Z 22
Grid space : 0.375
Exhaustiveness: 32
CPU: 4
Verbosity: 1

Computing Vina grid ... done.
Performing docking (random seed: 42) ... 
0%   10   20   30   40   50   60   70   80   90   100%
|----|----|----|----|----|----|----|----|----|----|
***************************************************

mode |   affinity | dist from best mode
     | (kcal/mol) | rmsd l.b.| rmsd u.b.
-----+------------+----------+----------
   1       -6.458          0          0
   2       -4.377      10.12      12.31
   3       -4.318      10.43       11.5
   4       -4.279      9.752      11.47
   5       -4.196      10.42       11.9
   6       -3.976      3.565      5.414
   7       -3.975      10.52      12.01
   8       -3.946      8.195      10.63
   9       -3.838       9.61      11.07
  10       -3.748       9.52      11.56
  11       -3.734      10.99      12.14
  12       -3.707      10.08      11.37
  13       -3.603      10.45      12.81
  14       -3.562      3.388       7.06
  15       -3.425      10.41      12.59
  16       -3.212      10.02      11.04
  17       -3.206      10.82      11.82
  18       -3.014      10.78      12.86
  19      -0.4428      10.21      11.31
  20        2.997      10.82      12.04

STDERR
